<?xml version="1.0" encoding="UTF-8"?>
<testsuite xmlns:xsi="http://www.w3.org/2001/XMLSchema-instance" xsi:noNamespaceSchemaLocation="https://maven.apache.org/surefire/maven-surefire-plugin/xsd/surefire-test-report-3.0.xsd" version="3.0" name="TestSuite" time="3166.198" tests="1" errors="0" skipped="0" failures="0">
  <properties>
[...]
</properties>
  <testcase name="testScrapeCourseRatings" classname="testcases.IdentifyCoursesTest" time="3144.016">
    <system-err><![CDATA[[main] INFO base.BasePage - Config loaded successfully
[main] INFO org.testng.internal.Utils - [Utils] MethodGroupsHelper.collectMethodsByGroup() took 0 ms.
[main] INFO org.testng.internal.Utils - [Utils] MethodGroupsHelper.sortMethods() took 0 ms.
[main] INFO org.testng.internal.Utils - [Utils] MethodGroupsHelper.collectMethodsByGroup() took 0 ms.
[main] INFO org.testng.internal.Utils - [Utils] MethodGroupsHelper.sortMethods() took 0 ms.
[main] INFO org.testng.internal.Utils - [Utils] MethodGroupsHelper.collectMethodsByGroup() took 0 ms.
[main] INFO org.testng.internal.Utils - [Utils] MethodGroupsHelper.sortMethods() took 0 ms.
[main] INFO org.testng.internal.Utils - [Utils] MethodGroupsHelper.collectMethodsByGroup() took 0 ms.
[main] INFO org.testng.internal.Utils - [Utils] MethodGroupsHelper.sortMethods() took 0 ms.
[main] INFO org.testng.internal.Utils - [Utils] MethodGroupsHelper.collectMethodsByGroup() took 0 ms.
[main] INFO org.testng.internal.Utils - [Utils] MethodGroupsHelper.sortMethods() took 0 ms.
[main] INFO org.testng.internal.Utils - [Utils] MethodGroupsHelper.collectMethodsByGroup() took 0 ms.
[main] INFO org.testng.internal.Utils - [Utils] MethodGroupsHelper.sortMethods() took 0 ms.
[main] INFO org.testng.internal.Utils - [Utils] MethodGroupsHelper.collectMethodsByGroup() took 0 ms.
[main] INFO org.testng.internal.Utils - [Utils] MethodGroupsHelper.sortMethods() took 0 ms.
[main] INFO org.testng.internal.Utils - [Utils] MethodGroupsHelper.collectMethodsByGroup() took 0 ms.
[main] INFO org.testng.internal.Utils - [Utils] MethodGroupsHelper.sortMethods() took 0 ms.
[main] INFO org.testng.internal.Utils - [Utils] MethodGroupsHelper.collectMethodsByGroup() took 1 ms.
[main] INFO org.testng.internal.Utils - [Utils] MethodGroupsHelper.sortMethods() took 4 ms.
[main] INFO org.testng.internal.Utils - [Utils] MethodGroupsHelper.collectMethodsByGroup() took 0 ms.
[main] INFO org.testng.internal.Utils - [Utils] MethodGroupsHelper.sortMethods() took 0 ms.
[main] INFO org.testng.internal.Utils - [Utils] MethodGroupsHelper.collectMethodsByGroup() took 0 ms.
[main] INFO org.testng.internal.Utils - [Utils] MethodGroupsHelper.sortMethods() took 0 ms.
[main] INFO org.testng.internal.Utils - [Utils] MethodGroupsHelper.collectMethodsByGroup() took 0 ms.
[main] INFO org.testng.internal.Utils - [Utils] MethodGroupsHelper.sortMethods() took 0 ms.
[main] INFO org.testng.internal.Utils - [Utils] MethodGroupsHelper.collectMethodsByGroup() took 0 ms.
[main] INFO org.testng.internal.Utils - [Utils] MethodGroupsHelper.sortMethods() took 0 ms.
[main] INFO org.testng.internal.Utils - [Utils] MethodGroupsHelper.collectMethodsByGroup() took 0 ms.
[main] INFO org.testng.internal.Utils - [Utils] MethodGroupsHelper.sortMethods() took 0 ms.
[main] INFO org.testng.internal.Utils - [Utils] MethodGroupsHelper.collectMethodsByGroup() took 0 ms.
[main] INFO org.testng.internal.Utils - [Utils] MethodGroupsHelper.sortMethods() took 0 ms.
[main] INFO org.testng.internal.Utils - [Utils] DynamicGraphHelper.createDynamicGraph() took 1 ms.
[main] INFO testcases.IdentifyCoursesTest - ========== TEST SETUP START ==========
[main] INFO base.BasePage - Initializing browser: chrome, headless: true
[main] INFO io.github.bonigarcia.wdm.WebDriverManager - Using chromedriver 147.0.7727.56 (resolved driver for Chrome 147)
[main] INFO io.github.bonigarcia.wdm.WebDriverManager - Exporting webdriver.chrome.driver as /Users/skillup281/.cache/selenium/chromedriver/mac-arm64/147.0.7727.56/chromedriver
Apr 14, 2026 9:08:36 AM org.openqa.selenium.devtools.CdpVersionFinder findNearestMatch
WARNING: Unable to find CDP implementation matching 147
Apr 14, 2026 9:08:36 AM org.openqa.selenium.chromium.ChromiumDriver lambda$new$5
WARNING: Unable to find version of CDP to use for 147.0.7727.56. You may need to include a dependency on a specific version of the CDP using something similar to `org.seleniumhq.selenium:selenium-devtools-v86:4.26.0` where the version ("v86") matches the version of the chromium-based browser you're using and the version number of the artifact is the same as Selenium's.
[main] INFO base.BasePage - Navigating to URL: https://www.coursera.org
[main] INFO base.BasePage - Cookies loaded
[main] INFO base.BasePage - All pages initialized successfully
[main] INFO utils.CourseCache - Cache loaded from disk: 8 entries
[main] INFO config.AppConfig - Configuration loaded from classpath: config.properties
[main] INFO utils.WebDriverPool - Initializing WebDriver pool with 4 drivers
[main] INFO io.github.bonigarcia.wdm.WebDriverManager - Using chromedriver 147.0.7727.56 (resolved driver for Chrome 147)
[main] INFO io.github.bonigarcia.wdm.WebDriverManager - Exporting webdriver.chrome.driver as /Users/skillup281/.cache/selenium/chromedriver/mac-arm64/147.0.7727.56/chromedriver
Apr 14, 2026 9:08:51 AM org.openqa.selenium.devtools.CdpVersionFinder findNearestMatch
WARNING: Unable to find CDP implementation matching 147
Apr 14, 2026 9:08:51 AM org.openqa.selenium.chromium.ChromiumDriver lambda$new$5
WARNING: Unable to find version of CDP to use for 147.0.7727.56. You may need to include a dependency on a specific version of the CDP using something similar to `org.seleniumhq.selenium:selenium-devtools-v86:4.26.0` where the version ("v86") matches the version of the chromium-based browser you're using and the version number of the artifact is the same as Selenium's.
[main] INFO io.github.bonigarcia.wdm.WebDriverManager - Using chromedriver 147.0.7727.56 (resolved driver for Chrome 147)
[main] INFO io.github.bonigarcia.wdm.WebDriverManager - Exporting webdriver.chrome.driver as /Users/skillup281/.cache/selenium/chromedriver/mac-arm64/147.0.7727.56/chromedriver
Apr 14, 2026 9:08:51 AM org.openqa.selenium.devtools.CdpVersionFinder findNearestMatch
WARNING: Unable to find CDP implementation matching 147
Apr 14, 2026 9:08:51 AM org.openqa.selenium.chromium.ChromiumDriver lambda$new$5
WARNING: Unable to find version of CDP to use for 147.0.7727.56. You may need to include a dependency on a specific version of the CDP using something similar to `org.seleniumhq.selenium:selenium-devtools-v86:4.26.0` where the version ("v86") matches the version of the chromium-based browser you're using and the version number of the artifact is the same as Selenium's.
[main] INFO io.github.bonigarcia.wdm.WebDriverManager - Using chromedriver 147.0.7727.56 (resolved driver for Chrome 147)
[main] INFO io.github.bonigarcia.wdm.WebDriverManager - Exporting webdriver.chrome.driver as /Users/skillup281/.cache/selenium/chromedriver/mac-arm64/147.0.7727.56/chromedriver
Apr 14, 2026 9:08:52 AM org.openqa.selenium.devtools.CdpVersionFinder findNearestMatch
WARNING: Unable to find CDP implementation matching 147
Apr 14, 2026 9:08:52 AM org.openqa.selenium.chromium.ChromiumDriver lambda$new$5
WARNING: Unable to find version of CDP to use for 147.0.7727.56. You may need to include a dependency on a specific version of the CDP using something similar to `org.seleniumhq.selenium:selenium-devtools-v86:4.26.0` where the version ("v86") matches the version of the chromium-based browser you're using and the version number of the artifact is the same as Selenium's.
[main] INFO io.github.bonigarcia.wdm.WebDriverManager - Using chromedriver 147.0.7727.56 (resolved driver for Chrome 147)
[main] INFO io.github.bonigarcia.wdm.WebDriverManager - Exporting webdriver.chrome.driver as /Users/skillup281/.cache/selenium/chromedriver/mac-arm64/147.0.7727.56/chromedriver
Apr 14, 2026 9:08:53 AM org.openqa.selenium.devtools.CdpVersionFinder findNearestMatch
WARNING: Unable to find CDP implementation matching 147
Apr 14, 2026 9:08:53 AM org.openqa.selenium.chromium.ChromiumDriver lambda$new$5
WARNING: Unable to find version of CDP to use for 147.0.7727.56. You may need to include a dependency on a specific version of the CDP using something similar to `org.seleniumhq.selenium:selenium-devtools-v86:4.26.0` where the version ("v86") matches the version of the chromium-based browser you're using and the version number of the artifact is the same as Selenium's.
[main] INFO utils.WebDriverPool - WebDriver pool initialized successfully
[main] INFO testcases.IdentifyCoursesTest - Test setup completed successfully
[main] INFO testcases.IdentifyCoursesTest -   Configuration:
[main] INFO testcases.IdentifyCoursesTest -     - Thread Pool Size: 4
[main] INFO testcases.IdentifyCoursesTest -     - Headless Mode: false
[main] INFO testcases.IdentifyCoursesTest -     - Cache Enabled: true
[main] INFO testcases.IdentifyCoursesTest -     - Checkpoint Enabled: true
[main] INFO testcases.IdentifyCoursesTest -     - Admin URL: https://www.coursera.org/admin/ibm-skills-network/home/courses
[main] INFO testcases.IdentifyCoursesTest -   Utilities Initialized:
[main] INFO testcases.IdentifyCoursesTest -     - WebDriverPool: Ready (4 instances)
[main] INFO testcases.IdentifyCoursesTest -     - CourseCache: Ready
[main] INFO testcases.IdentifyCoursesTest -     - CheckpointManager: Ready
[main] INFO testcases.IdentifyCoursesTest -     - PerformanceMetrics: Ready
[main] INFO testcases.IdentifyCoursesTest - ========== TEST SETUP END ==========

[main] INFO testcases.IdentifyCoursesTest - ========== TEST EXECUTION START ==========
[main] INFO testcases.IdentifyCoursesTest - Test Configuration:
[main] INFO testcases.IdentifyCoursesTest -   - Admin URL: https://www.coursera.org/admin/ibm-skills-network/home/courses
[main] INFO testcases.IdentifyCoursesTest -   - Thread Pool Size: 4
[main] INFO testcases.IdentifyCoursesTest -   - Batch Size: 5 sublists
[main] INFO testcases.IdentifyCoursesTest -   - Cache Enabled: true
[main] INFO testcases.IdentifyCoursesTest -   - Checkpoint Enabled: true
[main] INFO testcases.IdentifyCoursesTest -   - Total Courses: 193
[main] INFO testcases.IdentifyCoursesTest - Processing 193 courses in 5 sublists of ~39 courses each

[main] INFO testcases.IdentifyCoursesTest - ========== PROCESSING SUBLIST 1 (39 courses) ==========
[main] INFO utils.CheckpointManager - Checkpoint loaded: batch=sublist_1, processed=1, results=4
[main] INFO testcases.IdentifyCoursesTest - ✓ RESUMING FROM CHECKPOINT: sublist_1
[main] INFO testcases.IdentifyCoursesTest -   - Restoring 4 already-scraped courses
[main] INFO pages.AdminCoursesPage - Exporting 4 courses to Excel: coursera_course_ratings_sublist_1_20260414.xlsx
[main] INFO utils.ExcelExporter - Excel file written: 4 rows in 258ms to coursera_course_ratings_sublist_1_20260414.xlsx
[main] INFO testcases.IdentifyCoursesTest - ✓ EXPORTED CHECKPOINT RESULTS: coursera_course_ratings_sublist_1_20260414.xlsx
[main] INFO utils.PerformanceMetrics - METRIC | sublist_1 | 264 ms
[main] INFO testcases.IdentifyCoursesTest - ========== SUBLIST 1 SKIPPED (ALREADY COMPLETE) ==========

[main] INFO testcases.IdentifyCoursesTest - ========== PROCESSING SUBLIST 2 (39 courses) ==========
[main] INFO utils.CheckpointManager - Checkpoint loaded: batch=sublist_1, processed=1, results=4
[pool-3-thread-1] INFO testcases.IdentifyCoursesTest -   [THREAD-pool-3-thread-1] Scraping: Statistics and Clustering in Python
[pool-3-thread-2] INFO testcases.IdentifyCoursesTest -   [THREAD-pool-3-thread-2] Scraping: Cloud Native, Microservices, Containers, DevOps and Agile
[pool-3-thread-4] INFO testcases.IdentifyCoursesTest -   [THREAD-pool-3-thread-4] Scraping: Build RAG Applications: Get Started
[main] INFO testcases.IdentifyCoursesTest -   [CACHE HIT] Introduction to Systems Analysis
[pool-3-thread-3] INFO testcases.IdentifyCoursesTest -   [THREAD-pool-3-thread-3] Scraping: Vector Databases: An Introduction with Chroma DB
[main] INFO utils.PerformanceMetrics - METRIC | course_Introduction to Systems Analysis | 0 ms
[main] INFO testcases.IdentifyCoursesTest -   [CACHE HIT] Introduction to Digital Marketing
[main] INFO utils.PerformanceMetrics - METRIC | course_Introduction to Digital Marketing | 0 ms
[main] INFO testcases.IdentifyCoursesTest -   [CACHE HIT] Build Multimodal Generative AI Applications
[main] INFO utils.PerformanceMetrics - METRIC | course_Build Multimodal Generative AI Applications | 0 ms
[main] INFO testcases.IdentifyCoursesTest -   [CACHE HIT] Ethical Hacking with Kali Linux
[main] INFO utils.PerformanceMetrics - METRIC | course_Ethical Hacking with Kali Linux | 0 ms
[main] INFO testcases.IdentifyCoursesTest - Waiting for 35 courses to complete...
[pool-3-thread-3] INFO pages.AdminCoursesPage - Navigating to Admin Courses page: https://www.coursera.org/admin/ibm-skills-network/home/courses
[pool-3-thread-2] INFO pages.AdminCoursesPage - Navigating to Admin Courses page: https://www.coursera.org/admin/ibm-skills-network/home/courses
[pool-3-thread-4] INFO pages.AdminCoursesPage - Navigating to Admin Courses page: https://www.coursera.org/admin/ibm-skills-network/home/courses
[pool-3-thread-1] INFO pages.AdminCoursesPage - Navigating to Admin Courses page: https://www.coursera.org/admin/ibm-skills-network/home/courses
[pool-3-thread-2] INFO pages.AdminCoursesPage - Current URL after navigation: https://www.coursera.org/admin/ibm-skills-network/home/courses
[pool-3-thread-2] INFO pages.AdminCoursesPage - Searched for course: Cloud Native, Microservices, Containers, DevOps and Agile
[pool-3-thread-4] INFO pages.AdminCoursesPage - Current URL after navigation: https://www.coursera.org/admin/ibm-skills-network/home/courses
[pool-3-thread-4] INFO pages.AdminCoursesPage - Searched for course: Build RAG Applications: Get Started
[pool-3-thread-2] INFO pages.AdminCoursesPage - Checking page 1 for course: Cloud Native, Microservices, Containers, DevOps and Agile
[pool-3-thread-2] INFO pages.AdminCoursesPage - Number of course links found on page 1: 1
[pool-3-thread-2] INFO pages.AdminCoursesPage - Found course link: Title='Version 1', Href='https://www.coursera.org/teach/cloud-native-microservices-containers-devops-agile/-mWRmvBoEe-JQhJp-zb3DQ/content/edit'
[pool-3-thread-2] INFO pages.AdminCoursesPage - Matched course using lenient word matching: 6 words matched out of 6
[pool-3-thread-2] INFO pages.AdminCoursesPage - Attempting to click course link using Actions...
[pool-3-thread-4] INFO pages.AdminCoursesPage - Checking page 1 for course: Build RAG Applications: Get Started
[pool-3-thread-4] INFO pages.AdminCoursesPage - Number of course links found on page 1: 8
[pool-3-thread-4] INFO pages.AdminCoursesPage - Found course link: Title='Version 1', Href='https://www.coursera.org/teach/build-rag-applications-get-started/SHLqKwjHEfC3TQ5GC5VyRw/content/edit'
[pool-3-thread-4] INFO pages.AdminCoursesPage - Attempting to click course link using Actions...
[pool-3-thread-1] INFO pages.AdminCoursesPage - Current URL after navigation: https://www.coursera.org/admin/ibm-skills-network/home/courses
[pool-3-thread-1] INFO pages.AdminCoursesPage - Searched for course: Statistics and Clustering in Python
[pool-3-thread-2] INFO pages.AdminCoursesPage - Successfully navigated to teach page: https://www.coursera.org/teach/cloud-native-microservices-containers-devops-agile/-mWRmvBoEe-JQhJp-zb3DQ/content/edit
[pool-3-thread-2] INFO pages.AdminCoursesPage - Navigating to Analytics page...
[pool-3-thread-2] INFO pages.AdminCoursesPage - Clicked Analytics tab
[pool-3-thread-1] INFO pages.AdminCoursesPage - Checking page 1 for course: Statistics and Clustering in Python
[pool-3-thread-1] INFO pages.AdminCoursesPage - Number of course links found on page 1: 3
[pool-3-thread-1] INFO pages.AdminCoursesPage - Found course link: Title='Version 1', Href='https://www.coursera.org/teach/statistics-and-clustering-in-python/SB0UoMtYEe6SjxKHxThXWw/content/edit'
[pool-3-thread-1] INFO pages.AdminCoursesPage - Attempting to click course link using Actions...
[pool-3-thread-4] INFO pages.AdminCoursesPage - Successfully navigated to teach page: https://www.coursera.org/teach/build-rag-applications-get-started/SHLqKwjHEfC3TQ5GC5VyRw/content/edit
[pool-3-thread-4] INFO pages.AdminCoursesPage - Navigating to Analytics page...
[pool-3-thread-4] INFO pages.AdminCoursesPage - Clicked Analytics tab
[pool-3-thread-4] INFO pages.AdminCoursesPage - Navigating to Ratings section...
[pool-3-thread-4] INFO pages.AdminCoursesPage - Standard click failed, attempting JavaScript click...
[pool-3-thread-4] INFO pages.AdminCoursesPage - Clicked Ratings section using JavaScript click
[pool-3-thread-4] INFO pages.AdminCoursesPage - Changing branch merger to Live Version...
[pool-3-thread-4] INFO pages.AdminCoursesPage - Clicked branch merger dropdown.
[pool-3-thread-4] INFO pages.AdminCoursesPage - Dropdown options are visible.
[pool-3-thread-4] INFO pages.AdminCoursesPage - Extracted version number: Version 1
[pool-3-thread-4] INFO pages.AdminCoursesPage - Clicked Live version option using standard click.
[pool-3-thread-1] INFO pages.AdminCoursesPage - Successfully navigated to teach page: https://www.coursera.org/teach/statistics-and-clustering-in-python/SB0UoMtYEe6SjxKHxThXWw/content/edit
[pool-3-thread-1] INFO pages.AdminCoursesPage - Navigating to Analytics page...
[pool-3-thread-1] INFO pages.AdminCoursesPage - Standard click failed, attempting JavaScript click...
[pool-3-thread-1] INFO pages.AdminCoursesPage - Clicked Analytics tab
[pool-3-thread-3] INFO pages.AdminCoursesPage - Current URL after navigation: https://www.coursera.org/admin/ibm-skills-network/home/courses
[pool-3-thread-3] INFO pages.AdminCoursesPage - Searched for course: Vector Databases: An Introduction with Chroma DB
[pool-3-thread-3] INFO pages.AdminCoursesPage - Checking page 1 for course: Vector Databases: An Introduction with Chroma DB
[pool-3-thread-3] INFO pages.AdminCoursesPage - Number of course links found on page 1: 9
[pool-3-thread-3] INFO pages.AdminCoursesPage - Found course link: Title='Version 2', Href='https://www.coursera.org/teach/vector-databases-introduction-with-chromadb/authoringBranch~y9AXzsOzEfC0GBK-41okdw/content/edit'
[pool-3-thread-3] INFO pages.AdminCoursesPage - Matched course using lenient word matching: 5 words matched out of 5
[pool-3-thread-3] INFO pages.AdminCoursesPage - Attempting to click course link using Actions...
[pool-3-thread-2] ERROR pages.AdminCoursesPage - Failed to navigate to Analytics: Expected condition failed: waiting for url to contain "analytics". Current url: "https://www.coursera.org/teach/cloud-native-microservices-containers-devops-agile/-mWRmvBoEe-JQhJp-zb3DQ/content/edit" (tried for 30 second(s) with 500 milliseconds interval)
Build info: version: '4.26.0', revision: '8ccf0219d7'
System info: os.name: 'Mac OS X', os.arch: 'aarch64', os.version: '26.4.1', java.version: '25.0.2'
Driver info: org.openqa.selenium.chrome.ChromeDriver
Capabilities {acceptInsecureCerts: false, browserName: chrome, browserVersion: 147.0.7727.56, chrome: {chromedriverVersion: 147.0.7727.56 (b28eac7a1a97..., userDataDir: /var/folders/kp/p2pl3nl1007...}, fedcm:accounts: true, goog:chromeOptions: {debuggerAddress: localhost:62811}, goog:processID: 41101, networkConnectionEnabled: false, pageLoadStrategy: normal, platformName: mac, proxy: Proxy(), se:cdp: ws://localhost:62811/devtoo..., se:cdpVersion: 147.0.7727.56, setWindowRect: true, strictFileInteractability: false, timeouts: {implicit: 0, pageLoad: 300000, script: 30000}, unhandledPromptBehavior: dismiss and notify, webauthn:extension:credBlob: true, webauthn:extension:largeBlob: true, webauthn:extension:minPinLength: true, webauthn:extension:prf: true, webauthn:virtualAuthenticators: true}
Session ID: 065ed26510791cb90ae11277b7549272
[pool-3-thread-2] ERROR pages.AdminCoursesPage - Failed to navigate to Analytics and scrape rating: Analytics navigation failed
[pool-3-thread-2] INFO pages.AdminCoursesPage - Screenshot saved as analytics-scrape-error-screenshot.png
[pool-3-thread-4] INFO pages.AdminCoursesPage - Successfully changed branch merger to Live Version.
[pool-3-thread-4] INFO pages.AdminCoursesPage - Scraped rating: 4.5
[pool-3-thread-3] INFO pages.AdminCoursesPage - Successfully navigated to teach page: https://www.coursera.org/teach/vector-databases-introduction-with-chromadb/authoringBranch~y9AXzsOzEfC0GBK-41okdw/content/edit
[pool-3-thread-3] INFO pages.AdminCoursesPage - Navigating to Analytics page...
[pool-3-thread-3] INFO pages.AdminCoursesPage - Standard click failed, attempting JavaScript click...
[pool-3-thread-3] INFO pages.AdminCoursesPage - Clicked Analytics tab
[pool-3-thread-1] ERROR pages.AdminCoursesPage - Failed to navigate to Analytics: Expected condition failed: waiting for url to contain "analytics". Current url: "https://www.coursera.org/teach/statistics-and-clustering-in-python/SB0UoMtYEe6SjxKHxThXWw/content/edit" (tried for 30 second(s) with 500 milliseconds interval)
Build info: version: '4.26.0', revision: '8ccf0219d7'
System info: os.name: 'Mac OS X', os.arch: 'aarch64', os.version: '26.4.1', java.version: '25.0.2'
Driver info: org.openqa.selenium.chrome.ChromeDriver
Capabilities {acceptInsecureCerts: false, browserName: chrome, browserVersion: 147.0.7727.56, chrome: {chromedriverVersion: 147.0.7727.56 (b28eac7a1a97..., userDataDir: /var/folders/kp/p2pl3nl1007...}, fedcm:accounts: true, goog:chromeOptions: {debuggerAddress: localhost:62799}, goog:processID: 41088, networkConnectionEnabled: false, pageLoadStrategy: normal, platformName: mac, proxy: Proxy(), se:cdp: ws://localhost:62799/devtoo..., se:cdpVersion: 147.0.7727.56, setWindowRect: true, strictFileInteractability: false, timeouts: {implicit: 0, pageLoad: 300000, script: 30000}, unhandledPromptBehavior: dismiss and notify, webauthn:extension:credBlob: true, webauthn:extension:largeBlob: true, webauthn:extension:minPinLength: true, webauthn:extension:prf: true, webauthn:virtualAuthenticators: true}
Session ID: eea947874e3a446204c9b6f3cce4b959
[pool-3-thread-1] ERROR pages.AdminCoursesPage - Failed to navigate to Analytics and scrape rating: Analytics navigation failed
[pool-3-thread-1] INFO pages.AdminCoursesPage - Screenshot saved as analytics-scrape-error-screenshot.png
[pool-3-thread-3] ERROR pages.AdminCoursesPage - Failed to navigate to Analytics: Expected condition failed: waiting for url to contain "analytics". Current url: "https://www.coursera.org/teach/vector-databases-introduction-with-chromadb/authoringBranch~y9AXzsOzEfC0GBK-41okdw/content/edit" (tried for 30 second(s) with 500 milliseconds interval)
Build info: version: '4.26.0', revision: '8ccf0219d7'
System info: os.name: 'Mac OS X', os.arch: 'aarch64', os.version: '26.4.1', java.version: '25.0.2'
Driver info: org.openqa.selenium.chrome.ChromeDriver
Capabilities {acceptInsecureCerts: false, browserName: chrome, browserVersion: 147.0.7727.56, chrome: {chromedriverVersion: 147.0.7727.56 (b28eac7a1a97..., userDataDir: /var/folders/kp/p2pl3nl1007...}, fedcm:accounts: true, goog:chromeOptions: {debuggerAddress: localhost:62834}, goog:processID: 41123, networkConnectionEnabled: false, pageLoadStrategy: normal, platformName: mac, proxy: Proxy(), se:cdp: ws://localhost:62834/devtoo..., se:cdpVersion: 147.0.7727.56, setWindowRect: true, strictFileInteractability: false, timeouts: {implicit: 0, pageLoad: 300000, script: 30000}, unhandledPromptBehavior: dismiss and notify, webauthn:extension:credBlob: true, webauthn:extension:largeBlob: true, webauthn:extension:minPinLength: true, webauthn:extension:prf: true, webauthn:virtualAuthenticators: true}
Session ID: 3d2b2723691bb0603062c68a9479a3ff
[pool-3-thread-3] ERROR pages.AdminCoursesPage - Failed to navigate to Analytics and scrape rating: Analytics navigation failed
[pool-3-thread-3] INFO pages.AdminCoursesPage - Screenshot saved as analytics-scrape-error-screenshot.png
[pool-3-thread-2] INFO pages.AdminCoursesPage - No 'Next' button found. Assuming this is the last page.
[pool-3-thread-2] INFO testcases.IdentifyCoursesTest -   [THREAD-pool-3-thread-2] ✓ Completed: Cloud Native, Microservices, Containers, DevOps and Agile
[pool-3-thread-2] INFO utils.PerformanceMetrics - METRIC | course_Cloud Native, Microservices, Containers, DevOps and Agile | 98057 ms
[pool-3-thread-2] INFO testcases.IdentifyCoursesTest -   [THREAD-pool-3-thread-2] Scraping: Encryption and Cryptography Essentials
[pool-3-thread-4] INFO pages.AdminCoursesPage - No 'Next' button found. Assuming this is the last page.
[pool-3-thread-4] INFO testcases.IdentifyCoursesTest -   [THREAD-pool-3-thread-4] ✓ Completed: Build RAG Applications: Get Started
[pool-3-thread-4] INFO utils.PerformanceMetrics - METRIC | course_Build RAG Applications: Get Started | 99274 ms
[pool-3-thread-4] INFO testcases.IdentifyCoursesTest -   [THREAD-pool-3-thread-4] Scraping: Generative AI: Accelerate your Digital Marketing Career
[pool-3-thread-2] INFO pages.AdminCoursesPage - Navigating to Admin Courses page: https://www.coursera.org/admin/ibm-skills-network/home/courses
[pool-3-thread-4] INFO pages.AdminCoursesPage - Navigating to Admin Courses page: https://www.coursera.org/admin/ibm-skills-network/home/courses
[pool-3-thread-1] INFO pages.AdminCoursesPage - No 'Next' button found. Assuming this is the last page.
[pool-3-thread-1] INFO testcases.IdentifyCoursesTest -   [THREAD-pool-3-thread-1] ✓ Completed: Statistics and Clustering in Python
[pool-3-thread-1] INFO utils.PerformanceMetrics - METRIC | course_Statistics and Clustering in Python | 113296 ms
[pool-3-thread-1] INFO testcases.IdentifyCoursesTest -   [THREAD-pool-3-thread-1] Scraping: Java Development Capstone Project
[pool-3-thread-2] INFO pages.AdminCoursesPage - Current URL after navigation: https://www.coursera.org/admin/ibm-skills-network/home/courses
[pool-3-thread-2] INFO pages.AdminCoursesPage - Searched for course: Encryption and Cryptography Essentials
[pool-3-thread-1] INFO pages.AdminCoursesPage - Navigating to Admin Courses page: https://www.coursera.org/admin/ibm-skills-network/home/courses
[pool-3-thread-2] INFO pages.AdminCoursesPage - Checking page 1 for course: Encryption and Cryptography Essentials
[pool-3-thread-2] INFO pages.AdminCoursesPage - Number of course links found on page 1: 9
[pool-3-thread-2] INFO pages.AdminCoursesPage - Found course link: Title='CMO Optimization FR', Href='https://www.coursera.org/teach/encryption-and-cryptography-essentials/authoringBranch~Hj_3-h1KEfGxphJpUnlgNw/content/edit'
[pool-3-thread-2] INFO pages.AdminCoursesPage - Attempting to click course link using Actions...
[pool-3-thread-4] INFO pages.AdminCoursesPage - Current URL after navigation: https://www.coursera.org/admin/ibm-skills-network/home/courses
[pool-3-thread-4] INFO pages.AdminCoursesPage - Searched for course: Generative AI: Accelerate your Digital Marketing Career
[pool-3-thread-2] INFO pages.AdminCoursesPage - Successfully navigated to teach page: https://www.coursera.org/teach/encryption-and-cryptography-essentials/authoringBranch~Hj_3-h1KEfGxphJpUnlgNw/content/edit
[pool-3-thread-2] INFO pages.AdminCoursesPage - Navigating to Analytics page...
[pool-3-thread-4] INFO pages.AdminCoursesPage - Checking page 1 for course: Generative AI: Accelerate your Digital Marketing Career
[pool-3-thread-4] INFO pages.AdminCoursesPage - Number of course links found on page 1: 9
[pool-3-thread-4] INFO pages.AdminCoursesPage - Found course link: Title='Version 1', Href='https://www.coursera.org/teach/generative-ai--accelerate-your-digital-marketing-career/pqEG8v9nEe-m2BKpUCEabw/content/edit'
[pool-3-thread-4] INFO pages.AdminCoursesPage - Attempting to click course link using Actions...
[pool-3-thread-2] INFO pages.AdminCoursesPage - Clicked Analytics tab
[pool-3-thread-2] INFO pages.AdminCoursesPage - Navigating to Ratings section...
[pool-3-thread-2] INFO pages.AdminCoursesPage - Clicked Ratings section using standard click
[pool-3-thread-2] INFO pages.AdminCoursesPage - Changing branch merger to Live Version...
[pool-3-thread-2] INFO pages.AdminCoursesPage - Clicked branch merger dropdown.
[pool-3-thread-2] INFO pages.AdminCoursesPage - Dropdown options are visible.
[pool-3-thread-2] INFO pages.AdminCoursesPage - Extracted version number: CMO Optimization FR
[pool-3-thread-2] INFO pages.AdminCoursesPage - Clicked Live version option using standard click.
[pool-3-thread-4] INFO pages.AdminCoursesPage - Successfully navigated to teach page: https://www.coursera.org/teach/generative-ai--accelerate-your-digital-marketing-career/pqEG8v9nEe-m2BKpUCEabw/content/edit
[pool-3-thread-4] INFO pages.AdminCoursesPage - Navigating to Analytics page...
[pool-3-thread-4] INFO pages.AdminCoursesPage - Clicked Analytics tab
[pool-3-thread-4] INFO pages.AdminCoursesPage - Navigating to Ratings section...
[pool-3-thread-4] INFO pages.AdminCoursesPage - Clicked Ratings section using standard click
[pool-3-thread-4] INFO pages.AdminCoursesPage - Changing branch merger to Live Version...
[pool-3-thread-1] INFO pages.AdminCoursesPage - Current URL after navigation: https://www.coursera.org/admin/ibm-skills-network/home/courses
[pool-3-thread-1] INFO pages.AdminCoursesPage - Searched for course: Java Development Capstone Project
[pool-3-thread-4] INFO pages.AdminCoursesPage - Clicked branch merger dropdown.
[pool-3-thread-4] INFO pages.AdminCoursesPage - Dropdown options are visible.
[pool-3-thread-4] INFO pages.AdminCoursesPage - Extracted version number: Version 1
[pool-3-thread-4] INFO pages.AdminCoursesPage - Clicked Live version option using standard click.
[pool-3-thread-1] INFO pages.AdminCoursesPage - Checking page 1 for course: Java Development Capstone Project
[pool-3-thread-1] INFO pages.AdminCoursesPage - Number of course links found on page 1: 9
[pool-3-thread-1] INFO pages.AdminCoursesPage - Found course link: Title='Version 1', Href='https://www.coursera.org/teach/java-development-capstone-project/zdKmx_LtEe--nhIUP1DqPQ/content/edit'
[pool-3-thread-1] INFO pages.AdminCoursesPage - Attempting to click course link using Actions...
[pool-3-thread-3] INFO pages.AdminCoursesPage - No 'Next' button found. Assuming this is the last page.
[pool-3-thread-3] INFO testcases.IdentifyCoursesTest -   [THREAD-pool-3-thread-3] ✓ Completed: Vector Databases: An Introduction with Chroma DB
[pool-3-thread-3] INFO utils.PerformanceMetrics - METRIC | course_Vector Databases: An Introduction with Chroma DB | 135847 ms
[pool-3-thread-3] INFO testcases.IdentifyCoursesTest -   [THREAD-pool-3-thread-3] Scraping: Generative AI: Empowering Modern Education
[pool-3-thread-1] INFO pages.AdminCoursesPage - Successfully navigated to teach page: https://www.coursera.org/teach/java-development-capstone-project/zdKmx_LtEe--nhIUP1DqPQ/content/edit
[pool-3-thread-1] INFO pages.AdminCoursesPage - Navigating to Analytics page...
[pool-3-thread-1] INFO pages.AdminCoursesPage - Clicked Analytics tab
[pool-3-thread-1] INFO pages.AdminCoursesPage - Navigating to Ratings section...
[pool-3-thread-1] INFO pages.AdminCoursesPage - Clicked Ratings section using standard click
[pool-3-thread-1] INFO pages.AdminCoursesPage - Changing branch merger to Live Version...
[pool-3-thread-1] INFO pages.AdminCoursesPage - Clicked branch merger dropdown.
[pool-3-thread-1] INFO pages.AdminCoursesPage - Dropdown options are visible.
[pool-3-thread-1] INFO pages.AdminCoursesPage - Extracted version number: Version 1
[pool-3-thread-1] INFO pages.AdminCoursesPage - Clicked Live version option using standard click.
[pool-3-thread-3] INFO pages.AdminCoursesPage - Navigating to Admin Courses page: https://www.coursera.org/admin/ibm-skills-network/home/courses
[pool-3-thread-3] INFO pages.AdminCoursesPage - Current URL after navigation: https://www.coursera.org/admin/ibm-skills-network/home/courses
[pool-3-thread-3] INFO pages.AdminCoursesPage - Searched for course: Generative AI: Empowering Modern Education
[pool-3-thread-2] INFO pages.AdminCoursesPage - Successfully changed branch merger to Live Version.
[pool-3-thread-2] INFO pages.AdminCoursesPage - Scraped rating: 5
[pool-3-thread-3] INFO pages.AdminCoursesPage - Checking page 1 for course: Generative AI: Empowering Modern Education
[pool-3-thread-3] INFO pages.AdminCoursesPage - Number of course links found on page 1: 9
[pool-3-thread-3] INFO pages.AdminCoursesPage - Found course link: Title='Version 1', Href='https://www.coursera.org/teach/generative-ai-empowering-modern-education/KPibW--oEe-sAw4IUmNkyw/content/edit'
[pool-3-thread-3] INFO pages.AdminCoursesPage - Attempting to click course link using Actions...
[pool-3-thread-4] INFO pages.AdminCoursesPage - Successfully changed branch merger to Live Version.
[pool-3-thread-4] INFO pages.AdminCoursesPage - Scraped rating: 4.8
[pool-3-thread-3] INFO pages.AdminCoursesPage - Successfully navigated to teach page: https://www.coursera.org/teach/generative-ai-empowering-modern-education/KPibW--oEe-sAw4IUmNkyw/content/edit
[pool-3-thread-3] INFO pages.AdminCoursesPage - Navigating to Analytics page...
[pool-3-thread-3] INFO pages.AdminCoursesPage - Clicked Analytics tab
[pool-3-thread-3] INFO pages.AdminCoursesPage - Navigating to Ratings section...
[pool-3-thread-3] INFO pages.AdminCoursesPage - Clicked Ratings section using standard click
[pool-3-thread-3] INFO pages.AdminCoursesPage - Changing branch merger to Live Version...
[pool-3-thread-3] INFO pages.AdminCoursesPage - Clicked branch merger dropdown.
[pool-3-thread-3] INFO pages.AdminCoursesPage - Dropdown options are visible.
[pool-3-thread-3] INFO pages.AdminCoursesPage - Extracted version number: Version 1
[pool-3-thread-3] INFO pages.AdminCoursesPage - Clicked Live version option using standard click.
[pool-3-thread-1] INFO pages.AdminCoursesPage - Successfully changed branch merger to Live Version.
[pool-3-thread-1] INFO pages.AdminCoursesPage - Scraped rating: 4.4
[pool-3-thread-3] INFO pages.AdminCoursesPage - Successfully changed branch merger to Live Version.
[pool-3-thread-3] INFO pages.AdminCoursesPage - Scraped rating: 4.8
[pool-3-thread-2] INFO pages.AdminCoursesPage - No 'Next' button found. Assuming this is the last page.
[pool-3-thread-2] INFO testcases.IdentifyCoursesTest -   [THREAD-pool-3-thread-2] ✓ Completed: Encryption and Cryptography Essentials
[pool-3-thread-2] INFO utils.PerformanceMetrics - METRIC | course_Encryption and Cryptography Essentials | 188520 ms
[pool-3-thread-2] INFO testcases.IdentifyCoursesTest -   [THREAD-pool-3-thread-2] Scraping: Fundamentals of Building AI Agents
[pool-3-thread-4] INFO pages.AdminCoursesPage - No 'Next' button found. Assuming this is the last page.
[pool-3-thread-4] INFO testcases.IdentifyCoursesTest -   [THREAD-pool-3-thread-4] ✓ Completed: Generative AI: Accelerate your Digital Marketing Career
[pool-3-thread-4] INFO utils.PerformanceMetrics - METRIC | course_Generative AI: Accelerate your Digital Marketing Career | 192467 ms
[pool-3-thread-4] INFO testcases.IdentifyCoursesTest -   [THREAD-pool-3-thread-4] Scraping: Product Owner Capstone
[pool-3-thread-2] INFO pages.AdminCoursesPage - Navigating to Admin Courses page: https://www.coursera.org/admin/ibm-skills-network/home/courses
[pool-3-thread-4] INFO pages.AdminCoursesPage - Navigating to Admin Courses page: https://www.coursera.org/admin/ibm-skills-network/home/courses
[pool-3-thread-2] INFO pages.AdminCoursesPage - Current URL after navigation: https://www.coursera.org/admin/ibm-skills-network/home/courses
[pool-3-thread-2] INFO pages.AdminCoursesPage - Searched for course: Fundamentals of Building AI Agents
[pool-3-thread-2] INFO pages.AdminCoursesPage - Checking page 1 for course: Fundamentals of Building AI Agents
[pool-3-thread-2] INFO pages.AdminCoursesPage - Number of course links found on page 1: 7
[pool-3-thread-2] INFO pages.AdminCoursesPage - Found course link: Title='Version 1', Href='https://www.coursera.org/teach/fundamentals-of-building-ai-agents/f7mwmBE1EfC_-w572D3gsw/content/edit'
[pool-3-thread-2] INFO pages.AdminCoursesPage - Attempting to click course link using Actions...
[pool-3-thread-1] INFO pages.AdminCoursesPage - No 'Next' button found. Assuming this is the last page.
[pool-3-thread-1] INFO testcases.IdentifyCoursesTest -   [THREAD-pool-3-thread-1] ✓ Completed: Java Development Capstone Project
[pool-3-thread-1] INFO utils.PerformanceMetrics - METRIC | course_Java Development Capstone Project | 202121 ms
[pool-3-thread-1] INFO testcases.IdentifyCoursesTest -   [THREAD-pool-3-thread-1] Scraping: Introduction to UX/UI Design
[pool-3-thread-4] INFO pages.AdminCoursesPage - Current URL after navigation: https://www.coursera.org/admin/ibm-skills-network/home/courses
[pool-3-thread-4] INFO pages.AdminCoursesPage - Searched for course: Product Owner Capstone
[pool-3-thread-4] INFO pages.AdminCoursesPage - Checking page 1 for course: Product Owner Capstone
[pool-3-thread-4] INFO pages.AdminCoursesPage - Number of course links found on page 1: 7
[pool-3-thread-4] INFO pages.AdminCoursesPage - Found course link: Title='Version 1', Href='https://www.coursera.org/teach/product-owner-capstone/1vPJxy2WEe-MmBK4EgZ1qQ/content/edit'
[pool-3-thread-4] INFO pages.AdminCoursesPage - Attempting to click course link using Actions...
[pool-3-thread-2] INFO pages.AdminCoursesPage - Successfully navigated to teach page: https://www.coursera.org/teach/fundamentals-of-building-ai-agents/f7mwmBE1EfC_-w572D3gsw/content/edit
[pool-3-thread-2] INFO pages.AdminCoursesPage - Navigating to Analytics page...
[pool-3-thread-2] INFO pages.AdminCoursesPage - Clicked Analytics tab
[pool-3-thread-2] INFO pages.AdminCoursesPage - Navigating to Ratings section...
[pool-3-thread-1] INFO pages.AdminCoursesPage - Navigating to Admin Courses page: https://www.coursera.org/admin/ibm-skills-network/home/courses
[pool-3-thread-2] INFO pages.AdminCoursesPage - Clicked Ratings section using standard click
[pool-3-thread-2] INFO pages.AdminCoursesPage - Changing branch merger to Live Version...
[pool-3-thread-2] INFO pages.AdminCoursesPage - Clicked branch merger dropdown.
[pool-3-thread-2] INFO pages.AdminCoursesPage - Dropdown options are visible.
[pool-3-thread-2] INFO pages.AdminCoursesPage - Extracted version number: Version 1
[pool-3-thread-2] INFO pages.AdminCoursesPage - Clicked Live version option using standard click.
[pool-3-thread-4] INFO pages.AdminCoursesPage - Successfully navigated to teach page: https://www.coursera.org/teach/product-owner-capstone/1vPJxy2WEe-MmBK4EgZ1qQ/content/edit
[pool-3-thread-4] INFO pages.AdminCoursesPage - Navigating to Analytics page...
[pool-3-thread-1] INFO pages.AdminCoursesPage - Current URL after navigation: https://www.coursera.org/admin/ibm-skills-network/home/courses
[pool-3-thread-1] INFO pages.AdminCoursesPage - Searched for course: Introduction to UX/UI Design
[pool-3-thread-4] INFO pages.AdminCoursesPage - Clicked Analytics tab
[pool-3-thread-4] INFO pages.AdminCoursesPage - Navigating to Ratings section...
[pool-3-thread-4] INFO pages.AdminCoursesPage - Clicked Ratings section using standard click
[pool-3-thread-4] INFO pages.AdminCoursesPage - Changing branch merger to Live Version...
[pool-3-thread-4] INFO pages.AdminCoursesPage - Clicked branch merger dropdown.
[pool-3-thread-4] INFO pages.AdminCoursesPage - Dropdown options are visible.
[pool-3-thread-1] INFO pages.AdminCoursesPage - Checking page 1 for course: Introduction to UX/UI Design
[pool-3-thread-1] INFO pages.AdminCoursesPage - Number of course links found on page 1: 7
[pool-3-thread-1] INFO pages.AdminCoursesPage - Found course link: Title='Version 1', Href='https://www.coursera.org/teach/introduction-to-uxui-design/0zE83QZoEfC6EhJcncb--Q/content/edit'
[pool-3-thread-4] INFO pages.AdminCoursesPage - Extracted version number: Version 1
[pool-3-thread-4] INFO pages.AdminCoursesPage - Clicked Live version option using standard click.
[pool-3-thread-1] INFO pages.AdminCoursesPage - Attempting to click course link using Actions...
[pool-3-thread-1] INFO pages.AdminCoursesPage - Successfully navigated to teach page: https://www.coursera.org/teach/introduction-to-uxui-design/0zE83QZoEfC6EhJcncb--Q/content/edit
[pool-3-thread-1] INFO pages.AdminCoursesPage - Navigating to Analytics page...
[pool-3-thread-3] INFO pages.AdminCoursesPage - No 'Next' button found. Assuming this is the last page.
[pool-3-thread-3] INFO testcases.IdentifyCoursesTest -   [THREAD-pool-3-thread-3] ✓ Completed: Generative AI: Empowering Modern Education
[pool-3-thread-3] INFO utils.PerformanceMetrics - METRIC | course_Generative AI: Empowering Modern Education | 218217 ms
[pool-3-thread-3] INFO testcases.IdentifyCoursesTest -   [THREAD-pool-3-thread-3] Scraping: Vector Database Projects: AI Recommendation Systems
[pool-3-thread-1] INFO pages.AdminCoursesPage - Clicked Analytics tab
[pool-3-thread-1] INFO pages.AdminCoursesPage - Navigating to Ratings section...
[pool-3-thread-1] INFO pages.AdminCoursesPage - Clicked Ratings section using standard click
[pool-3-thread-1] INFO pages.AdminCoursesPage - Changing branch merger to Live Version...
[pool-3-thread-1] INFO pages.AdminCoursesPage - Clicked branch merger dropdown.
[pool-3-thread-1] INFO pages.AdminCoursesPage - Dropdown options are visible.
[pool-3-thread-1] INFO pages.AdminCoursesPage - Extracted version number: Version 1
[pool-3-thread-1] INFO pages.AdminCoursesPage - Clicked Live version option using standard click.
[pool-3-thread-3] INFO pages.AdminCoursesPage - Navigating to Admin Courses page: https://www.coursera.org/admin/ibm-skills-network/home/courses
[pool-3-thread-3] INFO pages.AdminCoursesPage - Current URL after navigation: https://www.coursera.org/admin/ibm-skills-network/home/courses
[pool-3-thread-3] INFO pages.AdminCoursesPage - Searched for course: Vector Database Projects: AI Recommendation Systems
[pool-3-thread-2] INFO pages.AdminCoursesPage - Successfully changed branch merger to Live Version.
[pool-3-thread-2] INFO pages.AdminCoursesPage - Scraped rating: 4.6
[pool-3-thread-3] INFO pages.AdminCoursesPage - Checking page 1 for course: Vector Database Projects: AI Recommendation Systems
[pool-3-thread-3] INFO pages.AdminCoursesPage - Number of course links found on page 1: 7
[pool-3-thread-3] INFO pages.AdminCoursesPage - Found course link: Title='Version 3', Href='https://www.coursera.org/teach/vector-database-projects-ai-recommendation-systems/authoringBranch~UEKHkRh6EfGQ2w5GCXwtVw/content/edit'
[pool-3-thread-3] INFO pages.AdminCoursesPage - Attempting to click course link using Actions...
[pool-3-thread-4] INFO pages.AdminCoursesPage - Successfully changed branch merger to Live Version.
[pool-3-thread-4] INFO pages.AdminCoursesPage - Scraped rating: 4.9
[pool-3-thread-3] INFO pages.AdminCoursesPage - Successfully navigated to teach page: https://www.coursera.org/teach/vector-database-projects-ai-recommendation-systems/authoringBranch~UEKHkRh6EfGQ2w5GCXwtVw/content/edit
[pool-3-thread-3] INFO pages.AdminCoursesPage - Navigating to Analytics page...
[pool-3-thread-3] INFO pages.AdminCoursesPage - Clicked Analytics tab
[pool-3-thread-3] INFO pages.AdminCoursesPage - Navigating to Ratings section...
[pool-3-thread-3] INFO pages.AdminCoursesPage - Clicked Ratings section using standard click
[pool-3-thread-3] INFO pages.AdminCoursesPage - Changing branch merger to Live Version...
[pool-3-thread-3] INFO pages.AdminCoursesPage - Clicked branch merger dropdown.
[pool-3-thread-3] INFO pages.AdminCoursesPage - Dropdown options are visible.
[pool-3-thread-3] INFO pages.AdminCoursesPage - Extracted version number: Version 3
[pool-3-thread-3] INFO pages.AdminCoursesPage - Clicked Live version option using standard click.
[pool-3-thread-1] INFO pages.AdminCoursesPage - Successfully changed branch merger to Live Version.
[pool-3-thread-1] INFO pages.AdminCoursesPage - Scraped rating: 4.7
[pool-3-thread-3] INFO pages.AdminCoursesPage - Successfully changed branch merger to Live Version.
[pool-3-thread-2] INFO pages.AdminCoursesPage - No 'Next' button found. Assuming this is the last page.
[pool-3-thread-2] INFO testcases.IdentifyCoursesTest -   [THREAD-pool-3-thread-2] ✓ Completed: Fundamentals of Building AI Agents
[pool-3-thread-2] INFO utils.PerformanceMetrics - METRIC | course_Fundamentals of Building AI Agents | 269620 ms
[pool-3-thread-2] INFO testcases.IdentifyCoursesTest -   [THREAD-pool-3-thread-2] Scraping: Exploitation and Penetration Testing with Metasploit
[pool-3-thread-4] INFO pages.AdminCoursesPage - No 'Next' button found. Assuming this is the last page.
[pool-3-thread-4] INFO testcases.IdentifyCoursesTest -   [THREAD-pool-3-thread-4] ✓ Completed: Product Owner Capstone
[pool-3-thread-4] INFO utils.PerformanceMetrics - METRIC | course_Product Owner Capstone | 273470 ms
[pool-3-thread-4] INFO testcases.IdentifyCoursesTest -   [THREAD-pool-3-thread-4] Scraping: Relational Database Administration Capstone Project
[pool-3-thread-2] INFO pages.AdminCoursesPage - Navigating to Admin Courses page: https://www.coursera.org/admin/ibm-skills-network/home/courses
[pool-3-thread-4] INFO pages.AdminCoursesPage - Navigating to Admin Courses page: https://www.coursera.org/admin/ibm-skills-network/home/courses
[pool-3-thread-3] ERROR pages.AdminCoursesPage - Failed to scrape rating: Expected condition failed: waiting for visibility of element located by By.xpath: //div[contains(@class, 'rc-AverageCourseRating')]//strong (tried for 2 second(s) with 500 milliseconds interval)
Build info: version: '4.26.0', revision: '8ccf0219d7'
System info: os.name: 'Mac OS X', os.arch: 'aarch64', os.version: '26.4.1', java.version: '25.0.2'
Driver info: org.openqa.selenium.chrome.ChromeDriver
Capabilities {acceptInsecureCerts: false, browserName: chrome, browserVersion: 147.0.7727.56, chrome: {chromedriverVersion: 147.0.7727.56 (b28eac7a1a97..., userDataDir: /var/folders/kp/p2pl3nl1007...}, fedcm:accounts: true, goog:chromeOptions: {debuggerAddress: localhost:62834}, goog:processID: 41123, networkConnectionEnabled: false, pageLoadStrategy: normal, platformName: mac, proxy: Proxy(), se:cdp: ws://localhost:62834/devtoo..., se:cdpVersion: 147.0.7727.56, setWindowRect: true, strictFileInteractability: false, timeouts: {implicit: 0, pageLoad: 300000, script: 30000}, unhandledPromptBehavior: dismiss and notify, webauthn:extension:credBlob: true, webauthn:extension:largeBlob: true, webauthn:extension:minPinLength: true, webauthn:extension:prf: true, webauthn:virtualAuthenticators: true}
Session ID: 3d2b2723691bb0603062c68a9479a3ff
[pool-3-thread-3] INFO pages.AdminCoursesPage - Screenshot saved as rating-scrape-failure-screenshot.png
[pool-3-thread-2] INFO pages.AdminCoursesPage - Current URL after navigation: https://www.coursera.org/admin/ibm-skills-network/home/courses
[pool-3-thread-2] INFO pages.AdminCoursesPage - Searched for course: Exploitation and Penetration Testing with Metasploit
[pool-3-thread-4] INFO pages.AdminCoursesPage - Current URL after navigation: https://www.coursera.org/admin/ibm-skills-network/home/courses
[pool-3-thread-4] INFO pages.AdminCoursesPage - Searched for course: Relational Database Administration Capstone Project
[pool-3-thread-2] INFO pages.AdminCoursesPage - Checking page 1 for course: Exploitation and Penetration Testing with Metasploit
[pool-3-thread-2] INFO pages.AdminCoursesPage - Number of course links found on page 1: 7
[pool-3-thread-2] INFO pages.AdminCoursesPage - Found course link: Title='Version 2', Href='https://www.coursera.org/teach/generative-ai-boost-your-cybersecurity-career/authoringBranch~bzb0auq0Ee-XrBJwYvUhHw/content/edit'
[pool-3-thread-2] INFO pages.AdminCoursesPage - Found course link: Title='Version 1', Href='https://www.coursera.org/teach/cloud-native-microservices-containers-devops-agile/-mWRmvBoEe-JQhJp-zb3DQ/content/edit'
[pool-3-thread-2] WARN pages.AdminCoursesPage - Stale element reference for course link '[[ChromeDriver: chrome on mac (065ed26510791cb90ae11277b7549272)] -> xpath: //tr[.//span[@data-testid='tag-root' and contains(.,'Live')]]//a[contains(@class,'cds-111') and (contains(normalize-space(.), 'Version') or contains(normalize-space(.), 'Session') or contains(normalize-space(.), 'V3') or contains(normalize-space(.), 'CMO Optimization') or contains(normalize-space(.), 'CMO_M1 Optimization') or contains(normalize-space(.), 'Flutter: Developing Cross-Platform Mobile Apps') or contains(normalize-space(.), 'Test') or contains(normalize-space(.), 'Operating Systems: Overview, Administration, and Security'))]]'. Skipping...
[pool-3-thread-2] WARN pages.AdminCoursesPage - Stale element reference encountered on page 1. Retrying... Attempt 1
[pool-3-thread-1] INFO pages.AdminCoursesPage - No 'Next' button found. Assuming this is the last page.
[pool-3-thread-1] INFO testcases.IdentifyCoursesTest -   [THREAD-pool-3-thread-1] ✓ Completed: Introduction to UX/UI Design
[pool-3-thread-1] INFO utils.PerformanceMetrics - METRIC | course_Introduction to UX/UI Design | 282005 ms
[pool-3-thread-1] INFO testcases.IdentifyCoursesTest -   [THREAD-pool-3-thread-1] Scraping: Agentic AI with LangChain and LangGraph
[pool-3-thread-4] INFO pages.AdminCoursesPage - Checking page 1 for course: Relational Database Administration Capstone Project
[pool-3-thread-2] INFO pages.AdminCoursesPage - Found course link: Title='Exploitation and Penetration Testing with Metasploit', Href='https://www.coursera.org/teach/exploitation-and-penetration-testing-with-metasploit/course'
[pool-3-thread-4] INFO pages.AdminCoursesPage - Number of course links found on page 1: 8
[pool-3-thread-4] INFO pages.AdminCoursesPage - Found course link: Title='Session 1', Href='https://www.coursera.org/teach/relational-database-administration-capstone-project/V2tYXNFWEe-3_Q7tYtYdfw/content/edit'
[pool-3-thread-2] INFO pages.AdminCoursesPage - Attempting to click course link using Actions...
[pool-3-thread-4] INFO pages.AdminCoursesPage - Attempting to click course link using Actions...
[pool-3-thread-4] INFO pages.AdminCoursesPage - Successfully navigated to teach page: https://www.coursera.org/teach/relational-database-administration-capstone-project/V2tYXNFWEe-3_Q7tYtYdfw/content/edit
[pool-3-thread-4] INFO pages.AdminCoursesPage - Navigating to Analytics page...
[pool-3-thread-1] INFO pages.AdminCoursesPage - Navigating to Admin Courses page: https://www.coursera.org/admin/ibm-skills-network/home/courses
[pool-3-thread-4] INFO pages.AdminCoursesPage - Clicked Analytics tab
[pool-3-thread-4] INFO pages.AdminCoursesPage - Navigating to Ratings section...
[pool-3-thread-4] INFO pages.AdminCoursesPage - Clicked Ratings section using standard click
[pool-3-thread-4] INFO pages.AdminCoursesPage - Changing branch merger to Live Version...
[pool-3-thread-4] INFO pages.AdminCoursesPage - Clicked branch merger dropdown.
[pool-3-thread-4] INFO pages.AdminCoursesPage - Dropdown options are visible.
[pool-3-thread-4] INFO pages.AdminCoursesPage - Extracted version number: Session 1
[pool-3-thread-4] INFO pages.AdminCoursesPage - Clicked Live version option using standard click.
[pool-3-thread-1] INFO pages.AdminCoursesPage - Current URL after navigation: https://www.coursera.org/admin/ibm-skills-network/home/courses
[pool-3-thread-1] INFO pages.AdminCoursesPage - Searched for course: Agentic AI with LangChain and LangGraph
[pool-3-thread-1] INFO pages.AdminCoursesPage - Checking page 1 for course: Agentic AI with LangChain and LangGraph
[pool-3-thread-1] INFO pages.AdminCoursesPage - Number of course links found on page 1: 9
[pool-3-thread-1] INFO pages.AdminCoursesPage - Found course link: Title='Version 1', Href='https://www.coursera.org/teach/agentic-ai-with-langchain-and-langgraph/jRGszxY8EfCc8Q4nSGC5tQ/content/edit'
[pool-3-thread-1] INFO pages.AdminCoursesPage - Attempting to click course link using Actions...
[pool-3-thread-1] INFO pages.AdminCoursesPage - Successfully navigated to teach page: https://www.coursera.org/teach/agentic-ai-with-langchain-and-langgraph/jRGszxY8EfCc8Q4nSGC5tQ/content/edit
[pool-3-thread-1] INFO pages.AdminCoursesPage - Navigating to Analytics page...
[pool-3-thread-1] INFO pages.AdminCoursesPage - Clicked Analytics tab
[pool-3-thread-1] INFO pages.AdminCoursesPage - Navigating to Ratings section...
[pool-3-thread-1] INFO pages.AdminCoursesPage - Clicked Ratings section using standard click
[pool-3-thread-1] INFO pages.AdminCoursesPage - Changing branch merger to Live Version...
[pool-3-thread-1] INFO pages.AdminCoursesPage - Clicked branch merger dropdown.
[pool-3-thread-1] INFO pages.AdminCoursesPage - Dropdown options are visible.
[pool-3-thread-1] INFO pages.AdminCoursesPage - Extracted version number: Version 1
[pool-3-thread-1] INFO pages.AdminCoursesPage - Clicked Live version option using standard click.
[pool-3-thread-4] INFO pages.AdminCoursesPage - Successfully changed branch merger to Live Version.
[pool-3-thread-4] INFO pages.AdminCoursesPage - Scraped rating: 4.7
[pool-3-thread-2] WARN pages.AdminCoursesPage - Click did not navigate. Directly navigating to: https://www.coursera.org/teach/exploitation-and-penetration-testing-with-metasploit/course
[pool-3-thread-2] INFO pages.AdminCoursesPage - Navigated to teach page via direct navigation: https://www.coursera.org/teach/exploitation-and-penetration-testing-with-metasploit/course/overview
[pool-3-thread-2] INFO pages.AdminCoursesPage - Navigating to Analytics page...
[pool-3-thread-2] INFO pages.AdminCoursesPage - Clicked Analytics tab
[pool-3-thread-2] INFO pages.AdminCoursesPage - Navigating to Ratings section...
[pool-3-thread-3] INFO pages.AdminCoursesPage - No 'Next' button found. Assuming this is the last page.
[pool-3-thread-3] INFO testcases.IdentifyCoursesTest -   [THREAD-pool-3-thread-3] ✓ Completed: Vector Database Projects: AI Recommendation Systems
[pool-3-thread-3] INFO utils.PerformanceMetrics - METRIC | course_Vector Database Projects: AI Recommendation Systems | 318870 ms
[pool-3-thread-3] INFO testcases.IdentifyCoursesTest -   [THREAD-pool-3-thread-3] Scraping: Vector Databases for RAG: An Introduction
[pool-3-thread-2] INFO pages.AdminCoursesPage - Clicked Ratings section using standard click
[pool-3-thread-2] INFO pages.AdminCoursesPage - Changing branch merger to Live Version...
[pool-3-thread-3] INFO pages.AdminCoursesPage - Navigating to Admin Courses page: https://www.coursera.org/admin/ibm-skills-network/home/courses
[pool-3-thread-1] INFO pages.AdminCoursesPage - Successfully changed branch merger to Live Version.
[pool-3-thread-1] INFO pages.AdminCoursesPage - Scraped rating: 4.6
[pool-3-thread-3] INFO pages.AdminCoursesPage - Current URL after navigation: https://www.coursera.org/admin/ibm-skills-network/home/courses
[pool-3-thread-3] INFO pages.AdminCoursesPage - Searched for course: Vector Databases for RAG: An Introduction
[pool-3-thread-3] INFO pages.AdminCoursesPage - Checking page 1 for course: Vector Databases for RAG: An Introduction
[pool-3-thread-3] INFO pages.AdminCoursesPage - Number of course links found on page 1: 9
[pool-3-thread-3] INFO pages.AdminCoursesPage - Found course link: Title='Version 1', Href='https://www.coursera.org/teach/vector-databases-for-rag-an-introduction/Vzn-kRP8EfCk7gr_3iO-uQ/content/edit'
[pool-3-thread-3] INFO pages.AdminCoursesPage - Attempting to click course link using Actions...
[pool-3-thread-3] INFO pages.AdminCoursesPage - Successfully navigated to teach page: https://www.coursera.org/teach/vector-databases-for-rag-an-introduction/Vzn-kRP8EfCk7gr_3iO-uQ/content/edit
[pool-3-thread-3] INFO pages.AdminCoursesPage - Navigating to Analytics page...
[pool-3-thread-3] INFO pages.AdminCoursesPage - Clicked Analytics tab
[pool-3-thread-3] INFO pages.AdminCoursesPage - Navigating to Ratings section...
[pool-3-thread-3] INFO pages.AdminCoursesPage - Clicked Ratings section using standard click
[pool-3-thread-3] INFO pages.AdminCoursesPage - Changing branch merger to Live Version...
[pool-3-thread-3] INFO pages.AdminCoursesPage - Clicked branch merger dropdown.
[pool-3-thread-3] INFO pages.AdminCoursesPage - Dropdown options are visible.
[pool-3-thread-3] INFO pages.AdminCoursesPage - Extracted version number: Version 1
[pool-3-thread-3] INFO pages.AdminCoursesPage - Clicked Live version option using standard click.
[pool-3-thread-2] ERROR pages.AdminCoursesPage - Failed to set branch merger to Live Version: Expected condition failed: waiting for element to be clickable: By.xpath: //div[contains(@class, 'rc-BranchSwitcher')]//div[@role='button'] (tried for 5 second(s) with 500 milliseconds interval)
Build info: version: '4.26.0', revision: '8ccf0219d7'
System info: os.name: 'Mac OS X', os.arch: 'aarch64', os.version: '26.4.1', java.version: '25.0.2'
Driver info: org.openqa.selenium.chrome.ChromeDriver
Capabilities {acceptInsecureCerts: false, browserName: chrome, browserVersion: 147.0.7727.56, chrome: {chromedriverVersion: 147.0.7727.56 (b28eac7a1a97..., userDataDir: /var/folders/kp/p2pl3nl1007...}, fedcm:accounts: true, goog:chromeOptions: {debuggerAddress: localhost:62811}, goog:processID: 41101, networkConnectionEnabled: false, pageLoadStrategy: normal, platformName: mac, proxy: Proxy(), se:cdp: ws://localhost:62811/devtoo..., se:cdpVersion: 147.0.7727.56, setWindowRect: true, strictFileInteractability: false, timeouts: {implicit: 0, pageLoad: 300000, script: 30000}, unhandledPromptBehavior: dismiss and notify, webauthn:extension:credBlob: true, webauthn:extension:largeBlob: true, webauthn:extension:minPinLength: true, webauthn:extension:prf: true, webauthn:virtualAuthenticators: true}
Session ID: 065ed26510791cb90ae11277b7549272
[pool-3-thread-2] INFO pages.AdminCoursesPage - Screenshot saved as branch-merger-failure-screenshot.png
[pool-3-thread-2] ERROR pages.AdminCoursesPage - Failed to scrape rating: Unable to set branch merger to Live Version
[pool-3-thread-2] ERROR pages.AdminCoursesPage - Failed to navigate to Analytics and scrape rating: Rating scraping failed
[pool-3-thread-2] INFO pages.AdminCoursesPage - Screenshot saved as analytics-scrape-error-screenshot.png
[pool-3-thread-4] INFO pages.AdminCoursesPage - No 'Next' button found. Assuming this is the last page.
[pool-3-thread-4] INFO testcases.IdentifyCoursesTest -   [THREAD-pool-3-thread-4] ✓ Completed: Relational Database Administration Capstone Project
[pool-3-thread-4] INFO utils.PerformanceMetrics - METRIC | course_Relational Database Administration Capstone Project | 351297 ms
[pool-3-thread-4] INFO testcases.IdentifyCoursesTest -   [THREAD-pool-3-thread-4] Scraping: Search Engine Optimization and Content Marketing
[pool-3-thread-3] INFO pages.AdminCoursesPage - Successfully changed branch merger to Live Version.
[pool-3-thread-3] INFO pages.AdminCoursesPage - Scraped rating: 4.7
[pool-3-thread-4] INFO pages.AdminCoursesPage - Navigating to Admin Courses page: https://www.coursera.org/admin/ibm-skills-network/home/courses
[pool-3-thread-4] INFO pages.AdminCoursesPage - Current URL after navigation: https://www.coursera.org/admin/ibm-skills-network/home/courses
[pool-3-thread-4] INFO pages.AdminCoursesPage - Searched for course: Search Engine Optimization and Content Marketing
[pool-3-thread-4] INFO pages.AdminCoursesPage - Checking page 1 for course: Search Engine Optimization and Content Marketing
[pool-3-thread-4] INFO pages.AdminCoursesPage - Number of course links found on page 1: 2
[pool-3-thread-4] INFO pages.AdminCoursesPage - Found course link: Title='Version 1', Href='https://www.coursera.org/teach/cybersecurity-job-search-resume-and-interview-prep/05KvWJnaEe6ZVg6lscp7ZQ/content/edit'
[pool-3-thread-4] INFO pages.AdminCoursesPage - Matched course using lenient word matching: 2 words matched out of 5
[pool-3-thread-4] INFO pages.AdminCoursesPage - Attempting to click course link using Actions...
[pool-3-thread-1] INFO pages.AdminCoursesPage - No 'Next' button found. Assuming this is the last page.
[pool-3-thread-1] INFO testcases.IdentifyCoursesTest -   [THREAD-pool-3-thread-1] ✓ Completed: Agentic AI with LangChain and LangGraph
[pool-3-thread-1] INFO utils.PerformanceMetrics - METRIC | course_Agentic AI with LangChain and LangGraph | 366166 ms
[pool-3-thread-1] INFO testcases.IdentifyCoursesTest -   [THREAD-pool-3-thread-1] Scraping: Incident Response and Defense with OpenVAS
[pool-3-thread-4] INFO pages.AdminCoursesPage - Successfully navigated to teach page: https://www.coursera.org/teach/cybersecurity-job-search-resume-and-interview-prep/05KvWJnaEe6ZVg6lscp7ZQ/content/edit
[pool-3-thread-4] INFO pages.AdminCoursesPage - Navigating to Analytics page...
[pool-3-thread-1] INFO pages.AdminCoursesPage - Navigating to Admin Courses page: https://www.coursera.org/admin/ibm-skills-network/home/courses
[pool-3-thread-4] INFO pages.AdminCoursesPage - Clicked Analytics tab
[pool-3-thread-4] INFO pages.AdminCoursesPage - Navigating to Ratings section...
[pool-3-thread-4] INFO pages.AdminCoursesPage - Clicked Ratings section using standard click
[pool-3-thread-4] INFO pages.AdminCoursesPage - Changing branch merger to Live Version...
[pool-3-thread-4] INFO pages.AdminCoursesPage - Clicked branch merger dropdown.
[pool-3-thread-4] INFO pages.AdminCoursesPage - Dropdown options are visible.
[pool-3-thread-4] INFO pages.AdminCoursesPage - Extracted version number: Version 1
[pool-3-thread-4] INFO pages.AdminCoursesPage - Clicked Live version option using standard click.
[pool-3-thread-1] INFO pages.AdminCoursesPage - Current URL after navigation: https://www.coursera.org/admin/ibm-skills-network/home/courses
[pool-3-thread-1] INFO pages.AdminCoursesPage - Searched for course: Incident Response and Defense with OpenVAS
[pool-3-thread-1] INFO pages.AdminCoursesPage - Checking page 1 for course: Incident Response and Defense with OpenVAS
[pool-3-thread-1] INFO pages.AdminCoursesPage - Number of course links found on page 1: 8
[pool-3-thread-1] INFO pages.AdminCoursesPage - Found course link: Title='Version 1', Href='https://www.coursera.org/teach/incident-response-and-defense-with-openvas/oFaHfRrFEfCwdwr_1g1Hsw/content/edit'
[pool-3-thread-1] INFO pages.AdminCoursesPage - Attempting to click course link using Actions...
[pool-3-thread-2] INFO pages.AdminCoursesPage - No 'Next' button found. Assuming this is the last page.
[pool-3-thread-2] INFO testcases.IdentifyCoursesTest -   [THREAD-pool-3-thread-2] ✓ Completed: Exploitation and Penetration Testing with Metasploit
[pool-3-thread-2] INFO utils.PerformanceMetrics - METRIC | course_Exploitation and Penetration Testing with Metasploit | 379634 ms
[pool-3-thread-2] INFO testcases.IdentifyCoursesTest -   [THREAD-pool-3-thread-2] Scraping: Capstone Project: Applying UI/UX Design in the Real World
[pool-3-thread-1] INFO pages.AdminCoursesPage - Successfully navigated to teach page: https://www.coursera.org/teach/incident-response-and-defense-with-openvas/oFaHfRrFEfCwdwr_1g1Hsw/content/edit
[pool-3-thread-1] INFO pages.AdminCoursesPage - Navigating to Analytics page...
[pool-3-thread-1] INFO pages.AdminCoursesPage - Clicked Analytics tab
[pool-3-thread-1] INFO pages.AdminCoursesPage - Navigating to Ratings section...
[pool-3-thread-1] INFO pages.AdminCoursesPage - Clicked Ratings section using standard click
[pool-3-thread-1] INFO pages.AdminCoursesPage - Changing branch merger to Live Version...
[pool-3-thread-1] INFO pages.AdminCoursesPage - Clicked branch merger dropdown.
[pool-3-thread-1] INFO pages.AdminCoursesPage - Dropdown options are visible.
[pool-3-thread-2] INFO pages.AdminCoursesPage - Navigating to Admin Courses page: https://www.coursera.org/admin/ibm-skills-network/home/courses
[pool-3-thread-1] INFO pages.AdminCoursesPage - Extracted version number: Version 1
[pool-3-thread-1] INFO pages.AdminCoursesPage - Clicked Live version option using standard click.
[pool-3-thread-2] INFO pages.AdminCoursesPage - Current URL after navigation: https://www.coursera.org/admin/ibm-skills-network/home/courses
[pool-3-thread-2] INFO pages.AdminCoursesPage - Searched for course: Capstone Project: Applying UI/UX Design in the Real World
[pool-3-thread-2] INFO pages.AdminCoursesPage - Checking page 1 for course: Capstone Project: Applying UI/UX Design in the Real World
[pool-3-thread-2] INFO pages.AdminCoursesPage - Number of course links found on page 1: 7
[pool-3-thread-2] INFO pages.AdminCoursesPage - Found course link: Title='Version 1', Href='https://www.coursera.org/teach/ux-ui-captsone-project/XaHRnRY8EfCwdwr_1g1Hsw/content/edit'
[pool-3-thread-2] INFO pages.AdminCoursesPage - Found course link: Title='Version 1', Href='https://www.coursera.org/teach/introduction-to-uxui-design/0zE83QZoEfC6EhJcncb--Q/content/edit'
[pool-3-thread-2] INFO pages.AdminCoursesPage - Found course link: Title='Session 1', Href='https://www.coursera.org/teach/capstone-project-applying-business-analysis-skills/T6G7p4vcEe--oAr_y6Q6Xw/content/edit'
[pool-3-thread-2] INFO pages.AdminCoursesPage - Matched course using lenient word matching: 3 words matched out of 6
[pool-3-thread-2] INFO pages.AdminCoursesPage - Attempting to click course link using Actions...
[pool-3-thread-4] INFO pages.AdminCoursesPage - Successfully changed branch merger to Live Version.
[pool-3-thread-4] INFO pages.AdminCoursesPage - Scraped rating: 4.9
[pool-3-thread-2] INFO pages.AdminCoursesPage - Successfully navigated to teach page: https://www.coursera.org/teach/capstone-project-applying-business-analysis-skills/T6G7p4vcEe--oAr_y6Q6Xw/content/edit
[pool-3-thread-2] INFO pages.AdminCoursesPage - Navigating to Analytics page...
[pool-3-thread-2] INFO pages.AdminCoursesPage - Clicked Analytics tab
[pool-3-thread-2] INFO pages.AdminCoursesPage - Navigating to Ratings section...
[pool-3-thread-2] INFO pages.AdminCoursesPage - Clicked Ratings section using standard click
[pool-3-thread-2] INFO pages.AdminCoursesPage - Changing branch merger to Live Version...
[pool-3-thread-2] INFO pages.AdminCoursesPage - Clicked branch merger dropdown.
[pool-3-thread-2] INFO pages.AdminCoursesPage - Dropdown options are visible.
[pool-3-thread-2] INFO pages.AdminCoursesPage - Extracted version number: Session 1
[pool-3-thread-2] INFO pages.AdminCoursesPage - Clicked Live version option using standard click.
[pool-3-thread-3] INFO pages.AdminCoursesPage - No 'Next' button found. Assuming this is the last page.
[pool-3-thread-3] INFO testcases.IdentifyCoursesTest -   [THREAD-pool-3-thread-3] ✓ Completed: Vector Databases for RAG: An Introduction
[pool-3-thread-3] INFO utils.PerformanceMetrics - METRIC | course_Vector Databases for RAG: An Introduction | 397800 ms
[pool-3-thread-3] INFO testcases.IdentifyCoursesTest -   [THREAD-pool-3-thread-3] Scraping: Agentic AI with LangGraph, CrewAI, AutoGen and BeeAI
[pool-3-thread-3] INFO pages.AdminCoursesPage - Navigating to Admin Courses page: https://www.coursera.org/admin/ibm-skills-network/home/courses
[pool-3-thread-1] INFO pages.AdminCoursesPage - Successfully changed branch merger to Live Version.
[pool-3-thread-1] INFO pages.AdminCoursesPage - Scraped rating: 5
[pool-3-thread-3] INFO pages.AdminCoursesPage - Current URL after navigation: https://www.coursera.org/admin/ibm-skills-network/home/courses
[pool-3-thread-3] INFO pages.AdminCoursesPage - Searched for course: Agentic AI with LangGraph, CrewAI, AutoGen and BeeAI
[pool-3-thread-3] INFO pages.AdminCoursesPage - Checking page 1 for course: Agentic AI with LangGraph, CrewAI, AutoGen and BeeAI
[pool-3-thread-3] INFO pages.AdminCoursesPage - Number of course links found on page 1: 9
[pool-3-thread-3] INFO pages.AdminCoursesPage - Found course link: Title='Version 1', Href='https://www.coursera.org/teach/agentic-ai-with-langgraph-crewai-autogen-and-beeai/9iXahRY8EfCwdwr_1g1Hsw/content/edit'
[pool-3-thread-3] INFO pages.AdminCoursesPage - Attempting to click course link using Actions...
[pool-3-thread-3] INFO pages.AdminCoursesPage - Successfully navigated to teach page: https://www.coursera.org/teach/agentic-ai-with-langgraph-crewai-autogen-and-beeai/9iXahRY8EfCwdwr_1g1Hsw/content/edit
[pool-3-thread-3] INFO pages.AdminCoursesPage - Navigating to Analytics page...
[pool-3-thread-3] INFO pages.AdminCoursesPage - Clicked Analytics tab
[pool-3-thread-3] INFO pages.AdminCoursesPage - Navigating to Ratings section...
[pool-3-thread-3] INFO pages.AdminCoursesPage - Clicked Ratings section using standard click
[pool-3-thread-3] INFO pages.AdminCoursesPage - Changing branch merger to Live Version...
[pool-3-thread-3] INFO pages.AdminCoursesPage - Clicked branch merger dropdown.
[pool-3-thread-3] INFO pages.AdminCoursesPage - Dropdown options are visible.
[pool-3-thread-3] INFO pages.AdminCoursesPage - Extracted version number: Version 1
[pool-3-thread-3] INFO pages.AdminCoursesPage - Clicked Live version option using standard click.
[pool-3-thread-2] INFO pages.AdminCoursesPage - Successfully changed branch merger to Live Version.
[pool-3-thread-2] INFO pages.AdminCoursesPage - Scraped rating: 3.8
[pool-3-thread-4] INFO pages.AdminCoursesPage - No 'Next' button found. Assuming this is the last page.
[pool-3-thread-4] INFO testcases.IdentifyCoursesTest -   [THREAD-pool-3-thread-4] ✓ Completed: Search Engine Optimization and Content Marketing
[pool-3-thread-4] INFO utils.PerformanceMetrics - METRIC | course_Search Engine Optimization and Content Marketing | 432374 ms
[pool-3-thread-4] INFO testcases.IdentifyCoursesTest -   [THREAD-pool-3-thread-4] Scraping: Systems Analyst Capstone Project
[pool-3-thread-3] INFO pages.AdminCoursesPage - Successfully changed branch merger to Live Version.
[pool-3-thread-3] INFO pages.AdminCoursesPage - Scraped rating: 4.8
[pool-3-thread-4] INFO pages.AdminCoursesPage - Navigating to Admin Courses page: https://www.coursera.org/admin/ibm-skills-network/home/courses
[pool-3-thread-4] INFO pages.AdminCoursesPage - Current URL after navigation: https://www.coursera.org/admin/ibm-skills-network/home/courses
[pool-3-thread-4] INFO pages.AdminCoursesPage - Searched for course: Systems Analyst Capstone Project
[pool-3-thread-4] INFO pages.AdminCoursesPage - Checking page 1 for course: Systems Analyst Capstone Project
[pool-3-thread-1] INFO pages.AdminCoursesPage - No 'Next' button found. Assuming this is the last page.
[pool-3-thread-1] INFO testcases.IdentifyCoursesTest -   [THREAD-pool-3-thread-1] ✓ Completed: Incident Response and Defense with OpenVAS
[pool-3-thread-1] INFO utils.PerformanceMetrics - METRIC | course_Incident Response and Defense with OpenVAS | 444820 ms
[pool-3-thread-1] INFO testcases.IdentifyCoursesTest -   [THREAD-pool-3-thread-1] Scraping: Introduction to HTML, CSS, & JavaScript
[pool-3-thread-4] INFO pages.AdminCoursesPage - Number of course links found on page 1: 9
[pool-3-thread-4] INFO pages.AdminCoursesPage - Found course link: Title='Version 1', Href='https://www.coursera.org/teach/systems-analyst-capstone-project/lNGoFBrGEfC5wQ7Ux-t3bw/content/edit'
[pool-3-thread-4] INFO pages.AdminCoursesPage - Attempting to click course link using Actions...
[pool-3-thread-1] INFO pages.AdminCoursesPage - Navigating to Admin Courses page: https://www.coursera.org/admin/ibm-skills-network/home/courses
[pool-3-thread-4] INFO pages.AdminCoursesPage - Successfully navigated to teach page: https://www.coursera.org/teach/systems-analyst-capstone-project/lNGoFBrGEfC5wQ7Ux-t3bw/content/edit
[pool-3-thread-4] INFO pages.AdminCoursesPage - Navigating to Analytics page...
[pool-3-thread-4] INFO pages.AdminCoursesPage - Clicked Analytics tab
[pool-3-thread-4] INFO pages.AdminCoursesPage - Navigating to Ratings section...
[pool-3-thread-1] INFO pages.AdminCoursesPage - Current URL after navigation: https://www.coursera.org/admin/ibm-skills-network/home/courses
[pool-3-thread-1] INFO pages.AdminCoursesPage - Searched for course: Introduction to HTML, CSS, & JavaScript
[pool-3-thread-4] INFO pages.AdminCoursesPage - Clicked Ratings section using standard click
[pool-3-thread-4] INFO pages.AdminCoursesPage - Changing branch merger to Live Version...
[pool-3-thread-4] INFO pages.AdminCoursesPage - Clicked branch merger dropdown.
[pool-3-thread-4] INFO pages.AdminCoursesPage - Dropdown options are visible.
[pool-3-thread-4] INFO pages.AdminCoursesPage - Extracted version number: Version 1
[pool-3-thread-4] INFO pages.AdminCoursesPage - Clicked Live version option using standard click.
[pool-3-thread-1] INFO pages.AdminCoursesPage - Checking page 1 for course: Introduction to HTML, CSS, & JavaScript
[pool-3-thread-1] INFO pages.AdminCoursesPage - Number of course links found on page 1: 7
[pool-3-thread-1] INFO pages.AdminCoursesPage - Found course link: Title='New Version 2', Href='https://www.coursera.org/teach/introduction-html-css-javascript/authoringBranch~t9ubHDrLEfC3HAr_0KfBDw/content/edit'
[pool-3-thread-1] INFO pages.AdminCoursesPage - Matched course using lenient word matching: 3 words matched out of 3
[pool-3-thread-1] INFO pages.AdminCoursesPage - Attempting to click course link using Actions...
[pool-3-thread-2] INFO pages.AdminCoursesPage - No 'Next' button found. Assuming this is the last page.
[pool-3-thread-2] INFO testcases.IdentifyCoursesTest -   [THREAD-pool-3-thread-2] ✓ Completed: Capstone Project: Applying UI/UX Design in the Real World
[pool-3-thread-2] INFO utils.PerformanceMetrics - METRIC | course_Capstone Project: Applying UI/UX Design in the Real World | 457418 ms
[pool-3-thread-2] INFO testcases.IdentifyCoursesTest -   [THREAD-pool-3-thread-2] Scraping: Capstone Project: Digital Marketing and Growth Hacking
[pool-3-thread-1] INFO pages.AdminCoursesPage - Successfully navigated to teach page: https://www.coursera.org/teach/introduction-html-css-javascript/authoringBranch~t9ubHDrLEfC3HAr_0KfBDw/content/edit
[pool-3-thread-1] INFO pages.AdminCoursesPage - Navigating to Analytics page...
[pool-3-thread-2] INFO pages.AdminCoursesPage - Navigating to Admin Courses page: https://www.coursera.org/admin/ibm-skills-network/home/courses
[pool-3-thread-1] INFO pages.AdminCoursesPage - Clicked Analytics tab
[pool-3-thread-1] INFO pages.AdminCoursesPage - Navigating to Ratings section...
[pool-3-thread-1] INFO pages.AdminCoursesPage - Clicked Ratings section using standard click
[pool-3-thread-1] INFO pages.AdminCoursesPage - Changing branch merger to Live Version...
[pool-3-thread-1] INFO pages.AdminCoursesPage - Clicked branch merger dropdown.
[pool-3-thread-1] INFO pages.AdminCoursesPage - Dropdown options are visible.
[pool-3-thread-1] INFO pages.AdminCoursesPage - Extracted version number: New Version 2
[pool-3-thread-1] INFO pages.AdminCoursesPage - Clicked Live version option using standard click.
[pool-3-thread-2] INFO pages.AdminCoursesPage - Current URL after navigation: https://www.coursera.org/admin/ibm-skills-network/home/courses
[pool-3-thread-2] INFO pages.AdminCoursesPage - Searched for course: Capstone Project: Digital Marketing and Growth Hacking
[pool-3-thread-2] INFO pages.AdminCoursesPage - Checking page 1 for course: Capstone Project: Digital Marketing and Growth Hacking
[pool-3-thread-2] INFO pages.AdminCoursesPage - Number of course links found on page 1: 10
[pool-3-thread-2] INFO pages.AdminCoursesPage - Found course link: Title='Session 1', Href='https://www.coursera.org/teach/capstone-project--digital-marketing-and-growth-hacking/Gh1NmRrGEfCtChLmIEQv9w/content/edit'
[pool-3-thread-2] INFO pages.AdminCoursesPage - Attempting to click course link using Actions...
[pool-3-thread-2] INFO pages.AdminCoursesPage - Successfully navigated to teach page: https://www.coursera.org/teach/capstone-project--digital-marketing-and-growth-hacking/Gh1NmRrGEfCtChLmIEQv9w/content/edit
[pool-3-thread-2] INFO pages.AdminCoursesPage - Navigating to Analytics page...
[pool-3-thread-4] INFO pages.AdminCoursesPage - Successfully changed branch merger to Live Version.
[pool-3-thread-4] INFO pages.AdminCoursesPage - Scraped rating: 5
[pool-3-thread-2] INFO pages.AdminCoursesPage - Clicked Analytics tab
[pool-3-thread-2] INFO pages.AdminCoursesPage - Navigating to Ratings section...
[pool-3-thread-2] INFO pages.AdminCoursesPage - Clicked Ratings section using standard click
[pool-3-thread-2] INFO pages.AdminCoursesPage - Changing branch merger to Live Version...
[pool-3-thread-2] INFO pages.AdminCoursesPage - Clicked branch merger dropdown.
[pool-3-thread-2] INFO pages.AdminCoursesPage - Dropdown options are visible.
[pool-3-thread-2] INFO pages.AdminCoursesPage - Extracted version number: Session 1
[pool-3-thread-2] INFO pages.AdminCoursesPage - Clicked Live version option using standard click.
[pool-3-thread-3] INFO pages.AdminCoursesPage - No 'Next' button found. Assuming this is the last page.
[pool-3-thread-3] INFO testcases.IdentifyCoursesTest -   [THREAD-pool-3-thread-3] ✓ Completed: Agentic AI with LangGraph, CrewAI, AutoGen and BeeAI
[pool-3-thread-3] INFO utils.PerformanceMetrics - METRIC | course_Agentic AI with LangGraph, CrewAI, AutoGen and BeeAI | 476398 ms
[pool-3-thread-3] INFO testcases.IdentifyCoursesTest -   [THREAD-pool-3-thread-3] Scraping: Introduction to Systems Architecture
[pool-3-thread-3] INFO pages.AdminCoursesPage - Navigating to Admin Courses page: https://www.coursera.org/admin/ibm-skills-network/home/courses
[pool-3-thread-1] INFO pages.AdminCoursesPage - Successfully changed branch merger to Live Version.
[pool-3-thread-1] INFO pages.AdminCoursesPage - Scraped rating: 4.4
[pool-3-thread-3] INFO pages.AdminCoursesPage - Current URL after navigation: https://www.coursera.org/admin/ibm-skills-network/home/courses
[pool-3-thread-3] INFO pages.AdminCoursesPage - Searched for course: Introduction to Systems Architecture
[pool-3-thread-3] INFO pages.AdminCoursesPage - Checking page 1 for course: Introduction to Systems Architecture
[pool-3-thread-3] INFO pages.AdminCoursesPage - Number of course links found on page 1: 7
[pool-3-thread-3] INFO pages.AdminCoursesPage - Found course link: Title='Version 1', Href='https://www.coursera.org/teach/introduction-to-systems-architecture/ryboyo2dEfCWYxI4N3bFDw/content/edit'
[pool-3-thread-3] INFO pages.AdminCoursesPage - Attempting to click course link using Actions...
[pool-3-thread-3] INFO pages.AdminCoursesPage - Successfully navigated to teach page: https://www.coursera.org/teach/introduction-to-systems-architecture/ryboyo2dEfCWYxI4N3bFDw/content/edit
[pool-3-thread-3] INFO pages.AdminCoursesPage - Navigating to Analytics page...
[pool-3-thread-3] INFO pages.AdminCoursesPage - Clicked Analytics tab
[pool-3-thread-3] INFO pages.AdminCoursesPage - Navigating to Ratings section...
[pool-3-thread-3] INFO pages.AdminCoursesPage - Clicked Ratings section using standard click
[pool-3-thread-3] INFO pages.AdminCoursesPage - Changing branch merger to Live Version...
[pool-3-thread-3] INFO pages.AdminCoursesPage - Clicked branch merger dropdown.
[pool-3-thread-3] INFO pages.AdminCoursesPage - Dropdown options are visible.
[pool-3-thread-3] INFO pages.AdminCoursesPage - Extracted version number: Version 1
[pool-3-thread-3] INFO pages.AdminCoursesPage - Clicked Live version option using standard click.
[pool-3-thread-2] INFO pages.AdminCoursesPage - Successfully changed branch merger to Live Version.
[pool-3-thread-2] INFO pages.AdminCoursesPage - Scraped rating: 4.8
[pool-3-thread-4] INFO pages.AdminCoursesPage - No 'Next' button found. Assuming this is the last page.
[pool-3-thread-4] INFO testcases.IdentifyCoursesTest -   [THREAD-pool-3-thread-4] ✓ Completed: Systems Analyst Capstone Project
[pool-3-thread-4] INFO utils.PerformanceMetrics - METRIC | course_Systems Analyst Capstone Project | 513635 ms
[pool-3-thread-4] INFO testcases.IdentifyCoursesTest -   [THREAD-pool-3-thread-4] Scraping: Ethical Hacking Capstone Project: Breach, Response, AI
[pool-3-thread-3] INFO pages.AdminCoursesPage - Successfully changed branch merger to Live Version.
[...]
[pool-3-thread-4] INFO testcases.IdentifyCoursesTest -   [THREAD-pool-3-thread-4] ✓ Completed: Artificial Intelligence (AI) Education for Teachers
[pool-3-thread-4] INFO utils.PerformanceMetrics - METRIC | course_Artificial Intelligence (AI) Education for Teachers | 768163 ms
[main] INFO testcases.IdentifyCoursesTest - Sublist 5 Results Summary:
[main] INFO testcases.IdentifyCoursesTest -   - Completed: 33 courses
[main] INFO testcases.IdentifyCoursesTest -   - Failed: 0 courses
[main] INFO testcases.IdentifyCoursesTest -   - Success Rate: {:.1f}%
[main] INFO testcases.IdentifyCoursesTest -   - Time: 768 seconds
[main] INFO testcases.IdentifyCoursesTest - Exporting 33 courses to: coursera_course_ratings_sublist_5_20260414.xlsx
[main] INFO pages.AdminCoursesPage - Exporting 33 courses to Excel: coursera_course_ratings_sublist_5_20260414.xlsx
[main] INFO utils.ExcelExporter - Excel file written: 33 rows in 36ms to coursera_course_ratings_sublist_5_20260414.xlsx
[main] INFO utils.PerformanceMetrics - METRIC | excel_export_5 | 38 ms
[main] INFO testcases.IdentifyCoursesTest - ✓ EXPORTED: coursera_course_ratings_sublist_5_20260414.xlsx
[main] INFO utils.CheckpointManager - Checkpoint saved: batch=sublist_5, processed=5, results=33
[main] INFO testcases.IdentifyCoursesTest - ✓ CHECKPOINT SAVED: sublist_5 with 33 courses
[main] INFO utils.PerformanceMetrics - METRIC | sublist_5 | 768206 ms
[main] INFO testcases.IdentifyCoursesTest - ========== SUBLIST 5 COMPLETE ==========

[main] INFO utils.CheckpointManager - Checkpoint deleted
[main] INFO testcases.IdentifyCoursesTest - ✓ Checkpoint deleted (test completed successfully)

[main] INFO testcases.IdentifyCoursesTest - Shutting down executor service...
[main] INFO testcases.IdentifyCoursesTest - ✓ Executor service shutdown complete
[main] INFO utils.PerformanceMetrics - METRIC | total_execution | 3143904 ms
[main] INFO testcases.IdentifyCoursesTest - ========== TEST EXECUTION COMPLETE ==========
[main] INFO testcases.IdentifyCoursesTest - Total Execution Time: 3143904 ms (52 minutes and 23 seconds)
[main] INFO utils.PerformanceMetrics - ===== PERFORMANCE SUMMARY =====
[main] INFO utils.PerformanceMetrics - METRIC | sublist_1 | 264 ms
[main] INFO utils.PerformanceMetrics - METRIC | course_Introduction to Systems Analysis | 0 ms
[main] INFO utils.PerformanceMetrics - METRIC | course_Introduction to Digital Marketing | 0 ms
[main] INFO utils.PerformanceMetrics - METRIC | course_Build Multimodal Generative AI Applications | 0 ms
[main] INFO utils.PerformanceMetrics - METRIC | course_Ethical Hacking with Kali Linux | 0 ms
[main] INFO utils.PerformanceMetrics - METRIC | course_Cloud Native, Microservices, Containers, DevOps and Agile | 98057 ms
[main] INFO utils.PerformanceMetrics - METRIC | course_Build RAG Applications: Get Started | 99274 ms
[main] INFO utils.PerformanceMetrics - METRIC | course_Statistics and Clustering in Python | 113296 ms
[main] INFO utils.PerformanceMetrics - METRIC | course_Vector Databases: An Introduction with Chroma DB | 135847 ms
[main] INFO utils.PerformanceMetrics - METRIC | course_Encryption and Cryptography Essentials | 188520 ms
[main] INFO utils.PerformanceMetrics - METRIC | course_Generative AI: Accelerate your Digital Marketing Career | 192467 ms
[main] INFO utils.PerformanceMetrics - METRIC | course_Java Development Capstone Project | 202121 ms
[main] INFO utils.PerformanceMetrics - METRIC | course_Generative AI: Empowering Modern Education | 218217 ms
[main] INFO utils.PerformanceMetrics - METRIC | course_Fundamentals of Building AI Agents | 269620 ms
[main] INFO utils.PerformanceMetrics - METRIC | course_Product Owner Capstone | 273470 ms
[main] INFO utils.PerformanceMetrics - METRIC | course_Introduction to UX/UI Design | 282005 ms
[main] INFO utils.PerformanceMetrics - METRIC | course_Vector Database Projects: AI Recommendation Systems | 318870 ms
[main] INFO utils.PerformanceMetrics - METRIC | course_Relational Database Administration Capstone Project | 351297 ms
[main] INFO utils.PerformanceMetrics - METRIC | course_Agentic AI with LangChain and LangGraph | 366166 ms
[main] INFO utils.PerformanceMetrics - METRIC | course_Exploitation and Penetration Testing with Metasploit | 379634 ms
[main] INFO utils.PerformanceMetrics - METRIC | course_Vector Databases for RAG: An Introduction | 397800 ms
[main] INFO utils.PerformanceMetrics - METRIC | course_Search Engine Optimization and Content Marketing | 432374 ms
[main] INFO utils.PerformanceMetrics - METRIC | course_Incident Response and Defense with OpenVAS | 444820 ms
[main] INFO utils.PerformanceMetrics - METRIC | course_Capstone Project: Applying UI/UX Design in the Real World | 457418 ms
[main] INFO utils.PerformanceMetrics - METRIC | course_Agentic AI with LangGraph, CrewAI, AutoGen and BeeAI | 476398 ms
[main] INFO utils.PerformanceMetrics - METRIC | course_Systems Analyst Capstone Project | 513635 ms
[main] INFO utils.PerformanceMetrics - METRIC | course_Introduction to HTML, CSS, & JavaScript | 523989 ms
[main] INFO utils.PerformanceMetrics - METRIC | course_Capstone Project: Digital Marketing and Growth Hacking | 535903 ms
[main] INFO utils.PerformanceMetrics - METRIC | course_Introduction to Systems Architecture | 555481 ms
[main] INFO utils.PerformanceMetrics - METRIC | course_GenAI for SEO: A Hands-On Playbook | 585093 ms
[main] INFO utils.PerformanceMetrics - METRIC | course_Ethical Hacking Capstone Project: Breach, Response, AI | 594777 ms
[main] INFO utils.PerformanceMetrics - METRIC | course_Generative AI: Boost Your Sales Career | 602956 ms
[main] INFO utils.PerformanceMetrics - METRIC | course_Systems and Solutions Architect Capstone Project | 605549 ms
[main] INFO utils.PerformanceMetrics - METRIC | course_Designing Hybrid and Multicloud Architectures | 656452 ms
[main] INFO utils.PerformanceMetrics - METRIC | course_Hybrid Cloud: Networking, Storage and Data Management | 663012 ms
[main] INFO utils.PerformanceMetrics - METRIC | course_Build AI Agents using MCP | 673757 ms
[main] INFO utils.PerformanceMetrics - METRIC | course_Cloud Operations, Monitoring, Security, and Compliance | 683130 ms
[main] INFO utils.PerformanceMetrics - METRIC | course_RAG and Agentic AI Capstone Project | 736213 ms
[main] INFO utils.PerformanceMetrics - METRIC | course_Hybrid Cloud Capstone Project | 741744 ms
[main] INFO utils.PerformanceMetrics - METRIC | course_What is Data Science? | 753753 ms
[main] INFO utils.PerformanceMetrics - METRIC | excel_export_2 | 43 ms
[main] INFO utils.PerformanceMetrics - METRIC | sublist_2 | 753802 ms
[main] INFO utils.PerformanceMetrics - METRIC | course_SQL for Data Science with R | 82565 ms
[main] INFO utils.PerformanceMetrics - METRIC | course_Python for Data Science, AI & Development | 83288 ms
[main] INFO utils.PerformanceMetrics - METRIC | course_Databases and SQL for Data Science with Python | 85145 ms
[main] INFO utils.PerformanceMetrics - METRIC | course_Tools for Data Science | 85694 ms
[main] INFO utils.PerformanceMetrics - METRIC | course_Advanced RAG with Vector Databases and Retrievers | 168063 ms
[main] INFO utils.PerformanceMetrics - METRIC | course_Data Analysis with Python | 168285 ms
[main] INFO utils.PerformanceMetrics - METRIC | course_UX Research and Information Architecture | 187062 ms
[main] INFO utils.PerformanceMetrics - METRIC | course_Software Testing, Deployment, and Maintenance Strategies | 196831 ms
[main] INFO utils.PerformanceMetrics - METRIC | course_Data Science Methodology | 226553 ms
[main] INFO utils.PerformanceMetrics - METRIC | course_Machine Learning with Python | 252038 ms
[main] INFO utils.PerformanceMetrics - METRIC | course_Introduction to Data Analytics | 267589 ms
[main] INFO utils.PerformanceMetrics - METRIC | course_Data Visualization with Python | 277629 ms
[main] INFO utils.PerformanceMetrics - METRIC | course_Python Project for Data Science | 305762 ms
[main] INFO utils.PerformanceMetrics - METRIC | course_Excel Basics for Data Analysis | 331691 ms
[main] INFO utils.PerformanceMetrics - METRIC | course_Applied Data Science Capstone | 345785 ms
[main] INFO utils.PerformanceMetrics - METRIC | course_Introduction to Cybersecurity Tools & Cyberattacks | 361231 ms
[main] INFO utils.PerformanceMetrics - METRIC | course_Introduction to Cloud Computing | 388589 ms
[main] INFO utils.PerformanceMetrics - METRIC | course_Data Visualization and Dashboards with Excel and Cognos | 410174 ms
[main] INFO utils.PerformanceMetrics - METRIC | course_Introduction to Artificial Intelligence (AI) | 426452 ms
[main] INFO utils.PerformanceMetrics - METRIC | course_Introduction to Data Engineering | 441339 ms
[main] INFO utils.PerformanceMetrics - METRIC | course_Introduction to Web Development with HTML, CSS, JavaScript | 489474 ms
[main] INFO utils.PerformanceMetrics - METRIC | course_Operating Systems: Overview, Administration, and Security | 497962 ms
[main] INFO utils.PerformanceMetrics - METRIC | course_IBM Data Analyst Capstone Project | 516236 ms
[main] INFO utils.PerformanceMetrics - METRIC | course_Getting Started with Git and GitHub | 521493 ms
[main] INFO utils.PerformanceMetrics - METRIC | course_Cybersecurity Compliance Framework, Standards & Regulations | 542196 ms
[main] INFO utils.PerformanceMetrics - METRIC | course_Developing AI Applications with Python and Flask | 576827 ms
[main] INFO utils.PerformanceMetrics - METRIC | course_Hands-on Introduction to Linux Commands and Shell Scripting | 596601 ms
[main] INFO utils.PerformanceMetrics - METRIC | course_Introduction to Software Engineering | 607925 ms
[main] INFO utils.PerformanceMetrics - METRIC | course_Introduction to DevOps | 620627 ms
[main] INFO utils.PerformanceMetrics - METRIC | course_Penetration Testing, Threat Hunting, and Cryptography | 646880 ms
[main] INFO utils.PerformanceMetrics - METRIC | course_Computer Networks and Network Security | 656451 ms
[main] INFO utils.PerformanceMetrics - METRIC | course_Introduction to Containers w/ Docker, Kubernetes & OpenShift | 658454 ms
[main] INFO utils.PerformanceMetrics - METRIC | course_Generative AI: Introduction and Applications | 700337 ms
[main] INFO utils.PerformanceMetrics - METRIC | course_Introduction to Agile Development and Scrum | 736543 ms
[main] INFO utils.PerformanceMetrics - METRIC | course_Exploratory Data Analysis for Machine Learning | 737318 ms
[main] INFO utils.PerformanceMetrics - METRIC | course_Incident Response and Digital Forensics | 747478 ms
[main] INFO utils.PerformanceMetrics - METRIC | course_Building AI Powered Chatbots Without Programming | 781501 ms
[main] INFO utils.PerformanceMetrics - METRIC | course_Introduction to Deep Learning & Neural Networks with Keras | 815344 ms
[main] INFO utils.PerformanceMetrics - METRIC | course_Cybersecurity Case Studies and Capstone Project | 816305 ms
[main] INFO utils.PerformanceMetrics - METRIC | excel_export_3 | 31 ms
[main] INFO utils.PerformanceMetrics - METRIC | sublist_3 | 816339 ms
[main] INFO utils.PerformanceMetrics - METRIC | course_Introduction to Neural Networks and PyTorch | 87223 ms
[main] INFO utils.PerformanceMetrics - METRIC | course_Generative AI: Prompt Engineering Basics | 87281 ms
[main] INFO utils.PerformanceMetrics - METRIC | course_Introduction to Relational Databases (RDBMS) | 87281 ms
[main] INFO utils.PerformanceMetrics - METRIC | course_Developing Front-End Apps with React | 88632 ms
[main] INFO utils.PerformanceMetrics - METRIC | course_Application Development using Microservices and Serverless | 140661 ms
[main] INFO utils.PerformanceMetrics - METRIC | course_Cybersecurity Assessment: CompTIA Security+ & CYSA+ | 169435 ms
[main] INFO utils.PerformanceMetrics - METRIC | course_Python Project for Data Engineering | 170403 ms
[main] INFO utils.PerformanceMetrics - METRIC | course_Introduction to Computer Vision and Image Processing | 176030 ms
[main] INFO utils.PerformanceMetrics - METRIC | course_ETL and Data Pipelines with Shell, Airflow and Kafka | 223004 ms
[main] INFO utils.PerformanceMetrics - METRIC | course_Developing Back-End Apps with Node.js and Express | 248372 ms
[main] INFO utils.PerformanceMetrics - METRIC | course_Introduction to Project Management | 251886 ms
[main] INFO utils.PerformanceMetrics - METRIC | course_Django Application Development with SQL and Databases | 257165 ms
[main] INFO utils.PerformanceMetrics - METRIC | course_Deep Learning with Keras and Tensorflow | 304741 ms
[main] INFO utils.PerformanceMetrics - METRIC | course_Introduction to Big Data with Spark and Hadoop | 325091 ms
[main] INFO utils.PerformanceMetrics - METRIC | course_Introduction to Hardware and Operating Systems | 335685 ms
[main] INFO utils.PerformanceMetrics - METRIC | course_Relational Database Administration (DBA) | 340045 ms
[main] INFO utils.PerformanceMetrics - METRIC | course_Supervised Machine Learning: Regression | 385887 ms
[main] INFO utils.PerformanceMetrics - METRIC | course_AI Capstone Project with Deep Learning | 406478 ms
[main] INFO utils.PerformanceMetrics - METRIC | course_Data Warehouse Fundamentals | 415659 ms
[main] INFO utils.PerformanceMetrics - METRIC | course_Introduction to NoSQL Databases | 420901 ms
[main] INFO utils.PerformanceMetrics - METRIC | course_Introduction to R Programming for Data Science | 467005 ms
[main] INFO utils.PerformanceMetrics - METRIC | course_Introduction to Technical Support | 486580 ms
[main] INFO utils.PerformanceMetrics - METRIC | course_Full Stack Application Development Capstone Project | 494914 ms
[main] INFO utils.PerformanceMetrics - METRIC | course_Product Management: An Introduction | 509459 ms
[main] INFO utils.PerformanceMetrics - METRIC | course_Supervised Machine Learning: Classification | 547702 ms
[main] INFO utils.PerformanceMetrics - METRIC | course_Full Stack Software Developer Assessment | 564192 ms
[main] INFO utils.PerformanceMetrics - METRIC | course_Introduction to Cybersecurity Essentials | 576562 ms
[main] INFO utils.PerformanceMetrics - METRIC | course_Scalable Machine Learning on Big Data using Apache Spark | 587815 ms
[main] INFO utils.PerformanceMetrics - METRIC | course_Unsupervised Machine Learning | 627655 ms
[main] INFO utils.PerformanceMetrics - METRIC | course_Deep Learning and Reinforcement Learning | 644315 ms
[main] INFO utils.PerformanceMetrics - METRIC | course_Introduction to Software, Programming, and Databases | 658549 ms
[main] INFO utils.PerformanceMetrics - METRIC | course_Data Engineering Capstone Project | 671134 ms
[main] INFO utils.PerformanceMetrics - METRIC | course_Generative AI: Elevate Your Data Science Career | 710811 ms
[main] INFO utils.PerformanceMetrics - METRIC | course_Introduction to Networking and Storage | 725750 ms
[main] INFO utils.PerformanceMetrics - METRIC | course_Continuous Integration and Continuous Delivery (CI/CD) | 736527 ms
[main] INFO utils.PerformanceMetrics - METRIC | course_Statistics for Data Science with Python | 754371 ms
[main] INFO utils.PerformanceMetrics - METRIC | course_Introduction to Test and Behavior Driven Development | 762785 ms
[main] INFO utils.PerformanceMetrics - METRIC | course_Data Scientist Career Guide and Interview Preparation | 786080 ms
[main] INFO utils.PerformanceMetrics - METRIC | course_Introduction to Cybersecurity Careers | 805248 ms
[main] INFO utils.PerformanceMetrics - METRIC | excel_export_4 | 36 ms
[main] INFO utils.PerformanceMetrics - METRIC | sublist_4 | 805287 ms
[main] INFO utils.PerformanceMetrics - METRIC | course_Assessment for Data Analysis and Visualization Foundations | 84040 ms
[main] INFO utils.PerformanceMetrics - METRIC | course_Application Security for Developers and DevOps Professionals | 89016 ms
[main] INFO utils.PerformanceMetrics - METRIC | course_SQL: A Practical Introduction for Querying Databases | 90119 ms
[main] INFO utils.PerformanceMetrics - METRIC | course_Data Analysis with R | 90988 ms
[main] INFO utils.PerformanceMetrics - METRIC | course_Software Developer Career Guide and Interview Preparation | 144104 ms
[main] INFO utils.PerformanceMetrics - METRIC | course_Generative AI: Enhance your Data Analytics Career | 171574 ms
[main] INFO utils.PerformanceMetrics - METRIC | course_Machine Learning with Apache Spark | 172568 ms
[main] INFO utils.PerformanceMetrics - METRIC | course_DevOps Capstone Project | 173980 ms
[main] INFO utils.PerformanceMetrics - METRIC | course_Data Analyst Career Guide and Interview Preparation | 224256 ms
[main] INFO utils.PerformanceMetrics - METRIC | course_Generative AI: Elevate your Software Development Career | 236570 ms
[main] INFO utils.PerformanceMetrics - METRIC | course_Machine Learning Capstone | 254623 ms
[main] INFO utils.PerformanceMetrics - METRIC | course_Data Visualization with R | 255936 ms
[main] INFO utils.PerformanceMetrics - METRIC | course_Collaborate Effectively for Professional Success | 303561 ms
[main] INFO utils.PerformanceMetrics - METRIC | course_Building Generative AI-Powered Applications with Python | 318029 ms
[main] INFO utils.PerformanceMetrics - METRIC | course_Information Technology (IT) Fundamentals for Everyone | 335789 ms
[main] INFO utils.PerformanceMetrics - METRIC | course_Getting Started with Front-End and Web Development | 337873 ms
[main] INFO utils.PerformanceMetrics - METRIC | course_Specialized Models: Time Series and Survival Analysis | 387681 ms
[main] INFO utils.PerformanceMetrics - METRIC | course_Designing User Interfaces and Experiences (UI/UX) | 415284 ms
[main] INFO utils.PerformanceMetrics - METRIC | course_Technical Support (IT) Case Studies and Capstone | 416716 ms
[main] INFO utils.PerformanceMetrics - METRIC | course_Project Management Capstone | 416994 ms
[main] INFO utils.PerformanceMetrics - METRIC | course_Monitoring and Observability for Development and DevOps | 439620 ms
[main] INFO utils.PerformanceMetrics - METRIC | course_Generative AI: Foundation Models and Platforms | 499979 ms
[main] INFO utils.PerformanceMetrics - METRIC | course_Data Science with R - Capstone Project | 500445 ms
[main] INFO utils.PerformanceMetrics - METRIC | course_Developing Interpersonal Skills | 500616 ms
[main] INFO utils.PerformanceMetrics - METRIC | course_Business Intelligence (BI) Essentials | 519244 ms
[main] INFO utils.PerformanceMetrics - METRIC | course_Generative AI and LLMs: Architecture and Data Preparation | 582304 ms
[main] INFO utils.PerformanceMetrics - METRIC | course_Present with Purpose: Create/Deliver Effective Presentations | 583613 ms
[main] INFO utils.PerformanceMetrics - METRIC | course_Solving Problems with Creative and Critical Thinking | 585673 ms
[main] INFO utils.PerformanceMetrics - METRIC | course_GenAI for Executives & Business Leaders: An Introduction | 598194 ms
[main] INFO utils.PerformanceMetrics - METRIC | course_People and Soft Skills Assessment | 663239 ms
[main] INFO utils.PerformanceMetrics - METRIC | course_Introduction to Business Analysis | 665222 ms
[main] INFO utils.PerformanceMetrics - METRIC | course_Core 1: Hardware and Network Troubleshooting | 665292 ms
[main] INFO utils.PerformanceMetrics - METRIC | course_Gen AI Foundational Models for NLP & Language Understanding | 678261 ms
[main] INFO utils.PerformanceMetrics - METRIC | course_Delivering Quality Work with Agility | 722132 ms
[main] INFO utils.PerformanceMetrics - METRIC | course_Generative AI Language Modeling with Transformers | 758524 ms
[main] INFO utils.PerformanceMetrics - METRIC | course_Fundamentals of AI Agents Using RAG and LangChain | 767455 ms
[main] INFO utils.PerformanceMetrics - METRIC | course_Artificial Intelligence (AI) Education for Teachers | 768163 ms
[main] INFO utils.PerformanceMetrics - METRIC | excel_export_5 | 38 ms
[main] INFO utils.PerformanceMetrics - METRIC | sublist_5 | 768206 ms
[main] INFO utils.PerformanceMetrics - METRIC | total_execution | 3143904 ms
[main] INFO testcases.IdentifyCoursesTest - ========== PERFORMANCE METRICS END ==========

]]></system-err>
  </testcase>
</testsuite>