<?xml version="1.0" encoding="UTF-8"?>
<testng-results ignored="0" total="1" passed="1" failed="0" skipped="0">
  <reporter-output>
  </reporter-output>
  <suite started-at="2026-04-10T09:37:07 IST" name="Coursera Scraper Suite" finished-at="2026-04-10T11:20:35 IST" duration-ms="6208123">
    <groups>
    </groups>
    <test started-at="2026-04-10T09:37:07 IST" name="Course Ratings Test" finished-at="2026-04-10T11:20:35 IST" duration-ms="6208123">
      <class name="testcases.IdentifyCoursesTest">
        <test-method is-config="true" signature="setUp()[pri:0, instance:testcases.IdentifyCoursesTest@5158b42f]" started-at="2026-04-10T09:37:07 IST" name="setUp" finished-at="2026-04-10T09:40:13 IST" duration-ms="186728" status="PASS">
          <reporter-output>
          </reporter-output>
        </test-method> <!-- setUp -->
        <test-method signature="testScrapeCourseRatings()[pri:0, instance:testcases.IdentifyCoursesTest@5158b42f]" started-at="2026-04-10T09:40:13 IST" name="testScrapeCourseRatings" finished-at="2026-04-10T11:20:34 IST" duration-ms="6021033" status="PASS">
          <reporter-output>
          </reporter-output>
        </test-method> <!-- testScrapeCourseRatings -->
        <test-method is-config="true" signature="tearDown()[pri:0, instance:testcases.IdentifyCoursesTest@5158b42f]" started-at="2026-04-10T11:20:34 IST" name="tearDown" finished-at="2026-04-10T11:20:35 IST" duration-ms="345" status="PASS">
          <reporter-output>
          </reporter-output>
        </test-method> <!-- tearDown -->
      </class> <!-- testcases.IdentifyCoursesTest -->
    </test> <!-- Course Ratings Test -->
  </suite> <!-- Coursera Scraper Suite -->
</testng-results>
