<?xml version="1.0" encoding="UTF-8"?>
<testsuite xmlns:xsi="http://www.w3.org/2001/XMLSchema-instance" xsi:noNamespaceSchemaLocation="https://maven.apache.org/surefire/maven-surefire-plugin/xsd/surefire-test-report-3.0.xsd" version="3.0" name="testcases.IdentifyCoursesTest" time="2931.149" tests="1" errors="0" skipped="0" failures="0">
  <properties>
[...]
</properties>
  <testcase name="testScrapeCourseRatings" classname="testcases.IdentifyCoursesTest" time="2911.196">
    <system-err><![CDATA[[main] INFO base.BasePage - Config loaded successfully
[main] INFO testcases.IdentifyCoursesTest - ========== TEST SETUP START ==========
[main] INFO base.BasePage - Initializing browser: chrome, headless: true
[main] INFO io.github.bonigarcia.wdm.WebDriverManager - Using chromedriver 147.0.7727.56 (resolved driver for Chrome 147)
[main] INFO io.github.bonigarcia.wdm.WebDriverManager - Exporting webdriver.chrome.driver as /Users/skillup281/.cache/selenium/chromedriver/mac-arm64/147.0.7727.56/chromedriver
Apr 15, 2026 12:34:24 PM org.openqa.selenium.devtools.CdpVersionFinder findNearestMatch
WARNING: Unable to find CDP implementation matching 147
Apr 15, 2026 12:34:24 PM org.openqa.selenium.chromium.ChromiumDriver lambda$new$5
WARNING: Unable to find version of CDP to use for 147.0.7727.56. You may need to include a dependency on a specific version of the CDP using something similar to `org.seleniumhq.selenium:selenium-devtools-v86:4.26.0` where the version ("v86") matches the version of the chromium-based browser you're using and the version number of the artifact is the same as Selenium's.
[main] INFO base.BasePage - Navigating to URL: https://www.coursera.org
[main] INFO base.BasePage - Cookies loaded
[main] INFO base.BasePage - All pages initialized successfully
[main] INFO config.AppConfig - Configuration loaded from classpath: config.properties
[main] INFO utils.WebDriverPool - Initializing WebDriver pool with 4 drivers
[main] INFO io.github.bonigarcia.wdm.WebDriverManager - Using chromedriver 147.0.7727.56 (resolved driver for Chrome 147)
[main] INFO io.github.bonigarcia.wdm.WebDriverManager - Exporting webdriver.chrome.driver as /Users/skillup281/.cache/selenium/chromedriver/mac-arm64/147.0.7727.56/chromedriver
Apr 15, 2026 12:34:37 PM org.openqa.selenium.devtools.CdpVersionFinder findNearestMatch
WARNING: Unable to find CDP implementation matching 147
Apr 15, 2026 12:34:37 PM org.openqa.selenium.chromium.ChromiumDriver lambda$new$5
WARNING: Unable to find version of CDP to use for 147.0.7727.56. You may need to include a dependency on a specific version of the CDP using something similar to `org.seleniumhq.selenium:selenium-devtools-v86:4.26.0` where the version ("v86") matches the version of the chromium-based browser you're using and the version number of the artifact is the same as Selenium's.
[main] INFO io.github.bonigarcia.wdm.WebDriverManager - Using chromedriver 147.0.7727.56 (resolved driver for Chrome 147)
[main] INFO io.github.bonigarcia.wdm.WebDriverManager - Exporting webdriver.chrome.driver as /Users/skillup281/.cache/selenium/chromedriver/mac-arm64/147.0.7727.56/chromedriver
Apr 15, 2026 12:34:38 PM org.openqa.selenium.devtools.CdpVersionFinder findNearestMatch
WARNING: Unable to find CDP implementation matching 147
Apr 15, 2026 12:34:38 PM org.openqa.selenium.chromium.ChromiumDriver lambda$new$5
WARNING: Unable to find version of CDP to use for 147.0.7727.56. You may need to include a dependency on a specific version of the CDP using something similar to `org.seleniumhq.selenium:selenium-devtools-v86:4.26.0` where the version ("v86") matches the version of the chromium-based browser you're using and the version number of the artifact is the same as Selenium's.
[main] INFO io.github.bonigarcia.wdm.WebDriverManager - Using chromedriver 147.0.7727.56 (resolved driver for Chrome 147)
[main] INFO io.github.bonigarcia.wdm.WebDriverManager - Exporting webdriver.chrome.driver as /Users/skillup281/.cache/selenium/chromedriver/mac-arm64/147.0.7727.56/chromedriver
Apr 15, 2026 12:34:38 PM org.openqa.selenium.devtools.CdpVersionFinder findNearestMatch
WARNING: Unable to find CDP implementation matching 147
Apr 15, 2026 12:34:38 PM org.openqa.selenium.chromium.ChromiumDriver lambda$new$5
WARNING: Unable to find version of CDP to use for 147.0.7727.56. You may need to include a dependency on a specific version of the CDP using something similar to `org.seleniumhq.selenium:selenium-devtools-v86:4.26.0` where the version ("v86") matches the version of the chromium-based browser you're using and the version number of the artifact is the same as Selenium's.
[main] INFO io.github.bonigarcia.wdm.WebDriverManager - Using chromedriver 147.0.7727.56 (resolved driver for Chrome 147)
[main] INFO io.github.bonigarcia.wdm.WebDriverManager - Exporting webdriver.chrome.driver as /Users/skillup281/.cache/selenium/chromedriver/mac-arm64/147.0.7727.56/chromedriver
Apr 15, 2026 12:34:39 PM org.openqa.selenium.devtools.CdpVersionFinder findNearestMatch
WARNING: Unable to find CDP implementation matching 147
Apr 15, 2026 12:34:39 PM org.openqa.selenium.chromium.ChromiumDriver lambda$new$5
WARNING: Unable to find version of CDP to use for 147.0.7727.56. You may need to include a dependency on a specific version of the CDP using something similar to `org.seleniumhq.selenium:selenium-devtools-v86:4.26.0` where the version ("v86") matches the version of the chromium-based browser you're using and the version number of the artifact is the same as Selenium's.
[main] INFO utils.WebDriverPool - WebDriver pool initialized successfully
[main] INFO testcases.IdentifyCoursesTest - Test setup completed successfully
[main] INFO testcases.IdentifyCoursesTest -   Configuration:
[main] INFO testcases.IdentifyCoursesTest -     - Thread Pool Size: 4
[main] INFO testcases.IdentifyCoursesTest -     - Headless Mode: false
[main] INFO testcases.IdentifyCoursesTest -     - Cache Enabled: true
[main] INFO testcases.IdentifyCoursesTest -     - Checkpoint Enabled: true
[main] INFO testcases.IdentifyCoursesTest -     - Partners: [skillup]
[main] INFO testcases.IdentifyCoursesTest -   Utilities Initialized:
[main] INFO testcases.IdentifyCoursesTest -     - WebDriverPool: Ready (4 instances)
[main] INFO testcases.IdentifyCoursesTest -     - CourseCache: Ready
[main] INFO testcases.IdentifyCoursesTest -     - CheckpointManager: Ready
[main] INFO testcases.IdentifyCoursesTest -     - PerformanceMetrics: Ready
[main] INFO testcases.IdentifyCoursesTest - ========== TEST SETUP END ==========

[main] INFO testcases.IdentifyCoursesTest - ========== TEST EXECUTION START ==========
[main] INFO testcases.IdentifyCoursesTest - Test Configuration:
[main] INFO testcases.IdentifyCoursesTest -   - Partners: [skillup]
[main] INFO testcases.IdentifyCoursesTest -   - Thread Pool Size: 4
[main] INFO testcases.IdentifyCoursesTest -   - Batch Size: 5 sublists
[main] INFO testcases.IdentifyCoursesTest -   - Cache Enabled: true
[main] INFO testcases.IdentifyCoursesTest -   - Checkpoint Enabled: true
[main] INFO testcases.IdentifyCoursesTest - Loading course list for partner 'skillup' from file: /Users/skillup281/Library/CloudStorage/OneDrive-FlexibleRoadLLC/Desktop/scraper-main 2 copy/course_lists/courses_skillup.txt
[main] INFO testcases.IdentifyCoursesTest - Loaded 138 course names for partner 'skillup' from file
[main] INFO testcases.IdentifyCoursesTest -   - Total Courses: 138
[main] INFO testcases.IdentifyCoursesTest - Saved partner course list to /Users/skillup281/Library/CloudStorage/OneDrive-FlexibleRoadLLC/Desktop/scraper-main 2 copy/./reports/courses_skillup_20260415.txt
[main] INFO utils.CourseCache - Cache loaded from disk: 124 entries
[main] INFO testcases.IdentifyCoursesTest - 
========== STARTING PARTNER SCRAPE: skillup ==========
[main] INFO testcases.IdentifyCoursesTest -   - Admin URL: https://www.coursera.org/admin/skillup-ed-tech/home/courses
[main] INFO testcases.IdentifyCoursesTest -   - Cache File: course_cache_skillup.json
[main] INFO testcases.IdentifyCoursesTest -   - Checkpoint File: scraper_checkpoint_skillup.json
[main] INFO testcases.IdentifyCoursesTest - Processing 138 courses in 5 sublists of ~28 courses each

[main] INFO testcases.IdentifyCoursesTest - ========== PROCESSING PARTNER skillup SUBLIST 1 (28 courses) ==========
[main] INFO utils.CheckpointManager - No checkpoint file found. Starting fresh
[pool-3-thread-2] INFO testcases.IdentifyCoursesTest -   [THREAD-pool-3-thread-2] Scraping: ProjectManagement Communication, Stakeholders & Leadership
[pool-3-thread-1] INFO testcases.IdentifyCoursesTest -   [THREAD-pool-3-thread-1] Scraping: Project Lifecycle, Information Sharing, and Risk Management
[pool-3-thread-3] INFO testcases.IdentifyCoursesTest -   [THREAD-pool-3-thread-3] Scraping: Introdction to Scrum Master Profession
[main] INFO testcases.IdentifyCoursesTest -   [CACHE HIT] Product Management: Foundations & Stakeholder Collaboration
[main] INFO utils.PerformanceMetrics - METRIC | skillup_course_Product Management: Foundations & Stakeholder Collaboration | 0 ms
[main] INFO testcases.IdentifyCoursesTest -   [CACHE HIT] Product Management: Building AI-Powered Products
[main] INFO utils.PerformanceMetrics - METRIC | skillup_course_Product Management: Building AI-Powered Products | 0 ms
[main] INFO testcases.IdentifyCoursesTest -   [CACHE HIT] The Business Intelligence (BI) Analyst Capstone Project
[pool-3-thread-4] INFO testcases.IdentifyCoursesTest -   [THREAD-pool-3-thread-4] Scraping: Offic Productivity Software and Windows Fundamentals
[main] INFO utils.PerformanceMetrics - METRIC | skillup_course_The Business Intelligence (BI) Analyst Capstone Project | 0 ms
[main] INFO testcases.IdentifyCoursesTest -   [CACHE HIT] Business Analysis: Preparation Exam for ECBA Certification
[main] INFO utils.PerformanceMetrics - METRIC | skillup_course_Business Analysis: Preparation Exam for ECBA Certification | 0 ms
[main] INFO testcases.IdentifyCoursesTest - Waiting for 24 courses to complete...
[pool-3-thread-1] INFO pages.AdminCoursesPage - Navigating to Admin Courses page: https://www.coursera.org/admin/skillup-ed-tech/home/courses
[pool-3-thread-4] INFO pages.AdminCoursesPage - Navigating to Admin Courses page: https://www.coursera.org/admin/skillup-ed-tech/home/courses
[pool-3-thread-3] INFO pages.AdminCoursesPage - Navigating to Admin Courses page: https://www.coursera.org/admin/skillup-ed-tech/home/courses
[pool-3-thread-4] INFO pages.AdminCoursesPage - Current URL after navigation: https://www.coursera.org/admin/skillup-ed-tech/home/courses
[pool-3-thread-4] INFO pages.AdminCoursesPage - Searched for course: Offic Productivity Software and Windows Fundamentals
[pool-3-thread-2] INFO pages.AdminCoursesPage - Navigating to Admin Courses page: https://www.coursera.org/admin/skillup-ed-tech/home/courses
[pool-3-thread-4] INFO pages.AdminCoursesPage - Checking page 1 for course: Offic Productivity Software and Windows Fundamentals
[pool-3-thread-4] INFO pages.AdminCoursesPage - Number of course links found on page 1: 7
[pool-3-thread-4] INFO pages.AdminCoursesPage - Found course link: Title='Version 1', Href='https://www.coursera.org/teach/office-productivity-software-windows-fundamentals1/qHPLMLz6Ee27UBLe0pSwKw/content/edit'
[pool-3-thread-4] INFO pages.AdminCoursesPage - Matched course using lenient word matching: 5 words matched out of 5
[pool-3-thread-4] INFO pages.AdminCoursesPage - Attempting to click course link using Actions...
[pool-3-thread-4] INFO pages.AdminCoursesPage - Successfully navigated to teach page: https://www.coursera.org/teach/office-productivity-software-windows-fundamentals1/qHPLMLz6Ee27UBLe0pSwKw/content/edit
[pool-3-thread-4] INFO pages.AdminCoursesPage - Navigating to Analytics page...
[pool-3-thread-4] INFO pages.AdminCoursesPage - Standard click failed, attempting JavaScript click...
[pool-3-thread-4] INFO pages.AdminCoursesPage - Clicked Analytics tab
[pool-3-thread-4] INFO pages.AdminCoursesPage - Navigating to Ratings section...
[pool-3-thread-4] INFO pages.AdminCoursesPage - Clicked Ratings section using standard click
[pool-3-thread-4] INFO pages.AdminCoursesPage - Changing branch merger to Live Version...
[pool-3-thread-4] INFO pages.AdminCoursesPage - Clicked branch merger dropdown.
[pool-3-thread-4] INFO pages.AdminCoursesPage - Dropdown options are visible.
[pool-3-thread-4] INFO pages.AdminCoursesPage - Extracted version number: Version 1
[pool-3-thread-4] INFO pages.AdminCoursesPage - Clicked Live version option using standard click.
[pool-3-thread-1] INFO pages.AdminCoursesPage - Current URL after navigation: https://www.coursera.org/admin/skillup-ed-tech/home/courses
[pool-3-thread-1] INFO pages.AdminCoursesPage - Searched for course: Project Lifecycle, Information Sharing, and Risk Management
[pool-3-thread-1] INFO pages.AdminCoursesPage - Checking page 1 for course: Project Lifecycle, Information Sharing, and Risk Management
[pool-3-thread-1] INFO pages.AdminCoursesPage - Number of course links found on page 1: 6
[pool-3-thread-1] INFO pages.AdminCoursesPage - Found course link: Title='Version 1', Href='https://www.coursera.org/teach/project-lifecycle-information-sharing-risk-management/U8oywLiDEe2JRwrr7Dn4Ew/content/edit'
[pool-3-thread-1] INFO pages.AdminCoursesPage - Matched course using lenient word matching: 6 words matched out of 6
[pool-3-thread-1] INFO pages.AdminCoursesPage - Attempting to click course link using Actions...
[pool-3-thread-2] INFO pages.AdminCoursesPage - Current URL after navigation: https://www.coursera.org/admin/skillup-ed-tech/home/courses
[pool-3-thread-2] INFO pages.AdminCoursesPage - Searched for course: ProjectManagement Communication, Stakeholders & Leadership
[pool-3-thread-2] INFO pages.AdminCoursesPage - Checking page 1 for course: ProjectManagement Communication, Stakeholders & Leadership
[pool-3-thread-2] INFO pages.AdminCoursesPage - Number of course links found on page 1: 1
[pool-3-thread-2] INFO pages.AdminCoursesPage - Found course link: Title='Version 1', Href='https://www.coursera.org/teach/product-management-foundations-and-stakeholder-collaboration/2N7ltmIxEe62wwrYx-2qTQ/content/edit'
[pool-3-thread-1] INFO pages.AdminCoursesPage - Successfully navigated to teach page: https://www.coursera.org/teach/project-lifecycle-information-sharing-risk-management/U8oywLiDEe2JRwrr7Dn4Ew/content/edit
[pool-3-thread-1] INFO pages.AdminCoursesPage - Navigating to Analytics page...
[pool-3-thread-1] INFO pages.AdminCoursesPage - Standard click failed, attempting JavaScript click...
[pool-3-thread-1] INFO pages.AdminCoursesPage - Clicked Analytics tab
[pool-3-thread-4] INFO pages.AdminCoursesPage - Successfully changed branch merger to Live Version.
[pool-3-thread-4] INFO pages.AdminCoursesPage - Scraped rating: 4.7
[pool-3-thread-3] INFO pages.AdminCoursesPage - Current URL after navigation: https://www.coursera.org/admin/skillup-ed-tech/home/courses
[pool-3-thread-3] INFO pages.AdminCoursesPage - Searched for course: Introdction to Scrum Master Profession
[pool-3-thread-3] INFO pages.AdminCoursesPage - Checking page 1 for course: Introdction to Scrum Master Profession
[pool-3-thread-3] INFO pages.AdminCoursesPage - Number of course links found on page 1: 8
[pool-3-thread-3] INFO pages.AdminCoursesPage - Found course link: Title='CMO_M1 Optimization', Href='https://www.coursera.org/teach/introduction-to-scrum-master-profession/authoringBranch~EcR33QBTEfGr_Q7vYF7eIw/content/edit'
[pool-3-thread-3] INFO pages.AdminCoursesPage - Matched course using lenient word matching: 3 words matched out of 4
[pool-3-thread-3] INFO pages.AdminCoursesPage - Attempting to click course link using Actions...
[pool-3-thread-3] INFO pages.AdminCoursesPage - Successfully navigated to teach page: https://www.coursera.org/teach/introduction-to-scrum-master-profession/authoringBranch~EcR33QBTEfGr_Q7vYF7eIw/content/edit
[pool-3-thread-3] INFO pages.AdminCoursesPage - Navigating to Analytics page...
[pool-3-thread-3] INFO pages.AdminCoursesPage - Standard click failed, attempting JavaScript click...
[pool-3-thread-3] INFO pages.AdminCoursesPage - Clicked Analytics tab
[pool-3-thread-3] INFO pages.AdminCoursesPage - Navigating to Ratings section...
[pool-3-thread-3] INFO pages.AdminCoursesPage - Standard click failed, attempting JavaScript click...
[pool-3-thread-3] INFO pages.AdminCoursesPage - Clicked Ratings section using JavaScript click
[pool-3-thread-3] INFO pages.AdminCoursesPage - Changing branch merger to Live Version...
[pool-3-thread-3] INFO pages.AdminCoursesPage - Clicked branch merger dropdown.
[pool-3-thread-3] INFO pages.AdminCoursesPage - Dropdown options are visible.
[pool-3-thread-3] INFO pages.AdminCoursesPage - Extracted version number: CMO_M1 Optimization
[pool-3-thread-3] INFO pages.AdminCoursesPage - Clicked Live version option using standard click.
[pool-3-thread-1] ERROR pages.AdminCoursesPage - Failed to navigate to Analytics: Expected condition failed: waiting for url to contain "analytics". Current url: "https://www.coursera.org/teach/project-lifecycle-information-sharing-risk-management/U8oywLiDEe2JRwrr7Dn4Ew/content/edit" (tried for 30 second(s) with 500 milliseconds interval)
Build info: version: '4.26.0', revision: '8ccf0219d7'
System info: os.name: 'Mac OS X', os.arch: 'aarch64', os.version: '26.4.1', java.version: '25.0.2'
Driver info: org.openqa.selenium.chrome.ChromeDriver
Capabilities {acceptInsecureCerts: false, browserName: chrome, browserVersion: 147.0.7727.56, chrome: {chromedriverVersion: 147.0.7727.56 (b28eac7a1a97..., userDataDir: /var/folders/kp/p2pl3nl1007...}, fedcm:accounts: true, goog:chromeOptions: {debuggerAddress: localhost:58169}, goog:processID: 12358, networkConnectionEnabled: false, pageLoadStrategy: normal, platformName: mac, proxy: Proxy(), se:cdp: ws://localhost:58169/devtoo..., se:cdpVersion: 147.0.7727.56, setWindowRect: true, strictFileInteractability: false, timeouts: {implicit: 0, pageLoad: 300000, script: 30000}, unhandledPromptBehavior: dismiss and notify, webauthn:extension:credBlob: true, webauthn:extension:largeBlob: true, webauthn:extension:minPinLength: true, webauthn:extension:prf: true, webauthn:virtualAuthenticators: true}
Session ID: b3a430c5ed74e7585fdd1b80c56b99b0
[pool-3-thread-1] ERROR pages.AdminCoursesPage - Failed to navigate to Analytics and scrape rating: Analytics navigation failed
[pool-3-thread-1] INFO pages.AdminCoursesPage - Screenshot saved as analytics-scrape-error-screenshot.png
[pool-3-thread-2] INFO pages.AdminCoursesPage - No 'Next' button found. Assuming this is the last page.
[pool-3-thread-2] WARN pages.AdminCoursesPage - No versions matched for 'ProjectManagement Communication, Stakeholders & Leadership' after checking all pages.
[pool-3-thread-2] INFO pages.AdminCoursesPage - Screenshot saved as final-no-versions-screenshot.png
[pool-3-thread-2] INFO testcases.IdentifyCoursesTest -   [THREAD-pool-3-thread-2] ✓ Completed: ProjectManagement Communication, Stakeholders & Leadership
[pool-3-thread-2] INFO utils.PerformanceMetrics - METRIC | skillup_course_ProjectManagement Communication, Stakeholders & Leadership | 100950 ms
[pool-3-thread-2] INFO testcases.IdentifyCoursesTest -   [THREAD-pool-3-thread-2] Scraping: Workng as a Scrum Master
[pool-3-thread-2] INFO pages.AdminCoursesPage - Navigating to Admin Courses page: https://www.coursera.org/admin/skillup-ed-tech/home/courses
[pool-3-thread-2] INFO pages.AdminCoursesPage - Current URL after navigation: https://www.coursera.org/admin/skillup-ed-tech/home/courses
[pool-3-thread-2] INFO pages.AdminCoursesPage - Searched for course: Workng as a Scrum Master
[pool-3-thread-4] INFO pages.AdminCoursesPage - No 'Next' button found. Assuming this is the last page.
[pool-3-thread-4] INFO testcases.IdentifyCoursesTest -   [THREAD-pool-3-thread-4] ✓ Completed: Offic Productivity Software and Windows Fundamentals
[pool-3-thread-4] INFO utils.PerformanceMetrics - METRIC | skillup_course_Offic Productivity Software and Windows Fundamentals | 112727 ms
[pool-3-thread-4] INFO testcases.IdentifyCoursesTest -   [THREAD-pool-3-thread-4] Scraping: Pratice Exam for CAPM Certification
[pool-3-thread-2] INFO pages.AdminCoursesPage - Checking page 1 for course: Workng as a Scrum Master
[pool-3-thread-2] INFO pages.AdminCoursesPage - Number of course links found on page 1: 8
[pool-3-thread-2] INFO pages.AdminCoursesPage - Found course link: Title='CMO_M1 Optimization', Href='https://www.coursera.org/teach/working-as-a-scrum-master/authoringBranch~lh2nBwJ5EfG28A6LLakGFQ/content/edit'
[pool-3-thread-2] INFO pages.AdminCoursesPage - Matched course using lenient word matching: 2 words matched out of 3
[pool-3-thread-2] INFO pages.AdminCoursesPage - Attempting to click course link using Actions...
[pool-3-thread-3] INFO pages.AdminCoursesPage - Successfully changed branch merger to Live Version.
[pool-3-thread-3] INFO pages.AdminCoursesPage - Scraped rating: 4.8
[pool-3-thread-4] INFO pages.AdminCoursesPage - Navigating to Admin Courses page: https://www.coursera.org/admin/skillup-ed-tech/home/courses
[pool-3-thread-2] INFO pages.AdminCoursesPage - Successfully navigated to teach page: https://www.coursera.org/teach/working-as-a-scrum-master/authoringBranch~lh2nBwJ5EfG28A6LLakGFQ/content/edit
[pool-3-thread-2] INFO pages.AdminCoursesPage - Navigating to Analytics page...
[pool-3-thread-2] INFO pages.AdminCoursesPage - Standard click failed, attempting JavaScript click...
[pool-3-thread-2] INFO pages.AdminCoursesPage - Clicked Analytics tab
[pool-3-thread-2] INFO pages.AdminCoursesPage - Navigating to Ratings section...
[pool-3-thread-4] INFO pages.AdminCoursesPage - Current URL after navigation: https://www.coursera.org/admin/skillup-ed-tech/home/courses
[pool-3-thread-4] INFO pages.AdminCoursesPage - Searched for course: Pratice Exam for CAPM Certification
[pool-3-thread-2] INFO pages.AdminCoursesPage - Clicked Ratings section using standard click
[pool-3-thread-2] INFO pages.AdminCoursesPage - Changing branch merger to Live Version...
[pool-3-thread-2] INFO pages.AdminCoursesPage - Clicked branch merger dropdown.
[pool-3-thread-2] INFO pages.AdminCoursesPage - Dropdown options are visible.
[pool-3-thread-2] INFO pages.AdminCoursesPage - Extracted version number: CMO_M1 Optimization
[pool-3-thread-2] INFO pages.AdminCoursesPage - Clicked Live version option using standard click.
[pool-3-thread-4] INFO pages.AdminCoursesPage - Checking page 1 for course: Pratice Exam for CAPM Certification
[pool-3-thread-4] INFO pages.AdminCoursesPage - Number of course links found on page 1: 1
[pool-3-thread-4] INFO pages.AdminCoursesPage - Found course link: Title='Version 1', Href='https://www.coursera.org/teach/business-analysis-preparation-exam-for-ecba-certification/2Bmux6DTEe-3hg4qgegfwQ/content/edit'
[pool-3-thread-4] INFO pages.AdminCoursesPage - Matched course using lenient word matching: 2 words matched out of 4
[pool-3-thread-4] INFO pages.AdminCoursesPage - Attempting to click course link using Actions...
[pool-3-thread-4] INFO pages.AdminCoursesPage - Successfully navigated to teach page: https://www.coursera.org/teach/business-analysis-preparation-exam-for-ecba-certification/2Bmux6DTEe-3hg4qgegfwQ/content/edit
[pool-3-thread-4] INFO pages.AdminCoursesPage - Navigating to Analytics page...
[pool-3-thread-4] INFO pages.AdminCoursesPage - Clicked Analytics tab
[pool-3-thread-4] INFO pages.AdminCoursesPage - Navigating to Ratings section...
[pool-3-thread-4] INFO pages.AdminCoursesPage - Clicked Ratings section using standard click
[pool-3-thread-4] INFO pages.AdminCoursesPage - Changing branch merger to Live Version...
[pool-3-thread-4] INFO pages.AdminCoursesPage - Clicked branch merger dropdown.
[pool-3-thread-4] INFO pages.AdminCoursesPage - Dropdown options are visible.
[pool-3-thread-4] INFO pages.AdminCoursesPage - Extracted version number: Version 1
[pool-3-thread-4] INFO pages.AdminCoursesPage - Clicked Live version option using standard click.
[pool-3-thread-1] INFO pages.AdminCoursesPage - No 'Next' button found. Assuming this is the last page.
[pool-3-thread-1] INFO testcases.IdentifyCoursesTest -   [THREAD-pool-3-thread-1] ✓ Completed: Project Lifecycle, Information Sharing, and Risk Management
[pool-3-thread-1] INFO utils.PerformanceMetrics - METRIC | skillup_course_Project Lifecycle, Information Sharing, and Risk Management | 138806 ms
[pool-3-thread-1] INFO testcases.IdentifyCoursesTest -   [THREAD-pool-3-thread-1] Scraping: Scum Master Capstone
[pool-3-thread-2] INFO pages.AdminCoursesPage - Successfully changed branch merger to Live Version.
[pool-3-thread-1] INFO pages.AdminCoursesPage - Navigating to Admin Courses page: https://www.coursera.org/admin/skillup-ed-tech/home/courses
[pool-3-thread-1] INFO pages.AdminCoursesPage - Current URL after navigation: https://www.coursera.org/admin/skillup-ed-tech/home/courses
[pool-3-thread-1] INFO pages.AdminCoursesPage - Searched for course: Scum Master Capstone
[pool-3-thread-4] INFO pages.AdminCoursesPage - Successfully changed branch merger to Live Version.
[pool-3-thread-4] INFO pages.AdminCoursesPage - Scraped rating: 4.8
[pool-3-thread-1] INFO pages.AdminCoursesPage - Checking page 1 for course: Scum Master Capstone
[pool-3-thread-1] INFO pages.AdminCoursesPage - Number of course links found on page 1: 7
[pool-3-thread-1] INFO pages.AdminCoursesPage - Found course link: Title='Version 1', Href='https://www.coursera.org/teach/scrum-master-capstone/e_mpJRHrEe60sQqY-2jk5w/content/edit'
[pool-3-thread-1] INFO pages.AdminCoursesPage - Matched course using lenient word matching: 2 words matched out of 3
[pool-3-thread-1] INFO pages.AdminCoursesPage - Attempting to click course link using Actions...
[pool-3-thread-3] INFO pages.AdminCoursesPage - No 'Next' button found. Assuming this is the last page.
[pool-3-thread-3] INFO testcases.IdentifyCoursesTest -   [THREAD-pool-3-thread-3] ✓ Completed: Introdction to Scrum Master Profession
[pool-3-thread-3] INFO utils.PerformanceMetrics - METRIC | skillup_course_Introdction to Scrum Master Profession | 154254 ms
[pool-3-thread-3] INFO testcases.IdentifyCoursesTest -   [THREAD-pool-3-thread-3] Scraping: Practice Exam for Certified Scrum Master (CSM) Certification
[pool-3-thread-1] INFO pages.AdminCoursesPage - Successfully navigated to teach page: https://www.coursera.org/teach/scrum-master-capstone/e_mpJRHrEe60sQqY-2jk5w/content/edit
[pool-3-thread-1] INFO pages.AdminCoursesPage - Navigating to Analytics page...
[pool-3-thread-1] INFO pages.AdminCoursesPage - Clicked Analytics tab
[pool-3-thread-1] INFO pages.AdminCoursesPage - Navigating to Ratings section...
[pool-3-thread-1] INFO pages.AdminCoursesPage - Clicked Ratings section using standard click
[pool-3-thread-1] INFO pages.AdminCoursesPage - Changing branch merger to Live Version...
[pool-3-thread-2] ERROR pages.AdminCoursesPage - Failed to scrape rating: Expected condition failed: waiting for visibility of element located by By.xpath: //div[contains(@class, 'rc-AverageCourseRating')]//strong (tried for 2 second(s) with 500 milliseconds interval)
Build info: version: '4.26.0', revision: '8ccf0219d7'
System info: os.name: 'Mac OS X', os.arch: 'aarch64', os.version: '26.4.1', java.version: '25.0.2'
Driver info: org.openqa.selenium.chrome.ChromeDriver
Capabilities {acceptInsecureCerts: false, browserName: chrome, browserVersion: 147.0.7727.56, chrome: {chromedriverVersion: 147.0.7727.56 (b28eac7a1a97..., userDataDir: /var/folders/kp/p2pl3nl1007...}, fedcm:accounts: true, goog:chromeOptions: {debuggerAddress: localhost:58181}, goog:processID: 12371, networkConnectionEnabled: false, pageLoadStrategy: normal, platformName: mac, proxy: Proxy(), se:cdp: ws://localhost:58181/devtoo..., se:cdpVersion: 147.0.7727.56, setWindowRect: true, strictFileInteractability: false, timeouts: {implicit: 0, pageLoad: 300000, script: 30000}, unhandledPromptBehavior: dismiss and notify, webauthn:extension:credBlob: true, webauthn:extension:largeBlob: true, webauthn:extension:minPinLength: true, webauthn:extension:prf: true, webauthn:virtualAuthenticators: true}
Session ID: 9867323040c865a86799a8b75181cbce
[pool-3-thread-2] INFO pages.AdminCoursesPage - Screenshot saved as rating-scrape-failure-screenshot.png
[pool-3-thread-1] INFO pages.AdminCoursesPage - Clicked branch merger dropdown.
[pool-3-thread-1] INFO pages.AdminCoursesPage - Dropdown options are visible.
[pool-3-thread-1] INFO pages.AdminCoursesPage - Extracted version number: Version 1
[pool-3-thread-1] INFO pages.AdminCoursesPage - Clicked Live version option using standard click.
[pool-3-thread-1] INFO pages.AdminCoursesPage - Successfully changed branch merger to Live Version.
[pool-3-thread-1] INFO pages.AdminCoursesPage - Scraped rating: 4.8
[pool-3-thread-4] INFO pages.AdminCoursesPage - No 'Next' button found. Assuming this is the last page.
[pool-3-thread-4] INFO testcases.IdentifyCoursesTest -   [THREAD-pool-3-thread-4] ✓ Completed: Pratice Exam for CAPM Certification
[pool-3-thread-4] INFO utils.PerformanceMetrics - METRIC | skillup_course_Pratice Exam for CAPM Certification | 192164 ms
[pool-3-thread-4] INFO testcases.IdentifyCoursesTest -   [THREAD-pool-3-thread-4] Scraping: Product Management: Initial Product Strategy and Plan
[pool-3-thread-4] INFO pages.AdminCoursesPage - Navigating to Admin Courses page: https://www.coursera.org/admin/skillup-ed-tech/home/courses
[pool-3-thread-4] INFO pages.AdminCoursesPage - Current URL after navigation: https://www.coursera.org/admin/skillup-ed-tech/home/courses
[pool-3-thread-4] INFO pages.AdminCoursesPage - Searched for course: Product Management: Initial Product Strategy and Plan
[pool-3-thread-4] INFO pages.AdminCoursesPage - Checking page 1 for course: Product Management: Initial Product Strategy and Plan
[pool-3-thread-4] INFO pages.AdminCoursesPage - Number of course links found on page 1: 2
[pool-3-thread-4] INFO pages.AdminCoursesPage - Found course link: Title='CMO_M1 Optimization', Href='https://www.coursera.org/teach/product-management-building-ai-powered-products/authoringBranch~uFyh9QJ6EfG75RKUFV6d3w/content/edit'
[pool-3-thread-4] INFO pages.AdminCoursesPage - Matched course using lenient word matching: 3 words matched out of 6
[pool-3-thread-2] INFO pages.AdminCoursesPage - No 'Next' button found. Assuming this is the last page.
[pool-3-thread-2] INFO testcases.IdentifyCoursesTest -   [THREAD-pool-3-thread-2] ✓ Completed: Workng as a Scrum Master
[pool-3-thread-2] INFO utils.PerformanceMetrics - METRIC | skillup_course_Workng as a Scrum Master | 203296 ms
[pool-3-thread-2] INFO testcases.IdentifyCoursesTest -   [THREAD-pool-3-thread-2] Scraping: Product Management: Developing and Delivering a New Product
[pool-3-thread-4] INFO pages.AdminCoursesPage - Attempting to click course link using Actions...
[pool-3-thread-4] INFO pages.AdminCoursesPage - Successfully navigated to teach page: https://www.coursera.org/teach/product-management-building-ai-powered-products/authoringBranch~uFyh9QJ6EfG75RKUFV6d3w/content/edit
[pool-3-thread-4] INFO pages.AdminCoursesPage - Navigating to Analytics page...
[pool-3-thread-2] INFO pages.AdminCoursesPage - Navigating to Admin Courses page: https://www.coursera.org/admin/skillup-ed-tech/home/courses
[pool-3-thread-4] INFO pages.AdminCoursesPage - Clicked Analytics tab
[pool-3-thread-4] INFO pages.AdminCoursesPage - Navigating to Ratings section...
[pool-3-thread-4] INFO pages.AdminCoursesPage - Clicked Ratings section using standard click
[pool-3-thread-4] INFO pages.AdminCoursesPage - Changing branch merger to Live Version...
[pool-3-thread-4] INFO pages.AdminCoursesPage - Clicked branch merger dropdown.
[pool-3-thread-4] INFO pages.AdminCoursesPage - Dropdown options are visible.
[pool-3-thread-4] INFO pages.AdminCoursesPage - Extracted version number: CMO_M1 Optimization
[pool-3-thread-4] INFO pages.AdminCoursesPage - Clicked Live version option using standard click.
[pool-3-thread-2] INFO pages.AdminCoursesPage - Current URL after navigation: https://www.coursera.org/admin/skillup-ed-tech/home/courses
[pool-3-thread-2] INFO pages.AdminCoursesPage - Searched for course: Product Management: Developing and Delivering a New Product
[pool-3-thread-2] INFO pages.AdminCoursesPage - Checking page 1 for course: Product Management: Developing and Delivering a New Product
[pool-3-thread-2] INFO pages.AdminCoursesPage - Number of course links found on page 1: 2
[pool-3-thread-2] INFO pages.AdminCoursesPage - Found course link: Title='CMO_M1 Optimization', Href='https://www.coursera.org/teach/product-management-building-ai-powered-products/authoringBranch~uFyh9QJ6EfG75RKUFV6d3w/content/edit'
[pool-3-thread-2] INFO pages.AdminCoursesPage - Matched course using lenient word matching: 3 words matched out of 5
[pool-3-thread-2] INFO pages.AdminCoursesPage - Attempting to click course link using Actions...
[pool-3-thread-2] INFO pages.AdminCoursesPage - Successfully navigated to teach page: https://www.coursera.org/teach/product-management-building-ai-powered-products/authoringBranch~uFyh9QJ6EfG75RKUFV6d3w/content/edit
[pool-3-thread-2] INFO pages.AdminCoursesPage - Navigating to Analytics page...
[pool-3-thread-3] INFO pages.AdminCoursesPage - Navigating to Admin Courses page: https://www.coursera.org/admin/skillup-ed-tech/home/courses
[pool-3-thread-2] INFO pages.AdminCoursesPage - Clicked Analytics tab
[pool-3-thread-2] INFO pages.AdminCoursesPage - Navigating to Ratings section...
[pool-3-thread-2] INFO pages.AdminCoursesPage - Clicked Ratings section using standard click
[pool-3-thread-2] INFO pages.AdminCoursesPage - Changing branch merger to Live Version...
[pool-3-thread-2] INFO pages.AdminCoursesPage - Clicked branch merger dropdown.
[pool-3-thread-2] INFO pages.AdminCoursesPage - Dropdown options are visible.
[pool-3-thread-2] INFO pages.AdminCoursesPage - Extracted version number: CMO_M1 Optimization
[pool-3-thread-2] INFO pages.AdminCoursesPage - Clicked Live version option using standard click.
[pool-3-thread-3] INFO pages.AdminCoursesPage - Current URL after navigation: https://www.coursera.org/admin/skillup-ed-tech/home/courses
[pool-3-thread-3] INFO pages.AdminCoursesPage - Searched for course: Practice Exam for Certified Scrum Master (CSM) Certification
[pool-3-thread-1] INFO pages.AdminCoursesPage - No 'Next' button found. Assuming this is the last page.
[pool-3-thread-1] INFO testcases.IdentifyCoursesTest -   [THREAD-pool-3-thread-1] ✓ Completed: Scum Master Capstone
[pool-3-thread-1] INFO utils.PerformanceMetrics - METRIC | skillup_course_Scum Master Capstone | 225105 ms
[pool-3-thread-1] INFO testcases.IdentifyCoursesTest -   [THREAD-pool-3-thread-1] Scraping: Getting Started with Tableau
[pool-3-thread-3] INFO pages.AdminCoursesPage - Checking page 1 for course: Practice Exam for Certified Scrum Master (CSM) Certification
[pool-3-thread-3] INFO pages.AdminCoursesPage - Number of course links found on page 1: 11
[pool-3-thread-3] INFO pages.AdminCoursesPage - Found course link: Title='Version 1', Href='https://www.coursera.org/teach/practice-exam-for-scrum-alliance-csm-certification/ro5EhBHrEe6PDxK2xq6QbQ/content/edit'
[pool-3-thread-3] INFO pages.AdminCoursesPage - Matched course using lenient word matching: 4 words matched out of 6
[pool-3-thread-3] INFO pages.AdminCoursesPage - Attempting to click course link using Actions...
[pool-3-thread-1] INFO pages.AdminCoursesPage - Navigating to Admin Courses page: https://www.coursera.org/admin/skillup-ed-tech/home/courses
[pool-3-thread-4] INFO pages.AdminCoursesPage - Successfully changed branch merger to Live Version.
[pool-3-thread-4] INFO pages.AdminCoursesPage - Scraped rating: 5
[pool-3-thread-1] INFO pages.AdminCoursesPage - Current URL after navigation: https://www.coursera.org/admin/skillup-ed-tech/home/courses
[pool-3-thread-1] INFO pages.AdminCoursesPage - Searched for course: Getting Started with Tableau
[pool-3-thread-3] INFO pages.AdminCoursesPage - Successfully navigated to teach page: https://www.coursera.org/teach/practice-exam-for-scrum-alliance-csm-certification/ro5EhBHrEe6PDxK2xq6QbQ/content/edit
[pool-3-thread-3] INFO pages.AdminCoursesPage - Navigating to Analytics page...
[pool-3-thread-1] INFO pages.AdminCoursesPage - Checking page 1 for course: Getting Started with Tableau
[pool-3-thread-1] INFO pages.AdminCoursesPage - Number of course links found on page 1: 10
[pool-3-thread-1] INFO pages.AdminCoursesPage - Found course link: Title='Version 1', Href='https://www.coursera.org/teach/getting-started-with-tableau/D4PDs4lwEe6xzArT8MnIvQ/content/edit'
[pool-3-thread-1] INFO pages.AdminCoursesPage - Attempting to click course link using Actions...
[pool-3-thread-3] INFO pages.AdminCoursesPage - Clicked Analytics tab
[pool-3-thread-3] INFO pages.AdminCoursesPage - Navigating to Ratings section...
[pool-3-thread-3] INFO pages.AdminCoursesPage - Clicked Ratings section using standard click
[pool-3-thread-3] INFO pages.AdminCoursesPage - Changing branch merger to Live Version...
[pool-3-thread-3] INFO pages.AdminCoursesPage - Clicked branch merger dropdown.
[pool-3-thread-3] INFO pages.AdminCoursesPage - Dropdown options are visible.
[pool-3-thread-3] INFO pages.AdminCoursesPage - Extracted version number: Version 1
[pool-3-thread-3] INFO pages.AdminCoursesPage - Clicked Live version option using standard click.
[pool-3-thread-1] INFO pages.AdminCoursesPage - Successfully navigated to teach page: https://www.coursera.org/teach/getting-started-with-tableau/D4PDs4lwEe6xzArT8MnIvQ/content/edit
[pool-3-thread-1] INFO pages.AdminCoursesPage - Navigating to Analytics page...
[pool-3-thread-1] INFO pages.AdminCoursesPage - Clicked Analytics tab
[pool-3-thread-1] INFO pages.AdminCoursesPage - Navigating to Ratings section...
[pool-3-thread-2] INFO pages.AdminCoursesPage - Successfully changed branch merger to Live Version.
[pool-3-thread-2] INFO pages.AdminCoursesPage - Scraped rating: 5
[pool-3-thread-1] INFO pages.AdminCoursesPage - Clicked Ratings section using standard click
[pool-3-thread-1] INFO pages.AdminCoursesPage - Changing branch merger to Live Version...
[pool-3-thread-1] INFO pages.AdminCoursesPage - Clicked branch merger dropdown.
[pool-3-thread-1] INFO pages.AdminCoursesPage - Dropdown options are visible.
[pool-3-thread-1] INFO pages.AdminCoursesPage - Extracted version number: Version 1
[pool-3-thread-1] INFO pages.AdminCoursesPage - Clicked Live version option using standard click.
[pool-3-thread-3] INFO pages.AdminCoursesPage - Successfully changed branch merger to Live Version.
[pool-3-thread-3] INFO pages.AdminCoursesPage - Scraped rating: 4.9
[pool-3-thread-1] INFO pages.AdminCoursesPage - Successfully changed branch merger to Live Version.
[pool-3-thread-1] INFO pages.AdminCoursesPage - Scraped rating: 4.6
[pool-3-thread-4] INFO pages.AdminCoursesPage - No 'Next' button found. Assuming this is the last page.
[pool-3-thread-4] INFO testcases.IdentifyCoursesTest -   [THREAD-pool-3-thread-4] ✓ Completed: Product Management: Initial Product Strategy and Plan
[pool-3-thread-4] INFO utils.PerformanceMetrics - METRIC | skillup_course_Product Management: Initial Product Strategy and Plan | 271815 ms
[pool-3-thread-4] INFO testcases.IdentifyCoursesTest -   [THREAD-pool-3-thread-4] Scraping: Practice Exam for AIPMM Certified Product Manager (CPM)
[pool-3-thread-4] INFO pages.AdminCoursesPage - Navigating to Admin Courses page: https://www.coursera.org/admin/skillup-ed-tech/home/courses
[pool-3-thread-2] INFO pages.AdminCoursesPage - No 'Next' button found. Assuming this is the last page.
[pool-3-thread-2] INFO testcases.IdentifyCoursesTest -   [THREAD-pool-3-thread-2] ✓ Completed: Product Management: Developing and Delivering a New Product
[pool-3-thread-2] INFO utils.PerformanceMetrics - METRIC | skillup_course_Product Management: Developing and Delivering a New Product | 283158 ms
[pool-3-thread-2] INFO testcases.IdentifyCoursesTest -   [THREAD-pool-3-thread-2] Scraping: Advanced Data Visualization with Tableau
[pool-3-thread-4] INFO pages.AdminCoursesPage - Current URL after navigation: https://www.coursera.org/admin/skillup-ed-tech/home/courses
[pool-3-thread-4] INFO pages.AdminCoursesPage - Searched for course: Practice Exam for AIPMM Certified Product Manager (CPM)
[pool-3-thread-4] INFO pages.AdminCoursesPage - Checking page 1 for course: Practice Exam for AIPMM Certified Product Manager (CPM)
[pool-3-thread-4] INFO pages.AdminCoursesPage - Number of course links found on page 1: 8
[pool-3-thread-4] INFO pages.AdminCoursesPage - Found course link: Title='Version 1', Href='https://www.coursera.org/teach/practice-exam-for-aipmm-certified-product-manager-cpm/TjnGPr-8Ee6Newq-PzDcDw/content/edit'
[pool-3-thread-4] INFO pages.AdminCoursesPage - Attempting to click course link using Actions...
[pool-3-thread-2] INFO pages.AdminCoursesPage - Navigating to Admin Courses page: https://www.coursera.org/admin/skillup-ed-tech/home/courses
[pool-3-thread-4] INFO pages.AdminCoursesPage - Successfully navigated to teach page: https://www.coursera.org/teach/practice-exam-for-aipmm-certified-product-manager-cpm/TjnGPr-8Ee6Newq-PzDcDw/content/edit
[pool-3-thread-4] INFO pages.AdminCoursesPage - Navigating to Analytics page...
[pool-3-thread-4] INFO pages.AdminCoursesPage - Clicked Analytics tab
[pool-3-thread-4] INFO pages.AdminCoursesPage - Navigating to Ratings section...
[pool-3-thread-4] INFO pages.AdminCoursesPage - Clicked Ratings section using standard click
[pool-3-thread-4] INFO pages.AdminCoursesPage - Changing branch merger to Live Version...
[pool-3-thread-2] INFO pages.AdminCoursesPage - Current URL after navigation: https://www.coursera.org/admin/skillup-ed-tech/home/courses
[pool-3-thread-2] INFO pages.AdminCoursesPage - Searched for course: Advanced Data Visualization with Tableau
[pool-3-thread-4] INFO pages.AdminCoursesPage - Clicked branch merger dropdown.
[pool-3-thread-4] INFO pages.AdminCoursesPage - Dropdown options are visible.
[pool-3-thread-4] INFO pages.AdminCoursesPage - Extracted version number: Version 1
[pool-3-thread-4] INFO pages.AdminCoursesPage - Clicked Live version option using standard click.
[pool-3-thread-2] INFO pages.AdminCoursesPage - Checking page 1 for course: Advanced Data Visualization with Tableau
[pool-3-thread-2] INFO pages.AdminCoursesPage - Number of course links found on page 1: 8
[pool-3-thread-2] INFO pages.AdminCoursesPage - Found course link: Title='Version 1', Href='https://www.coursera.org/teach/machine-learning-for-medical-data/0_6a66QsEfCO5gr__R2vew/content/edit'
[pool-3-thread-2] INFO pages.AdminCoursesPage - Found course link: Title='Version 1', Href='https://www.coursera.org/teach/overview-six-sigma-and-the-organization/0h7Q-4nYEe6vBxKbb1oMUw/content/edit'
[pool-3-thread-2] INFO pages.AdminCoursesPage - Found course link: Title='Version 2 - ACE', Href='https://www.coursera.org/teach/bi-analyst-capstone-project/authoringBranch~FzYgk1SYEe-nXw4I7PxBow/content/edit'
[pool-3-thread-2] INFO pages.AdminCoursesPage - Found course link: Title='CMO_M1 Optimization', Href='https://www.coursera.org/teach/product-management-building-ai-powered-products/authoringBranch~uFyh9QJ6EfG75RKUFV6d3w/content/edit'
[pool-3-thread-2] INFO pages.AdminCoursesPage - Found course link: Title='Version 2', Href='https://www.coursera.org/teach/get-started-with-presentation-apps-powerpoint/authoringBranch~dw_Nr2z_EfCWGhIbMSBS5Q/content/edit'
[pool-3-thread-2] INFO pages.AdminCoursesPage - Found course link: Title='Version 1', Href='https://www.coursera.org/teach/business-analysis-preparation-exam-for-ecba-certification/2Bmux6DTEe-3hg4qgegfwQ/content/edit'
[pool-3-thread-2] INFO pages.AdminCoursesPage - Found course link: Title='Version 1', Href='https://www.coursera.org/teach/ai-ethics-for-the-workplace/2H3X50QlEfC0sQr_9lgCRw/content/edit'
[pool-3-thread-2] INFO pages.AdminCoursesPage - Found course link: Title='Version 1', Href='https://www.coursera.org/teach/product-management-foundations-and-stakeholder-collaboration/2N7ltmIxEe62wwrYx-2qTQ/content/edit'
[pool-3-thread-3] INFO pages.AdminCoursesPage - No 'Next' button found. Assuming this is the last page.
[pool-3-thread-3] INFO testcases.IdentifyCoursesTest -   [THREAD-pool-3-thread-3] ✓ Completed: Practice Exam for Certified Scrum Master (CSM) Certification
[pool-3-thread-3] INFO utils.PerformanceMetrics - METRIC | skillup_course_Practice Exam for Certified Scrum Master (CSM) Certification | 298923 ms
[pool-3-thread-3] INFO testcases.IdentifyCoursesTest -   [THREAD-pool-3-thread-3] Scraping: Generative AI: Supercharge Your Product Management Career
[pool-3-thread-3] INFO pages.AdminCoursesPage - Navigating to Admin Courses page: https://www.coursera.org/admin/skillup-ed-tech/home/courses
[pool-3-thread-1] INFO pages.AdminCoursesPage - No 'Next' button found. Assuming this is the last page.
[pool-3-thread-1] INFO testcases.IdentifyCoursesTest -   [THREAD-pool-3-thread-1] ✓ Completed: Getting Started with Tableau
[pool-3-thread-1] INFO utils.PerformanceMetrics - METRIC | skillup_course_Getting Started with Tableau | 304918 ms
[pool-3-thread-1] INFO testcases.IdentifyCoursesTest -   [THREAD-pool-3-thread-1] Scraping: Generative AI: Unleash Your Project Management Potential
[pool-3-thread-3] INFO pages.AdminCoursesPage - Current URL after navigation: https://www.coursera.org/admin/skillup-ed-tech/home/courses
[pool-3-thread-3] INFO pages.AdminCoursesPage - Searched for course: Generative AI: Supercharge Your Product Management Career
[pool-3-thread-3] INFO pages.AdminCoursesPage - Checking page 1 for course: Generative AI: Supercharge Your Product Management Career
[pool-3-thread-3] INFO pages.AdminCoursesPage - Number of course links found on page 1: 1
[pool-3-thread-3] INFO pages.AdminCoursesPage - Found course link: Title='CMO_M1 Optimization', Href='https://www.coursera.org/teach/product-management-building-ai-powered-products/authoringBranch~uFyh9QJ6EfG75RKUFV6d3w/content/edit'
[pool-3-thread-1] INFO pages.AdminCoursesPage - Navigating to Admin Courses page: https://www.coursera.org/admin/skillup-ed-tech/home/courses
[pool-3-thread-1] INFO pages.AdminCoursesPage - Current URL after navigation: https://www.coursera.org/admin/skillup-ed-tech/home/courses
[pool-3-thread-1] INFO pages.AdminCoursesPage - Searched for course: Generative AI: Unleash Your Project Management Potential
[pool-3-thread-4] INFO pages.AdminCoursesPage - Successfully changed branch merger to Live Version.
[pool-3-thread-4] INFO pages.AdminCoursesPage - Scraped rating: 4.8
[pool-3-thread-1] INFO pages.AdminCoursesPage - Checking page 1 for course: Generative AI: Unleash Your Project Management Potential
[pool-3-thread-1] INFO pages.AdminCoursesPage - Number of course links found on page 1: 1
[pool-3-thread-1] INFO pages.AdminCoursesPage - Found course link: Title='CMO_M1 Optimization', Href='https://www.coursera.org/teach/product-management-building-ai-powered-products/authoringBranch~uFyh9QJ6EfG75RKUFV6d3w/content/edit'
[pool-3-thread-2] INFO pages.AdminCoursesPage - No 'Next' button found. Assuming this is the last page.
[pool-3-thread-2] WARN pages.AdminCoursesPage - No versions matched for 'Advanced Data Visualization with Tableau' after checking all pages.
[pool-3-thread-2] INFO pages.AdminCoursesPage - Screenshot saved as final-no-versions-screenshot.png
[pool-3-thread-2] INFO testcases.IdentifyCoursesTest -   [THREAD-pool-3-thread-2] ✓ Completed: Advanced Data Visualization with Tableau
[pool-3-thread-2] INFO utils.PerformanceMetrics - METRIC | skillup_course_Advanced Data Visualization with Tableau | 336399 ms
[pool-3-thread-2] INFO testcases.IdentifyCoursesTest -   [THREAD-pool-3-thread-2] Scraping: Generative AI: Advance Your Human Resources (HR) Career
[pool-3-thread-2] INFO pages.AdminCoursesPage - Navigating to Admin Courses page: https://www.coursera.org/admin/skillup-ed-tech/home/courses
[pool-3-thread-2] INFO pages.AdminCoursesPage - Current URL after navigation: https://www.coursera.org/admin/skillup-ed-tech/home/courses
[pool-3-thread-2] INFO pages.AdminCoursesPage - Searched for course: Generative AI: Advance Your Human Resources (HR) Career
[pool-3-thread-2] INFO pages.AdminCoursesPage - Checking page 1 for course: Generative AI: Advance Your Human Resources (HR) Career
[pool-3-thread-2] INFO pages.AdminCoursesPage - Number of course links found on page 1: 10
[pool-3-thread-2] INFO pages.AdminCoursesPage - Found course link: Title='Version 1', Href='https://www.coursera.org/teach/generative-ai-advance-your-human-resources/CFvvRwPIEe-knBIDDnXmpw/content/edit'
[pool-3-thread-2] INFO pages.AdminCoursesPage - Matched course using lenient word matching: 5 words matched out of 6
[pool-3-thread-3] INFO pages.AdminCoursesPage - No 'Next' button found. Assuming this is the last page.
[pool-3-thread-3] WARN pages.AdminCoursesPage - No versions matched for 'Generative AI: Supercharge Your Product Management Career' after checking all pages.
[pool-3-thread-2] INFO pages.AdminCoursesPage - Attempting to click course link using Actions...
[pool-3-thread-3] INFO pages.AdminCoursesPage - Screenshot saved as final-no-versions-screenshot.png
[pool-3-thread-3] INFO testcases.IdentifyCoursesTest -   [THREAD-pool-3-thread-3] ✓ Completed: Generative AI: Supercharge Your Product Management Career
[pool-3-thread-3] INFO utils.PerformanceMetrics - METRIC | skillup_course_Generative AI: Supercharge Your Product Management Career | 348107 ms
[pool-3-thread-3] INFO testcases.IdentifyCoursesTest -   [THREAD-pool-3-thread-3] Scraping: Generative AI: Elevate your Business Intelligence Career
[pool-3-thread-2] INFO pages.AdminCoursesPage - Successfully navigated to teach page: https://www.coursera.org/teach/generative-ai-advance-your-human-resources/CFvvRwPIEe-knBIDDnXmpw/content/edit
[pool-3-thread-2] INFO pages.AdminCoursesPage - Navigating to Analytics page...
[pool-3-thread-3] INFO pages.AdminCoursesPage - Navigating to Admin Courses page: https://www.coursera.org/admin/skillup-ed-tech/home/courses
[pool-3-thread-4] INFO pages.AdminCoursesPage - No 'Next' button found. Assuming this is the last page.
[pool-3-thread-4] INFO testcases.IdentifyCoursesTest -   [THREAD-pool-3-thread-4] ✓ Completed: Practice Exam for AIPMM Certified Product Manager (CPM)
[pool-3-thread-4] INFO utils.PerformanceMetrics - METRIC | skillup_course_Practice Exam for AIPMM Certified Product Manager (CPM) | 354779 ms
[pool-3-thread-4] INFO testcases.IdentifyCoursesTest -   [THREAD-pool-3-thread-4] Scraping: Program Management: Framework, Strategy, and Planning
[pool-3-thread-2] INFO pages.AdminCoursesPage - Clicked Analytics tab
[pool-3-thread-2] INFO pages.AdminCoursesPage - Navigating to Ratings section...
[pool-3-thread-1] INFO pages.AdminCoursesPage - No 'Next' button found. Assuming this is the last page.
[pool-3-thread-1] WARN pages.AdminCoursesPage - No versions matched for 'Generative AI: Unleash Your Project Management Potential' after checking all pages.
[pool-3-thread-1] INFO pages.AdminCoursesPage - Screenshot saved as final-no-versions-screenshot.png
[pool-3-thread-1] INFO testcases.IdentifyCoursesTest -   [THREAD-pool-3-thread-1] ✓ Completed: Generative AI: Unleash Your Project Management Potential
[pool-3-thread-2] INFO pages.AdminCoursesPage - Clicked Ratings section using standard click
[pool-3-thread-2] INFO pages.AdminCoursesPage - Changing branch merger to Live Version...
[pool-3-thread-1] INFO utils.PerformanceMetrics - METRIC | skillup_course_Generative AI: Unleash Your Project Management Potential | 356610 ms
[pool-3-thread-1] INFO testcases.IdentifyCoursesTest -   [THREAD-pool-3-thread-1] Scraping: Program Management: Execution, Stakeholders & Governance
[pool-3-thread-2] INFO pages.AdminCoursesPage - Clicked branch merger dropdown.
[pool-3-thread-2] INFO pages.AdminCoursesPage - Dropdown options are visible.
[pool-3-thread-3] INFO pages.AdminCoursesPage - Current URL after navigation: https://www.coursera.org/admin/skillup-ed-tech/home/courses
[pool-3-thread-2] INFO pages.AdminCoursesPage - Extracted version number: Version 1
[pool-3-thread-2] INFO pages.AdminCoursesPage - Clicked Live version option using standard click.
[pool-3-thread-3] INFO pages.AdminCoursesPage - Searched for course: Generative AI: Elevate your Business Intelligence Career
[pool-3-thread-3] INFO pages.AdminCoursesPage - Checking page 1 for course: Generative AI: Elevate your Business Intelligence Career
[pool-3-thread-3] INFO pages.AdminCoursesPage - Number of course links found on page 1: 1
[pool-3-thread-3] INFO pages.AdminCoursesPage - Found course link: Title='Version 2 - ACE', Href='https://www.coursera.org/teach/bi-analyst-capstone-project/authoringBranch~FzYgk1SYEe-nXw4I7PxBow/content/edit'
[pool-3-thread-4] INFO pages.AdminCoursesPage - Navigating to Admin Courses page: https://www.coursera.org/admin/skillup-ed-tech/home/courses
[pool-3-thread-4] INFO pages.AdminCoursesPage - Current URL after navigation: https://www.coursera.org/admin/skillup-ed-tech/home/courses
[pool-3-thread-4] INFO pages.AdminCoursesPage - Searched for course: Program Management: Framework, Strategy, and Planning
[pool-3-thread-4] INFO pages.AdminCoursesPage - Checking page 1 for course: Program Management: Framework, Strategy, and Planning
[pool-3-thread-4] INFO pages.AdminCoursesPage - Number of course links found on page 1: 8
[pool-3-thread-4] INFO pages.AdminCoursesPage - Found course link: Title='Version 1', Href='https://www.coursera.org/teach/machine-learning-for-medical-data/0_6a66QsEfCO5gr__R2vew/content/edit'
[pool-3-thread-4] INFO pages.AdminCoursesPage - Found course link: Title='Version 1', Href='https://www.coursera.org/teach/overview-six-sigma-and-the-organization/0h7Q-4nYEe6vBxKbb1oMUw/content/edit'
[pool-3-thread-4] INFO pages.AdminCoursesPage - Found course link: Title='Version 2 - ACE', Href='https://www.coursera.org/teach/bi-analyst-capstone-project/authoringBranch~FzYgk1SYEe-nXw4I7PxBow/content/edit'
[pool-3-thread-4] INFO pages.AdminCoursesPage - Found course link: Title='CMO_M1 Optimization', Href='https://www.coursera.org/teach/product-management-building-ai-powered-products/authoringBranch~uFyh9QJ6EfG75RKUFV6d3w/content/edit'
[pool-3-thread-4] INFO pages.AdminCoursesPage - Found course link: Title='Version 2', Href='https://www.coursera.org/teach/get-started-with-presentation-apps-powerpoint/authoringBranch~dw_Nr2z_EfCWGhIbMSBS5Q/content/edit'
[pool-3-thread-4] INFO pages.AdminCoursesPage - Found course link: Title='Version 1', Href='https://www.coursera.org/teach/business-analysis-preparation-exam-for-ecba-certification/2Bmux6DTEe-3hg4qgegfwQ/content/edit'
[pool-3-thread-4] INFO pages.AdminCoursesPage - Found course link: Title='Version 1', Href='https://www.coursera.org/teach/ai-ethics-for-the-workplace/2H3X50QlEfC0sQr_9lgCRw/content/edit'
[pool-3-thread-4] INFO pages.AdminCoursesPage - Found course link: Title='Version 1', Href='https://www.coursera.org/teach/product-management-foundations-and-stakeholder-collaboration/2N7ltmIxEe62wwrYx-2qTQ/content/edit'
[pool-3-thread-1] INFO pages.AdminCoursesPage - Navigating to Admin Courses page: https://www.coursera.org/admin/skillup-ed-tech/home/courses
[pool-3-thread-1] INFO pages.AdminCoursesPage - Current URL after navigation: https://www.coursera.org/admin/skillup-ed-tech/home/courses
[pool-3-thread-1] INFO pages.AdminCoursesPage - Searched for course: Program Management: Execution, Stakeholders & Governance
[pool-3-thread-1] INFO pages.AdminCoursesPage - Checking page 1 for course: Program Management: Execution, Stakeholders & Governance
[pool-3-thread-1] INFO pages.AdminCoursesPage - Number of course links found on page 1: 8
[pool-3-thread-1] INFO pages.AdminCoursesPage - Found course link: Title='Version 1', Href='https://www.coursera.org/teach/program-management-execution-stakeholders-governance/4Xb21kOWEe-xLxIpRr2Opw/content/edit'
[pool-3-thread-1] INFO pages.AdminCoursesPage - Attempting to click course link using Actions...
[pool-3-thread-2] INFO pages.AdminCoursesPage - Successfully changed branch merger to Live Version.
[pool-3-thread-2] INFO pages.AdminCoursesPage - Scraped rating: 4.7
[pool-3-thread-1] INFO pages.AdminCoursesPage - Successfully navigated to teach page: https://www.coursera.org/teach/program-management-execution-stakeholders-governance/4Xb21kOWEe-xLxIpRr2Opw/content/edit
[pool-3-thread-1] INFO pages.AdminCoursesPage - Navigating to Analytics page...
[pool-3-thread-1] INFO pages.AdminCoursesPage - Clicked Analytics tab
[pool-3-thread-1] INFO pages.AdminCoursesPage - Navigating to Ratings section...
[pool-3-thread-1] INFO pages.AdminCoursesPage - Clicked Ratings section using standard click
[pool-3-thread-1] INFO pages.AdminCoursesPage - Changing branch merger to Live Version...
[pool-3-thread-1] INFO pages.AdminCoursesPage - Clicked branch merger dropdown.
[pool-3-thread-1] INFO pages.AdminCoursesPage - Dropdown options are visible.
[pool-3-thread-1] INFO pages.AdminCoursesPage - Extracted version number: Version 1
[pool-3-thread-1] INFO pages.AdminCoursesPage - Clicked Live version option using standard click.
[pool-3-thread-3] INFO pages.AdminCoursesPage - No 'Next' button found. Assuming this is the last page.
[pool-3-thread-3] WARN pages.AdminCoursesPage - No versions matched for 'Generative AI: Elevate your Business Intelligence Career' after checking all pages.
[pool-3-thread-3] INFO pages.AdminCoursesPage - Screenshot saved as final-no-versions-screenshot.png
[pool-3-thread-3] INFO testcases.IdentifyCoursesTest -   [THREAD-pool-3-thread-3] ✓ Completed: Generative AI: Elevate your Business Intelligence Career
[pool-3-thread-3] INFO utils.PerformanceMetrics - METRIC | skillup_course_Generative AI: Elevate your Business Intelligence Career | 400232 ms
[pool-3-thread-3] INFO testcases.IdentifyCoursesTest -   [THREAD-pool-3-thread-3] Scraping: React Native: Developing Android and iOS Apps
[pool-3-thread-3] INFO pages.AdminCoursesPage - Navigating to Admin Courses page: https://www.coursera.org/admin/skillup-ed-tech/home/courses
[pool-3-thread-1] INFO pages.AdminCoursesPage - Successfully changed branch merger to Live Version.
[pool-3-thread-1] INFO pages.AdminCoursesPage - Scraped rating: 4.8
[pool-3-thread-4] INFO pages.AdminCoursesPage - No 'Next' button found. Assuming this is the last page.
[pool-3-thread-4] WARN pages.AdminCoursesPage - No versions matched for 'Program Management: Framework, Strategy, and Planning' after checking all pages.
[pool-3-thread-3] INFO pages.AdminCoursesPage - Current URL after navigation: https://www.coursera.org/admin/skillup-ed-tech/home/courses
[pool-3-thread-4] INFO pages.AdminCoursesPage - Screenshot saved as final-no-versions-screenshot.png
[pool-3-thread-4] INFO testcases.IdentifyCoursesTest -   [THREAD-pool-3-thread-4] ✓ Completed: Program Management: Framework, Strategy, and Planning
[pool-3-thread-4] INFO utils.PerformanceMetrics - METRIC | skillup_course_Program Management: Framework, Strategy, and Planning | 407975 ms
[pool-3-thread-4] INFO testcases.IdentifyCoursesTest -   [THREAD-pool-3-thread-4] Scraping: Business Analysis: Process Modeling & Requirements Gathering
[pool-3-thread-3] INFO pages.AdminCoursesPage - Searched for course: React Native: Developing Android and iOS Apps
[pool-3-thread-3] INFO pages.AdminCoursesPage - Checking page 1 for course: React Native: Developing Android and iOS Apps
[pool-3-thread-3] INFO pages.AdminCoursesPage - Number of course links found on page 1: 8
[pool-3-thread-3] INFO pages.AdminCoursesPage - Found course link: Title='Version 1', Href='https://www.coursera.org/teach/react-native-developing-android-and-ios-apps/MNvFlVCAEe-cPg5R3VX7kw/content/edit'
[pool-3-thread-3] INFO pages.AdminCoursesPage - Attempting to click course link using Actions...
[pool-3-thread-4] INFO pages.AdminCoursesPage - Navigating to Admin Courses page: https://www.coursera.org/admin/skillup-ed-tech/home/courses
[pool-3-thread-3] INFO pages.AdminCoursesPage - Successfully navigated to teach page: https://www.coursera.org/teach/react-native-developing-android-and-ios-apps/MNvFlVCAEe-cPg5R3VX7kw/content/edit
[pool-3-thread-3] INFO pages.AdminCoursesPage - Navigating to Analytics page...
[pool-3-thread-4] INFO pages.AdminCoursesPage - Current URL after navigation: https://www.coursera.org/admin/skillup-ed-tech/home/courses
[pool-3-thread-4] INFO pages.AdminCoursesPage - Searched for course: Business Analysis: Process Modeling & Requirements Gathering
[pool-3-thread-3] INFO pages.AdminCoursesPage - Clicked Analytics tab
[pool-3-thread-3] INFO pages.AdminCoursesPage - Navigating to Ratings section...
[pool-3-thread-3] INFO pages.AdminCoursesPage - Clicked Ratings section using standard click
[pool-3-thread-3] INFO pages.AdminCoursesPage - Changing branch merger to Live Version...
[pool-3-thread-2] INFO pages.AdminCoursesPage - No 'Next' button found. Assuming this is the last page.
[pool-3-thread-2] INFO testcases.IdentifyCoursesTest -   [THREAD-pool-3-thread-2] ✓ Completed: Generative AI: Advance Your Human Resources (HR) Career
[pool-3-thread-2] INFO utils.PerformanceMetrics - METRIC | skillup_course_Generative AI: Advance Your Human Resources (HR) Career | 418026 ms
[pool-3-thread-2] INFO testcases.IdentifyCoursesTest -   [THREAD-pool-3-thread-2] Scraping: Business Analysis: Project and Stakeholder Management
[pool-3-thread-4] INFO pages.AdminCoursesPage - Checking page 1 for course: Business Analysis: Process Modeling & Requirements Gathering
[pool-3-thread-4] INFO pages.AdminCoursesPage - Number of course links found on page 1: 1
[pool-3-thread-4] INFO pages.AdminCoursesPage - Found course link: Title='Version 1', Href='https://www.coursera.org/teach/business-analysis-preparation-exam-for-ecba-certification/2Bmux6DTEe-3hg4qgegfwQ/content/edit'
[pool-3-thread-3] INFO pages.AdminCoursesPage - Clicked branch merger dropdown.
[pool-3-thread-3] INFO pages.AdminCoursesPage - Dropdown options are visible.
[pool-3-thread-3] INFO pages.AdminCoursesPage - Extracted version number: Version 1
[pool-3-thread-3] INFO pages.AdminCoursesPage - Clicked Live version option using standard click.
[pool-3-thread-2] INFO pages.AdminCoursesPage - Navigating to Admin Courses page: https://www.coursera.org/admin/skillup-ed-tech/home/courses
[pool-3-thread-2] INFO pages.AdminCoursesPage - Current URL after navigation: https://www.coursera.org/admin/skillup-ed-tech/home/courses
[pool-3-thread-2] INFO pages.AdminCoursesPage - Searched for course: Business Analysis: Project and Stakeholder Management
[pool-3-thread-2] INFO pages.AdminCoursesPage - Checking page 1 for course: Business Analysis: Project and Stakeholder Management
[pool-3-thread-2] INFO pages.AdminCoursesPage - Number of course links found on page 1: 8
[pool-3-thread-2] INFO pages.AdminCoursesPage - Found course link: Title='Version 1', Href='https://www.coursera.org/teach/machine-learning-for-medical-data/0_6a66QsEfCO5gr__R2vew/content/edit'
[pool-3-thread-2] INFO pages.AdminCoursesPage - Found course link: Title='Version 1', Href='https://www.coursera.org/teach/overview-six-sigma-and-the-organization/0h7Q-4nYEe6vBxKbb1oMUw/content/edit'
[pool-3-thread-2] INFO pages.AdminCoursesPage - Found course link: Title='Version 2 - ACE', Href='https://www.coursera.org/teach/bi-analyst-capstone-project/authoringBranch~FzYgk1SYEe-nXw4I7PxBow/content/edit'
[pool-3-thread-2] INFO pages.AdminCoursesPage - Found course link: Title='CMO_M1 Optimization', Href='https://www.coursera.org/teach/product-management-building-ai-powered-products/authoringBranch~uFyh9QJ6EfG75RKUFV6d3w/content/edit'
[pool-3-thread-2] INFO pages.AdminCoursesPage - Found course link: Title='Version 2', Href='https://www.coursera.org/teach/get-started-with-presentation-apps-powerpoint/authoringBranch~dw_Nr2z_EfCWGhIbMSBS5Q/content/edit'
[pool-3-thread-2] INFO pages.AdminCoursesPage - Found course link: Title='Version 1', Href='https://www.coursera.org/teach/business-analysis-preparation-exam-for-ecba-certification/2Bmux6DTEe-3hg4qgegfwQ/content/edit'
[pool-3-thread-2] INFO pages.AdminCoursesPage - Matched course using lenient word matching: 2 words matched out of 5
[pool-3-thread-2] INFO pages.AdminCoursesPage - Attempting to click course link using Actions...
[pool-3-thread-3] INFO pages.AdminCoursesPage - Successfully changed branch merger to Live Version.
[pool-3-thread-3] INFO pages.AdminCoursesPage - Scraped rating: 4.9
[pool-3-thread-1] INFO pages.AdminCoursesPage - No 'Next' button found. Assuming this is the last page.
[pool-3-thread-1] INFO testcases.IdentifyCoursesTest -   [THREAD-pool-3-thread-1] ✓ Completed: Program Management: Execution, Stakeholders & Governance
[pool-3-thread-1] INFO utils.PerformanceMetrics - METRIC | skillup_course_Program Management: Execution, Stakeholders & Governance | 445567 ms
[pool-3-thread-1] INFO testcases.IdentifyCoursesTest -   [THREAD-pool-3-thread-1] Scraping: Mobile App Development Capstone Project
[pool-3-thread-1] INFO pages.AdminCoursesPage - Navigating to Admin Courses page: https://www.coursera.org/admin/skillup-ed-tech/home/courses
[pool-3-thread-1] INFO pages.AdminCoursesPage - Current URL after navigation: https://www.coursera.org/admin/skillup-ed-tech/home/courses
[pool-3-thread-1] INFO pages.AdminCoursesPage - Searched for course: Mobile App Development Capstone Project
[pool-3-thread-1] INFO pages.AdminCoursesPage - Checking page 1 for course: Mobile App Development Capstone Project
[pool-3-thread-1] INFO pages.AdminCoursesPage - Number of course links found on page 1: 8
[pool-3-thread-1] INFO pages.AdminCoursesPage - Found course link: Title='Version 1', Href='https://www.coursera.org/teach/generative-ai-for-mobile-development/NAV4LLGdEe-gCBKpUApi9w/content/edit'
[pool-3-thread-1] INFO pages.AdminCoursesPage - Matched course using lenient word matching: 2 words matched out of 4
[pool-3-thread-1] INFO pages.AdminCoursesPage - Attempting to click course link using Actions...
[pool-3-thread-4] INFO pages.AdminCoursesPage - No 'Next' button found. Assuming this is the last page.
[pool-3-thread-4] WARN pages.AdminCoursesPage - No versions matched for 'Business Analysis: Process Modeling & Requirements Gathering' after checking all pages.
[pool-3-thread-4] INFO pages.AdminCoursesPage - Screenshot saved as final-no-versions-screenshot.png
[pool-3-thread-4] INFO testcases.IdentifyCoursesTest -   [THREAD-pool-3-thread-4] ✓ Completed: Business Analysis: Process Modeling & Requirements Gathering
[pool-3-thread-4] INFO utils.PerformanceMetrics - METRIC | skillup_course_Business Analysis: Process Modeling & Requirements Gathering | 458534 ms
[pool-3-thread-4] INFO testcases.IdentifyCoursesTest -   [THREAD-pool-3-thread-4] Scraping: The Product Owner Profession:  Unleashing the Power of Scrum
[pool-3-thread-2] WARN pages.AdminCoursesPage - Click did not navigate. Directly navigating to: https://www.coursera.org/teach/business-analysis-preparation-exam-for-ecba-certification/2Bmux6DTEe-3hg4qgegfwQ/content/edit
[pool-3-thread-1] INFO pages.AdminCoursesPage - Successfully navigated to teach page: https://www.coursera.org/teach/generative-ai-for-mobile-development/NAV4LLGdEe-gCBKpUApi9w/content/edit
[pool-3-thread-1] INFO pages.AdminCoursesPage - Navigating to Analytics page...
[pool-3-thread-1] INFO pages.AdminCoursesPage - Clicked Analytics tab
[pool-3-thread-1] INFO pages.AdminCoursesPage - Navigating to Ratings section...
[pool-3-thread-1] INFO pages.AdminCoursesPage - Clicked Ratings section using standard click
[pool-3-thread-1] INFO pages.AdminCoursesPage - Changing branch merger to Live Version...
[pool-3-thread-2] INFO pages.AdminCoursesPage - Navigated to teach page via direct navigation: https://www.coursera.org/teach/business-analysis-preparation-exam-for-ecba-certification/2Bmux6DTEe-3hg4qgegfwQ/content/edit
[pool-3-thread-2] INFO pages.AdminCoursesPage - Navigating to Analytics page...
[pool-3-thread-1] INFO pages.AdminCoursesPage - Clicked branch merger dropdown.
[pool-3-thread-1] INFO pages.AdminCoursesPage - Dropdown options are visible.
[pool-3-thread-4] INFO pages.AdminCoursesPage - Navigating to Admin Courses page: https://www.coursera.org/admin/skillup-ed-tech/home/courses
[pool-3-thread-1] INFO pages.AdminCoursesPage - Extracted version number: Version 1
[pool-3-thread-1] INFO pages.AdminCoursesPage - Clicked Live version option using standard click.
[pool-3-thread-2] INFO pages.AdminCoursesPage - Clicked Analytics tab
[pool-3-thread-2] INFO pages.AdminCoursesPage - Navigating to Ratings section...
[pool-3-thread-2] INFO pages.AdminCoursesPage - Clicked Ratings section using standard click
[pool-3-thread-2] INFO pages.AdminCoursesPage - Changing branch merger to Live Version...
[pool-3-thread-2] INFO pages.AdminCoursesPage - Clicked branch merger dropdown.
[pool-3-thread-2] INFO pages.AdminCoursesPage - Dropdown options are visible.
[pool-3-thread-2] INFO pages.AdminCoursesPage - Extracted version number: Version 1
[pool-3-thread-2] INFO pages.AdminCoursesPage - Clicked Live version option using standard click.
[pool-3-thread-4] INFO pages.AdminCoursesPage - Current URL after navigation: https://www.coursera.org/admin/skillup-ed-tech/home/courses
[pool-3-thread-4] INFO pages.AdminCoursesPage - Searched for course: The Product Owner Profession:  Unleashing the Power of Scrum
[pool-3-thread-4] INFO pages.AdminCoursesPage - Checking page 1 for course: The Product Owner Profession:  Unleashing the Power of Scrum
[pool-3-thread-4] INFO pages.AdminCoursesPage - Number of course links found on page 1: 7
[pool-3-thread-4] INFO pages.AdminCoursesPage - Found course link: Title='CMO_M1 Optimization', Href='https://www.coursera.org/teach/product-owner-unleashing-the-power-of-scrum/authoringBranch~Tn6NugBWEfG6owr_3zr9_Q/content/edit'
[pool-3-thread-4] INFO pages.AdminCoursesPage - Matched course using lenient word matching: 5 words matched out of 6
[pool-3-thread-4] INFO pages.AdminCoursesPage - Attempting to click course link using Actions...
[pool-3-thread-4] INFO pages.AdminCoursesPage - Successfully navigated to teach page: https://www.coursera.org/teach/product-owner-unleashing-the-power-of-scrum/authoringBranch~Tn6NugBWEfG6owr_3zr9_Q/content/edit
[pool-3-thread-4] INFO pages.AdminCoursesPage - Navigating to Analytics page...
[pool-3-thread-4] INFO pages.AdminCoursesPage - Clicked Analytics tab
[pool-3-thread-4] INFO pages.AdminCoursesPage - Navigating to Ratings section...
[pool-3-thread-4] INFO pages.AdminCoursesPage - Clicked Ratings section using standard click
[pool-3-thread-4] INFO pages.AdminCoursesPage - Changing branch merger to Live Version...
[pool-3-thread-4] INFO pages.AdminCoursesPage - Clicked branch merger dropdown.
[pool-3-thread-4] INFO pages.AdminCoursesPage - Dropdown options are visible.
[pool-3-thread-4] INFO pages.AdminCoursesPage - Extracted version number: CMO_M1 Optimization
[pool-3-thread-4] INFO pages.AdminCoursesPage - Clicked Live version option using standard click.
[pool-3-thread-3] INFO pages.AdminCoursesPage - No 'Next' button found. Assuming this is the last page.
[pool-3-thread-3] INFO testcases.IdentifyCoursesTest -   [THREAD-pool-3-thread-3] ✓ Completed: React Native: Developing Android and iOS Apps
[pool-3-thread-3] INFO utils.PerformanceMetrics - METRIC | skillup_course_React Native: Developing Android and iOS Apps | 479139 ms
[pool-3-thread-1] INFO pages.AdminCoursesPage - Successfully changed branch merger to Live Version.
[pool-3-thread-1] INFO pages.AdminCoursesPage - Scraped rating: 5
[pool-3-thread-2] INFO pages.AdminCoursesPage - Successfully changed branch merger to Live Version.
[pool-3-thread-2] INFO pages.AdminCoursesPage - Scraped rating: 4.8
[pool-3-thread-4] INFO pages.AdminCoursesPage - Successfully changed branch merger to Live Version.
[pool-3-thread-4] INFO pages.AdminCoursesPage - Scraped rating: 3.7
[pool-3-thread-1] INFO pages.AdminCoursesPage - No 'Next' button found. Assuming this is the last page.
[pool-3-thread-1] INFO testcases.IdentifyCoursesTest -   [THREAD-pool-3-thread-1] ✓ Completed: Mobile App Development Capstone Project
[pool-3-thread-1] INFO utils.PerformanceMetrics - METRIC | skillup_course_Mobile App Development Capstone Project | 524464 ms
[pool-3-thread-2] INFO pages.AdminCoursesPage - No 'Next' button found. Assuming this is the last page.
[pool-3-thread-2] INFO testcases.IdentifyCoursesTest -   [THREAD-pool-3-thread-2] ✓ Completed: Business Analysis: Project and Stakeholder Management
[pool-3-thread-2] INFO utils.PerformanceMetrics - METRIC | skillup_course_Business Analysis: Project and Stakeholder Management | 526641 ms
[pool-3-thread-4] INFO pages.AdminCoursesPage - No 'Next' button found. Assuming this is the last page.
[pool-3-thread-4] INFO testcases.IdentifyCoursesTest -   [THREAD-pool-3-thread-4] ✓ Completed: The Product Owner Profession:  Unleashing the Power of Scrum
[pool-3-thread-4] INFO utils.PerformanceMetrics - METRIC | skillup_course_The Product Owner Profession:  Unleashing the Power of Scrum | 537605 ms
[main] INFO testcases.IdentifyCoursesTest - Sublist 1 Results Summary:
[main] INFO testcases.IdentifyCoursesTest -   - Completed: 17 courses
[main] INFO testcases.IdentifyCoursesTest -   - Failed: 0 courses
[main] INFO testcases.IdentifyCoursesTest -   - Success Rate: {:.1f}%
[main] INFO testcases.IdentifyCoursesTest -   - Time: 537 seconds
[main] WARN testcases.IdentifyCoursesTest - Skipping export for partner skillup sublist 1 because it has only 21 courses (< 50)
[main] INFO utils.CheckpointManager - Checkpoint saved: batch=sublist_1, processed=1, results=21
[main] INFO testcases.IdentifyCoursesTest - ✓ CHECKPOINT SAVED: partner=skillup, sublist_1 with 21 courses
[main] INFO utils.PerformanceMetrics - METRIC | skillup_sublist_1 | 537625 ms
[main] INFO testcases.IdentifyCoursesTest - ========== PARTNER skillup SUBLIST 1 COMPLETE ==========

[main] INFO testcases.IdentifyCoursesTest - ========== PROCESSING PARTNER skillup SUBLIST 2 (28 courses) ==========
[main] INFO utils.CheckpointManager - Checkpoint loaded: batch=sublist_1, processed=1, results=21
[main] INFO testcases.IdentifyCoursesTest -   [CACHE HIT] Get Started with Presentation Applications: PowerPoint
[main] INFO utils.PerformanceMetrics - METRIC | skillup_course_Get Started with Presentation Applications: PowerPoint | 0 ms
[pool-3-thread-3] INFO testcases.IdentifyCoursesTest -   [THREAD-pool-3-thread-3] Scraping: Product Owner: Communications & Stakeholder Management
[main] INFO testcases.IdentifyCoursesTest - Waiting for 27 courses to complete...
[pool-3-thread-1] INFO testcases.IdentifyCoursesTest -   [THREAD-pool-3-thread-1] Scraping: Generative AI:  Turbocharge Mobile App Development
[pool-3-thread-2] INFO testcases.IdentifyCoursesTest -   [THREAD-pool-3-thread-2] Scraping: Product Owner: Essential Skills and Tools for Innovation
[pool-3-thread-4] INFO testcases.IdentifyCoursesTest -   [THREAD-pool-3-thread-4] Scraping: Java Development with Databases
[pool-3-thread-4] INFO pages.AdminCoursesPage - Navigating to Admin Courses page: https://www.coursera.org/admin/skillup-ed-tech/home/courses
[pool-3-thread-1] INFO pages.AdminCoursesPage - Navigating to Admin Courses page: https://www.coursera.org/admin/skillup-ed-tech/home/courses
[pool-3-thread-3] INFO pages.AdminCoursesPage - Navigating to Admin Courses page: https://www.coursera.org/admin/skillup-ed-tech/home/courses
[pool-3-thread-2] INFO pages.AdminCoursesPage - Navigating to Admin Courses page: https://www.coursera.org/admin/skillup-ed-tech/home/courses
[pool-3-thread-1] INFO pages.AdminCoursesPage - Current URL after navigation: https://www.coursera.org/admin/skillup-ed-tech/home/courses
[pool-3-thread-4] INFO pages.AdminCoursesPage - Current URL after navigation: https://www.coursera.org/admin/skillup-ed-tech/home/courses
[pool-3-thread-1] INFO pages.AdminCoursesPage - Searched for course: Generative AI:  Turbocharge Mobile App Development
[pool-3-thread-4] INFO pages.AdminCoursesPage - Searched for course: Java Development with Databases
[pool-3-thread-3] INFO pages.AdminCoursesPage - Current URL after navigation: https://www.coursera.org/admin/skillup-ed-tech/home/courses
[pool-3-thread-3] INFO pages.AdminCoursesPage - Searched for course: Product Owner: Communications & Stakeholder Management
[pool-3-thread-1] INFO pages.AdminCoursesPage - Checking page 1 for course: Generative AI:  Turbocharge Mobile App Development
[pool-3-thread-4] INFO pages.AdminCoursesPage - Checking page 1 for course: Java Development with Databases
[pool-3-thread-1] INFO pages.AdminCoursesPage - Number of course links found on page 1: 9
[pool-3-thread-4] INFO pages.AdminCoursesPage - Number of course links found on page 1: 9
[pool-3-thread-4] INFO pages.AdminCoursesPage - Found course link: Title='Version 1', Href='https://www.coursera.org/teach/java-development-with-databases/8p-9g96wEe-L_Q47HwVgtw/content/edit'
[pool-3-thread-1] INFO pages.AdminCoursesPage - Found course link: Title='Version 1', Href='https://www.coursera.org/teach/generative-ai-for-mobile-development/NAV4LLGdEe-gCBKpUApi9w/content/edit'
[pool-3-thread-1] INFO pages.AdminCoursesPage - Matched course using lenient word matching: 3 words matched out of 4
[pool-3-thread-2] INFO pages.AdminCoursesPage - Current URL after navigation: https://www.coursera.org/admin/skillup-ed-tech/home/courses
[pool-3-thread-2] INFO pages.AdminCoursesPage - Searched for course: Product Owner: Essential Skills and Tools for Innovation
[pool-3-thread-1] INFO pages.AdminCoursesPage - Attempting to click course link using Actions...
[pool-3-thread-4] INFO pages.AdminCoursesPage - Attempting to click course link using Actions...
[pool-3-thread-3] INFO pages.AdminCoursesPage - Checking page 1 for course: Product Owner: Communications & Stakeholder Management
[pool-3-thread-3] INFO pages.AdminCoursesPage - Number of course links found on page 1: 2
[pool-3-thread-3] INFO pages.AdminCoursesPage - Found course link: Title='Version 1', Href='https://www.coursera.org/teach/product-management-foundations-and-stakeholder-collaboration/2N7ltmIxEe62wwrYx-2qTQ/content/edit'
[pool-3-thread-3] INFO pages.AdminCoursesPage - Matched course using lenient word matching: 3 words matched out of 5
[pool-3-thread-3] INFO pages.AdminCoursesPage - Attempting to click course link using Actions...
[pool-3-thread-2] INFO pages.AdminCoursesPage - Checking page 1 for course: Product Owner: Essential Skills and Tools for Innovation
[pool-3-thread-2] INFO pages.AdminCoursesPage - Number of course links found on page 1: 9
[pool-3-thread-2] INFO pages.AdminCoursesPage - Found course link: Title='Version 1', Href='https://www.coursera.org/teach/product-owner-essential-skills-and-tools-for-innovation/9_CV8KaSEe-syBKvuiDv_w/content/edit'
[pool-3-thread-2] INFO pages.AdminCoursesPage - Attempting to click course link using Actions...
[pool-3-thread-1] INFO pages.AdminCoursesPage - Successfully navigated to teach page: https://www.coursera.org/teach/generative-ai-for-mobile-development/NAV4LLGdEe-gCBKpUApi9w/content/edit
[pool-3-thread-1] INFO pages.AdminCoursesPage - Navigating to Analytics page...
[pool-3-thread-4] INFO pages.AdminCoursesPage - Successfully navigated to teach page: https://www.coursera.org/teach/java-development-with-databases/8p-9g96wEe-L_Q47HwVgtw/content/edit
[pool-3-thread-4] INFO pages.AdminCoursesPage - Navigating to Analytics page...
[pool-3-thread-3] INFO pages.AdminCoursesPage - Successfully navigated to teach page: https://www.coursera.org/teach/product-management-foundations-and-stakeholder-collaboration/2N7ltmIxEe62wwrYx-2qTQ/content/edit
[pool-3-thread-3] INFO pages.AdminCoursesPage - Navigating to Analytics page...
[pool-3-thread-2] INFO pages.AdminCoursesPage - Successfully navigated to teach page: https://www.coursera.org/teach/product-owner-essential-skills-and-tools-for-innovation/9_CV8KaSEe-syBKvuiDv_w/content/edit
[...]
[pool-3-thread-2] INFO testcases.IdentifyCoursesTest -   [THREAD-pool-3-thread-2] ✓ Completed: Servicemembers Civil Relief Act and Military Lending Act
[pool-3-thread-2] INFO utils.PerformanceMetrics - METRIC | skillup_course_Servicemembers Civil Relief Act and Military Lending Act | 585525 ms
[pool-3-thread-3] INFO pages.AdminCoursesPage - No 'Next' button found. Assuming this is the last page.
[pool-3-thread-3] INFO testcases.IdentifyCoursesTest -   [THREAD-pool-3-thread-3] ✓ Completed: Preventing Fraud, Waste, and Abuse (FWA) in Healthcare
[pool-3-thread-3] INFO utils.PerformanceMetrics - METRIC | skillup_course_Preventing Fraud, Waste, and Abuse (FWA) in Healthcare | 618418 ms
[main] INFO testcases.IdentifyCoursesTest - Sublist 5 Results Summary:
[main] INFO testcases.IdentifyCoursesTest -   - Completed: 25 courses
[main] INFO testcases.IdentifyCoursesTest -   - Failed: 0 courses
[main] INFO testcases.IdentifyCoursesTest -   - Success Rate: {:.1f}%
[main] INFO testcases.IdentifyCoursesTest -   - Time: 618 seconds
[main] WARN testcases.IdentifyCoursesTest - Skipping export for partner skillup sublist 5 because it has only 25 courses (< 50)
[main] INFO utils.CheckpointManager - Checkpoint saved: batch=sublist_5, processed=5, results=25
[main] INFO testcases.IdentifyCoursesTest - ✓ CHECKPOINT SAVED: partner=skillup, sublist_5 with 25 courses
[main] INFO utils.PerformanceMetrics - METRIC | skillup_sublist_5 | 618423 ms
[main] INFO testcases.IdentifyCoursesTest - ========== PARTNER skillup SUBLIST 5 COMPLETE ==========

[main] INFO testcases.IdentifyCoursesTest - Exporting final partner report with 121 courses to ./reports/coursera_course_ratings_skillup_all_20260415.xlsx
[main] INFO pages.AdminCoursesPage - Exporting 121 courses to Excel: ./reports/coursera_course_ratings_skillup_all_20260415.xlsx
[main] INFO utils.ExcelExporter - Excel file written: 121 rows in 398ms to ./reports/coursera_course_ratings_skillup_all_20260415.xlsx
[main] INFO testcases.IdentifyCoursesTest - ✓ EXPORTED partner report: ./reports/coursera_course_ratings_skillup_all_20260415.xlsx
[main] INFO utils.CheckpointManager - Checkpoint deleted
[main] INFO testcases.IdentifyCoursesTest - ✓ Checkpoint deleted for partner skillup (scrape completed successfully)

[main] INFO testcases.IdentifyCoursesTest - Shutting down executor service...
[main] INFO testcases.IdentifyCoursesTest - ✓ Executor service shutdown complete
[main] INFO utils.PerformanceMetrics - METRIC | total_execution | 2911118 ms
[main] INFO testcases.IdentifyCoursesTest - ========== TEST EXECUTION COMPLETE ==========
[main] INFO testcases.IdentifyCoursesTest - Total Execution Time: 2911118 ms (48 minutes and 31 seconds)
[main] INFO utils.PerformanceMetrics - ===== PERFORMANCE SUMMARY =====
[main] INFO utils.PerformanceMetrics - METRIC | skillup_course_Product Management: Foundations & Stakeholder Collaboration | 0 ms
[main] INFO utils.PerformanceMetrics - METRIC | skillup_course_Product Management: Building AI-Powered Products | 0 ms
[main] INFO utils.PerformanceMetrics - METRIC | skillup_course_The Business Intelligence (BI) Analyst Capstone Project | 0 ms
[main] INFO utils.PerformanceMetrics - METRIC | skillup_course_Business Analysis: Preparation Exam for ECBA Certification | 0 ms
[main] INFO utils.PerformanceMetrics - METRIC | skillup_course_ProjectManagement Communication, Stakeholders & Leadership | 100950 ms
[main] INFO utils.PerformanceMetrics - METRIC | skillup_course_Offic Productivity Software and Windows Fundamentals | 112727 ms
[main] INFO utils.PerformanceMetrics - METRIC | skillup_course_Project Lifecycle, Information Sharing, and Risk Management | 138806 ms
[main] INFO utils.PerformanceMetrics - METRIC | skillup_course_Introdction to Scrum Master Profession | 154254 ms
[main] INFO utils.PerformanceMetrics - METRIC | skillup_course_Pratice Exam for CAPM Certification | 192164 ms
[main] INFO utils.PerformanceMetrics - METRIC | skillup_course_Workng as a Scrum Master | 203296 ms
[main] INFO utils.PerformanceMetrics - METRIC | skillup_course_Scum Master Capstone | 225105 ms
[main] INFO utils.PerformanceMetrics - METRIC | skillup_course_Product Management: Initial Product Strategy and Plan | 271815 ms
[main] INFO utils.PerformanceMetrics - METRIC | skillup_course_Product Management: Developing and Delivering a New Product | 283158 ms
[main] INFO utils.PerformanceMetrics - METRIC | skillup_course_Practice Exam for Certified Scrum Master (CSM) Certification | 298923 ms
[main] INFO utils.PerformanceMetrics - METRIC | skillup_course_Getting Started with Tableau | 304918 ms
[main] INFO utils.PerformanceMetrics - METRIC | skillup_course_Advanced Data Visualization with Tableau | 336399 ms
[main] INFO utils.PerformanceMetrics - METRIC | skillup_course_Generative AI: Supercharge Your Product Management Career | 348107 ms
[main] INFO utils.PerformanceMetrics - METRIC | skillup_course_Practice Exam for AIPMM Certified Product Manager (CPM) | 354779 ms
[main] INFO utils.PerformanceMetrics - METRIC | skillup_course_Generative AI: Unleash Your Project Management Potential | 356610 ms
[main] INFO utils.PerformanceMetrics - METRIC | skillup_course_Generative AI: Elevate your Business Intelligence Career | 400232 ms
[main] INFO utils.PerformanceMetrics - METRIC | skillup_course_Program Management: Framework, Strategy, and Planning | 407975 ms
[main] INFO utils.PerformanceMetrics - METRIC | skillup_course_Generative AI: Advance Your Human Resources (HR) Career | 418026 ms
[main] INFO utils.PerformanceMetrics - METRIC | skillup_course_Program Management: Execution, Stakeholders & Governance | 445567 ms
[main] INFO utils.PerformanceMetrics - METRIC | skillup_course_Business Analysis: Process Modeling & Requirements Gathering | 458534 ms
[main] INFO utils.PerformanceMetrics - METRIC | skillup_course_React Native: Developing Android and iOS Apps | 479139 ms
[main] INFO utils.PerformanceMetrics - METRIC | skillup_course_Mobile App Development Capstone Project | 524464 ms
[main] INFO utils.PerformanceMetrics - METRIC | skillup_course_Business Analysis: Project and Stakeholder Management | 526641 ms
[main] INFO utils.PerformanceMetrics - METRIC | skillup_course_The Product Owner Profession:  Unleashing the Power of Scrum | 537605 ms
[main] INFO utils.PerformanceMetrics - METRIC | skillup_sublist_1 | 537625 ms
[main] INFO utils.PerformanceMetrics - METRIC | skillup_course_Get Started with Presentation Applications: PowerPoint | 0 ms
[main] INFO utils.PerformanceMetrics - METRIC | skillup_course_Generative AI:  Turbocharge Mobile App Development | 84638 ms
[main] INFO utils.PerformanceMetrics - METRIC | skillup_course_Java Development with Databases | 84838 ms
[main] INFO utils.PerformanceMetrics - METRIC | skillup_course_Product Owner: Communications & Stakeholder Management | 85640 ms
[main] INFO utils.PerformanceMetrics - METRIC | skillup_course_Product Owner: Essential Skills and Tools for Innovation | 86037 ms
[main] INFO utils.PerformanceMetrics - METRIC | skillup_course_Generative AI: Revolutionizing the Product Owner Role | 138545 ms
[main] INFO utils.PerformanceMetrics - METRIC | skillup_course_IT Systems Design and Analysis | 169034 ms
[main] INFO utils.PerformanceMetrics - METRIC | skillup_course_UI/UX Wireframing and Prototyping with Figma | 169499 ms
[main] INFO utils.PerformanceMetrics - METRIC | skillup_course_UX/UI Design Fundamentals: Usability and Visual Principles | 170128 ms
[main] INFO utils.PerformanceMetrics - METRIC | skillup_course_Project Management Foundations, Initiation, and Planning | 218782 ms
[main] INFO utils.PerformanceMetrics - METRIC | skillup_course_Generative AI: Transform Your Customer Support Career | 248184 ms
[main] INFO utils.PerformanceMetrics - METRIC | skillup_course_Generative AI: A Game Changer for Program Managers | 250197 ms
[main] INFO utils.PerformanceMetrics - METRIC | skillup_course_Java: Design Patterns, Testing, and Deployment | 281670 ms
[main] INFO utils.PerformanceMetrics - METRIC | skillup_course_Get Started with Mail and Calendar Applications: Outlook | 300354 ms
[main] INFO utils.PerformanceMetrics - METRIC | skillup_course_Software Development on SAP HANA | 318269 ms
[main] INFO utils.PerformanceMetrics - METRIC | skillup_course_Get Started with Android App Development | 323827 ms
[main] INFO utils.PerformanceMetrics - METRIC | skillup_course_Program Management: Prepare for PMI-PgMP Certification Exam | 360241 ms
[main] INFO utils.PerformanceMetrics - METRIC | skillup_course_Mobile App Notifications, Databases, & Publishing | 378308 ms
[main] INFO utils.PerformanceMetrics - METRIC | skillup_course_Get Started with iOS App Development | 396666 ms
[main] INFO utils.PerformanceMetrics - METRIC | skillup_course_Power BI Data Analyst Prep | 404362 ms
[main] INFO utils.PerformanceMetrics - METRIC | skillup_course_Get Started with Word Processing Applications: Word | 431284 ms
[main] INFO utils.PerformanceMetrics - METRIC | skillup_course_Get Started with Spreadsheet Applications: Excel | 439552 ms
[main] INFO utils.PerformanceMetrics - METRIC | skillup_course_Get Started with Messaging & Collaboration Apps: Teams/Zoom | 476470 ms
[main] INFO utils.PerformanceMetrics - METRIC | skillup_course_Six Sigma for Process Improvement | 493396 ms
[main] INFO utils.PerformanceMetrics - METRIC | skillup_course_Practice Exam for Scrum.org PSPO I Certification | 512361 ms
[main] INFO utils.PerformanceMetrics - METRIC | skillup_course_Data Integration, Data Storage, & Data Migration | 521994 ms
[main] INFO utils.PerformanceMetrics - METRIC | skillup_course_Intro to Lean Six Sigma and Project Identification Methods | 534924 ms
[main] INFO utils.PerformanceMetrics - METRIC | skillup_course_Practice Exam for ISC2 Certified in Cybersecurity (CC) | 579525 ms
[main] INFO utils.PerformanceMetrics - METRIC | skillup_sublist_2 | 579529 ms
[main] INFO utils.PerformanceMetrics - METRIC | skillup_course_Power BI Data Analyst Associate Prep | 54761 ms
[main] INFO utils.PerformanceMetrics - METRIC | skillup_course_Introduction to Ethical Hacking Principles | 89402 ms
[main] INFO utils.PerformanceMetrics - METRIC | skillup_course_Overview:Six Sigma and the Organization | 90473 ms
[main] INFO utils.PerformanceMetrics - METRIC | skillup_course_Leadership and Team Management | 94555 ms
[main] INFO utils.PerformanceMetrics - METRIC | skillup_course_Prep for Microsoft Azure Data Engineer Associate Cert DP-203 | 132331 ms
[main] INFO utils.PerformanceMetrics - METRIC | skillup_course_Mastering Advanced Data and Analytics Features in Tableau | 171362 ms
[main] INFO utils.PerformanceMetrics - METRIC | skillup_course_Vector Search with NoSQL Databases using MongoDB & Cassandra | 174113 ms
[main] INFO utils.PerformanceMetrics - METRIC | skillup_course_Tableau Capstone Project | 176164 ms
[main] INFO utils.PerformanceMetrics - METRIC | skillup_course_Enterprise Data Architecture and Operations | 209759 ms
[main] INFO utils.PerformanceMetrics - METRIC | skillup_course_Managing Identity Services using AD DS and Microsoft Entra | 226123 ms
[main] INFO utils.PerformanceMetrics - METRIC | skillup_course_Vector Search with Relational Databases using PostgreSQL | 249791 ms
[main] INFO utils.PerformanceMetrics - METRIC | skillup_course_Practice Exam for Tableau Certified Data Analyst | 254887 ms
[main] INFO utils.PerformanceMetrics - METRIC | skillup_course_Data Management Capstone Project | 288716 ms
[main] INFO utils.PerformanceMetrics - METRIC | skillup_course_Managing Windows Servers, Virtualization, & Containerization | 306708 ms
[main] INFO utils.PerformanceMetrics - METRIC | skillup_course_The DMAIC Framework - Define and Measure Phase | 329541 ms
[main] INFO utils.PerformanceMetrics - METRIC | skillup_course_Generative AI for Java and Spring Development | 333932 ms
[main] INFO utils.PerformanceMetrics - METRIC | skillup_course_Improvement Techniques and Control Tools | 365654 ms
[main] INFO utils.PerformanceMetrics - METRIC | skillup_course_Data Collection and Root Cause Analysis | 384504 ms
[main] INFO utils.PerformanceMetrics - METRIC | skillup_course_Digital Advertising | 409497 ms
[main] INFO utils.PerformanceMetrics - METRIC | skillup_course_Managing Storage and Networking | 411965 ms
[main] INFO utils.PerformanceMetrics - METRIC | skillup_course_The DMAIC Framework:Analyze, Improve, and Control Phase | 420691 ms
[main] INFO utils.PerformanceMetrics - METRIC | skillup_course_Blockchain and Cryptography Overview | 468811 ms
[main] INFO utils.PerformanceMetrics - METRIC | skillup_course_Practice Exam for Scrum.org PSM I Certification | 487374 ms
[main] INFO utils.PerformanceMetrics - METRIC | skillup_course_Data Architect Capstone Project | 497701 ms
[main] INFO utils.PerformanceMetrics - METRIC | skillup_course_Cutting-Edge Blockchain Security Mechanisms | 498193 ms
[main] INFO utils.PerformanceMetrics - METRIC | skillup_course_Authorization and Managing Identity in Azure | 539363 ms
[main] INFO utils.PerformanceMetrics - METRIC | skillup_course_Business Implementation and Security | 550574 ms
[main] INFO utils.PerformanceMetrics - METRIC | skillup_course_Networking and Migration in Azure | 577790 ms
[main] INFO utils.PerformanceMetrics - METRIC | skillup_sublist_3 | 577798 ms
[main] INFO utils.PerformanceMetrics - METRIC | skillup_course_AI Ethics for the Workplace | 0 ms
[main] INFO utils.PerformanceMetrics - METRIC | skillup_course_Machine Learning for Medical Data | 0 ms
[main] INFO utils.PerformanceMetrics - METRIC | skillup_course_Generative AI: Revolutionizing Business Analysis Techniques | 82137 ms
[main] INFO utils.PerformanceMetrics - METRIC | skillup_course_Network Traffic Analysis with Wireshark | 82422 ms
[main] INFO utils.PerformanceMetrics - METRIC | skillup_course_Logging and Monitoring Tools in Azure | 88452 ms
[main] INFO utils.PerformanceMetrics - METRIC | skillup_course_Practice Test for CompTIA Data+ Certification | 109829 ms
[main] INFO utils.PerformanceMetrics - METRIC | skillup_course_Java App Development Project: Fundamentals, OOP & File I/O | 164800 ms
[main] INFO utils.PerformanceMetrics - METRIC | skillup_course_Social Media Marketing | 166109 ms
[main] INFO utils.PerformanceMetrics - METRIC | skillup_course_E-commerce Marketing and Email Campaigns | 167603 ms
[main] INFO utils.PerformanceMetrics - METRIC | skillup_course_Applying GenAI Tools for Process Automation | 189872 ms
[main] INFO utils.PerformanceMetrics - METRIC | skillup_course_Introduction to GenAI for Business Process Automation | 248109 ms
[main] INFO utils.PerformanceMetrics - METRIC | skillup_course_Advanced GenAI Development Practices | 248235 ms
[main] INFO utils.PerformanceMetrics - METRIC | skillup_course_Building and Deploying GenAI Agents for Process Automation | 248569 ms
[main] INFO utils.PerformanceMetrics - METRIC | skillup_course_Data Privacy and Protection | 269044 ms
[main] INFO utils.PerformanceMetrics - METRIC | skillup_course_Driving Collaboration and Culture in Remote Teams | 321140 ms
[main] INFO utils.PerformanceMetrics - METRIC | skillup_course_GenAI-Assisted Development and Code Quality | 330360 ms
[main] INFO utils.PerformanceMetrics - METRIC | skillup_course_Cybersecurity Awareness | 340194 ms
[main] INFO utils.PerformanceMetrics - METRIC | skillup_course_Using GenAI in Modern Software Development | 340194 ms
[main] INFO utils.PerformanceMetrics - METRIC | skillup_course_Essentials of Remote Team Management | 402457 ms
[main] INFO utils.PerformanceMetrics - METRIC | skillup_course_Delivering Results with Remote Teams | 410563 ms
[main] INFO utils.PerformanceMetrics - METRIC | skillup_course_Generative AI: The Future of UX UI Design | 421757 ms
[main] INFO utils.PerformanceMetrics - METRIC | skillup_course_Generative AI: Advancing Systems Analysis & Architecture | 422102 ms
[main] INFO utils.PerformanceMetrics - METRIC | skillup_course_Foundations of AI in Healthcare | 482054 ms
[main] INFO utils.PerformanceMetrics - METRIC | skillup_course_SEO, Generative AI, and GEO Capstone Project | 489302 ms
[main] INFO utils.PerformanceMetrics - METRIC | skillup_course_AI Technologies in Healthcare | 501751 ms
[main] INFO utils.PerformanceMetrics - METRIC | skillup_course_Project, Stakeholder, and Requirements Management | 503999 ms
[main] INFO utils.PerformanceMetrics - METRIC | skillup_course_AI SEO: Mastering Generative Engine Optimization (GEO) | 562039 ms
[main] INFO utils.PerformanceMetrics - METRIC | skillup_course_Business Process Modeling, Analysis, and Improvement | 597208 ms
[main] INFO utils.PerformanceMetrics - METRIC | skillup_sublist_4 | 597214 ms
[main] INFO utils.PerformanceMetrics - METRIC | skillup_course_Data Privacy, Security, Governance, Risk and Compliance | 80997 ms
[main] INFO utils.PerformanceMetrics - METRIC | skillup_course_Spring Framework for Java Development | 88326 ms
[main] INFO utils.PerformanceMetrics - METRIC | skillup_course_Healthcare Data Visualization and Decision Support | 106675 ms
[main] INFO utils.PerformanceMetrics - METRIC | skillup_course_Statistical Analysis and Data Modeling in Healthcare | 108126 ms
[main] INFO utils.PerformanceMetrics - METRIC | skillup_course_Neurodiversity in the Workplace | 171204 ms
[main] INFO utils.PerformanceMetrics - METRIC | skillup_course_Healthcare Data Visualization and Decision Support | 180710 ms
[main] INFO utils.PerformanceMetrics - METRIC | skillup_course_Employment Law for Managers | 186783 ms
[main] INFO utils.PerformanceMetrics - METRIC | skillup_course_Code of Conduct | 188210 ms
[main] INFO utils.PerformanceMetrics - METRIC | skillup_course_Diversity, Equity, Inclusion and Belonging in the Workplace | 251446 ms
[main] INFO utils.PerformanceMetrics - METRIC | skillup_course_Fundamentals of Data Science in Healthcare | 263429 ms
[main] INFO utils.PerformanceMetrics - METRIC | skillup_course_Advanced Healthcare Analytics | 269921 ms
[main] INFO utils.PerformanceMetrics - METRIC | skillup_course_Machine Learning for Healthcare Applications | 288219 ms
[main] INFO utils.PerformanceMetrics - METRIC | skillup_course_Critical Communication and Leadership Skills | 330718 ms
[main] INFO utils.PerformanceMetrics - METRIC | skillup_course_How to Build Credibility and Trust | 350272 ms
[main] INFO utils.PerformanceMetrics - METRIC | skillup_course_Understanding Management and Leadership | 365108 ms
[main] INFO utils.PerformanceMetrics - METRIC | skillup_course_Name Screening and Reporting Obligations - US | 366097 ms
[main] INFO utils.PerformanceMetrics - METRIC | skillup_course_Protecting Against Money Laundering & Terrorist Financing—US | 408784 ms
[main] INFO utils.PerformanceMetrics - METRIC | skillup_course_Safeguarding Against Financial Elder Abuses | 448927 ms
[main] INFO utils.PerformanceMetrics - METRIC | skillup_course_Growth Mindset | 469532 ms
[main] INFO utils.PerformanceMetrics - METRIC | skillup_course_Customer Identification Program - US | 470995 ms
[main] INFO utils.PerformanceMetrics - METRIC | skillup_course_Currency Transaction Reports - US | 486572 ms
[main] INFO utils.PerformanceMetrics - METRIC | skillup_course_Leadership in the New AI Landscape | 519792 ms
[main] INFO utils.PerformanceMetrics - METRIC | skillup_course_Suspicious Transaction Reporting (STR) - US | 528016 ms
[main] INFO utils.PerformanceMetrics - METRIC | skillup_course_HIPAA Fundamentals | 572026 ms
[main] INFO utils.PerformanceMetrics - METRIC | skillup_course_Servicemembers Civil Relief Act and Military Lending Act | 585525 ms
[main] INFO utils.PerformanceMetrics - METRIC | skillup_course_Preventing Fraud, Waste, and Abuse (FWA) in Healthcare | 618418 ms
[main] INFO utils.PerformanceMetrics - METRIC | skillup_sublist_5 | 618423 ms
[main] INFO utils.PerformanceMetrics - METRIC | total_execution | 2911118 ms
[main] INFO testcases.IdentifyCoursesTest - ========== PERFORMANCE METRICS END ==========

]]></system-err>
  </testcase>
</testsuite>