<?xml version="1.0" encoding="UTF-8"?>
<testsuite xmlns:xsi="http://www.w3.org/2001/XMLSchema-instance" xsi:noNamespaceSchemaLocation="https://maven.apache.org/surefire/maven-surefire-plugin/xsd/surefire-test-report-3.0.xsd" version="3.0" name="TestSuite" time="6208.33" tests="1" errors="0" skipped="0" failures="0">
  <properties>
[...]
</properties>
  <testcase name="testScrapeCourseRatings" classname="testcases.IdentifyCoursesTest" time="6021.038">
    <system-out><![CDATA[Branch merger dropdown HTML: <div class="cds-258 cds-259 cds-select-select cds-262 cds-295 cds-279 cds-input-input" tabindex="0" role="button" aria-expanded="true" aria-haspopup="listbox" aria-labelledby="cds-react-aria700051510-:r10:-label cds-react-aria700051510-:r10:-value" id="cds-react-aria700051510-:r10:-value"><div class="_1izmd02f"><span class="rc-BranchStatus"><strong>All Versions</strong></span></div></div>
Live version option HTML: <li class="cds-152 cds-344 cds-340 cds-selectOption-root css-1afi62n cds-341 cds-351 cds-352 cds-selectOption-button" tabindex="-1" role="option" aria-disabled="false" aria-selected="false" data-value="authoringBranch~SNoLKANCEfGeUhKWHErt_Q" aria-labelledby="cds-react-aria700051510-:r3n:-label" id="cds-react-aria700051510-:r3n:"><div class="cds-selectOption-container"><div id="cds-react-aria700051510-:r3n:-label"><div class="_1izmd02f"><span class="cds-tag-status cds-tag-primary cds-tag-success css-1n9kyo" data-testid="tag-root" style="margin-right: 10px;"><div data-testid="visually-hidden" class="css-1whdyhf">Success: Live</div><span class="css-1ast7yb" aria-hidden="true">Live</span></span><span class="rc-BranchStatus"><strong>Version 4</strong>: Mar 23 - present</span></div></div></div></li>
Branch merger dropdown HTML: <div class="cds-258 cds-259 cds-select-select cds-262 cds-295 cds-279 cds-input-input" tabindex="0" role="button" aria-expanded="true" aria-haspopup="listbox" aria-labelledby="cds-react-aria7017301046-:r8:-label cds-react-aria7017301046-:r8:-value" id="cds-react-aria7017301046-:r8:-value"><div class="_1izmd02f"><span class="rc-BranchStatus"><strong>All Versions</strong></span></div></div>
Live version option HTML: <li class="cds-152 cds-344 cds-340 cds-selectOption-root css-1afi62n cds-341 cds-351 cds-352 cds-selectOption-button" tabindex="-1" role="option" aria-disabled="false" aria-selected="false" data-value="authoringBranch~sCgPtP2iEfCnvhJzwyR9pQ" aria-labelledby="cds-react-aria7017301046-:r22:-label" id="cds-react-aria7017301046-:r22:"><div class="cds-selectOption-container"><div id="cds-react-aria7017301046-:r22:-label"><div class="_1izmd02f"><span class="cds-tag-status cds-tag-primary cds-tag-success css-1n9kyo" data-testid="tag-root" style="margin-right: 10px;"><div data-testid="visually-hidden" class="css-1whdyhf">Success: Live</div><span class="css-1ast7yb" aria-hidden="true">Live</span></span><span class="rc-BranchStatus"><strong>Version 2</strong>: Mar 2 - present</span></div></div></div></li>
Branch merger dropdown HTML: <div class="cds-243 cds-244 cds-select-select cds-247 cds-280 cds-264 cds-input-input" tabindex="0" role="button" aria-expanded="true" aria-haspopup="listbox" aria-labelledby="cds-react-aria5202163090-:r8:-label cds-react-aria5202163090-:r8:-value" id="cds-react-aria5202163090-:r8:-value"><div class="_1izmd02f"><span class="rc-BranchStatus"><strong>All Versions</strong></span></div></div>
Live version option HTML: <li class="cds-152 cds-329 cds-325 cds-selectOption-root css-1afi62n cds-326 cds-336 cds-337 cds-selectOption-button" tabindex="-1" role="option" aria-disabled="false" aria-selected="false" data-value="-mWRmvBoEe-JQhJp-zb3DQ" aria-labelledby="cds-react-aria5202163090-:r1m:-label" id="cds-react-aria5202163090-:r1m:"><div class="cds-selectOption-container"><div id="cds-react-aria5202163090-:r1m:-label"><div class="_1izmd02f"><span class="cds-tag-status cds-tag-primary cds-tag-success css-1n9kyo" data-testid="tag-root" style="margin-right: 10px;"><div data-testid="visually-hidden" class="css-1whdyhf">Success: Live</div><span class="css-1ast7yb" aria-hidden="true">Live</span></span><span class="rc-BranchStatus"><strong>Version 1</strong>: Mar 21 - present</span></div></div></div></li>
Branch merger dropdown HTML: <div class="cds-243 cds-244 cds-select-select cds-247 cds-280 cds-264 cds-input-input" tabindex="0" role="button" aria-expanded="true" aria-haspopup="listbox" aria-labelledby="cds-react-aria571834561-:ru:-label cds-react-aria571834561-:ru:-value" id="cds-react-aria571834561-:ru:-value"><div class="_1izmd02f"><span class="rc-BranchStatus"><strong>All Versions</strong></span></div></div>
Live version option HTML: <li class="cds-152 cds-329 cds-325 cds-selectOption-root css-1afi62n cds-326 cds-336 cds-337 cds-selectOption-button" tabindex="-1" role="option" aria-disabled="false" aria-selected="false" data-value="authoringBranch~RW1smO6dEe-z8w7Zu4K0Ow" aria-labelledby="cds-react-aria571834561-:r2n:-label" id="cds-react-aria571834561-:r2n:"><div class="cds-selectOption-container"><div id="cds-react-aria571834561-:r2n:-label"><div class="_1izmd02f"><span class="cds-tag-status cds-tag-primary cds-tag-success css-1n9kyo" data-testid="tag-root" style="margin-right: 10px;"><div data-testid="visually-hidden" class="css-1whdyhf">Success: Live</div><span class="css-1ast7yb" aria-hidden="true">Live</span></span><span class="rc-BranchStatus"><strong>Version 2 </strong>: Jul 31 - present</span></div></div></div></li>
Branch merger dropdown HTML: <div class="cds-243 cds-244 cds-select-select cds-247 cds-280 cds-264 cds-input-input" tabindex="0" role="button" aria-expanded="true" aria-haspopup="listbox" aria-labelledby="cds-react-aria4049458998-:r8:-label cds-react-aria4049458998-:r8:-value" id="cds-react-aria4049458998-:r8:-value"><div class="_1izmd02f"><span class="rc-BranchStatus"><strong>All Versions</strong></span></div></div>
Live version option HTML: <li class="cds-152 cds-329 cds-325 cds-selectOption-root css-1afi62n cds-326 cds-336 cds-337 cds-selectOption-button" tabindex="-1" role="option" aria-disabled="false" aria-selected="false" data-value="authoringBranch~YSdkXkhFEfC-nhKAhlSEHQ" aria-labelledby="cds-react-aria4049458998-:r28:-label" id="cds-react-aria4049458998-:r28:"><div class="cds-selectOption-container"><div id="cds-react-aria4049458998-:r28:-label"><div class="_1izmd02f"><span class="cds-tag-status cds-tag-primary cds-tag-success css-1n9kyo" data-testid="tag-root" style="margin-right: 10px;"><div data-testid="visually-hidden" class="css-1whdyhf">Success: Live</div><span class="css-1ast7yb" aria-hidden="true">Live</span></span><span class="rc-BranchStatus"><strong>New Version 3</strong>: Jun 30 - present</span></div></div></div></li>
Branch merger dropdown HTML: <div class="cds-243 cds-244 cds-select-select cds-247 cds-280 cds-264 cds-input-input" tabindex="0" role="button" aria-expanded="true" aria-haspopup="listbox" aria-labelledby="cds-react-aria5416313763-:r8:-label cds-react-aria5416313763-:r8:-value" id="cds-react-aria5416313763-:r8:-value"><div class="_1izmd02f"><span class="rc-BranchStatus"><strong>All Versions</strong></span></div></div>
Live version option HTML: <li class="cds-152 cds-329 cds-325 cds-selectOption-root css-1afi62n cds-326 cds-336 cds-337 cds-selectOption-button" tabindex="-1" role="option" aria-disabled="false" aria-selected="false" data-value="authoringBranch~IKlI4O6uEe-CZAr_3z-mxw" aria-labelledby="cds-react-aria5416313763-:r1c:-label" id="cds-react-aria5416313763-:r1c:"><div class="cds-selectOption-container"><div id="cds-react-aria5416313763-:r1c:-label"><div class="_1izmd02f"><span class="cds-tag-status cds-tag-primary cds-tag-success css-1n9kyo" data-testid="tag-root" style="margin-right: 10px;"><div data-testid="visually-hidden" class="css-1whdyhf">Success: Live</div><span class="css-1ast7yb" aria-hidden="true">Live</span></span><span class="rc-BranchStatus"><strong>Version 2</strong>: May 13 - present</span></div></div></div></li>
Branch merger dropdown HTML: <div class="cds-243 cds-244 cds-select-select cds-247 cds-280 cds-264 cds-input-input" tabindex="0" role="button" aria-expanded="true" aria-haspopup="listbox" aria-labelledby="cds-react-aria8017601969-:r8:-label cds-react-aria8017601969-:r8:-value" id="cds-react-aria8017601969-:r8:-value"><div class="_1izmd02f"><span class="rc-BranchStatus"><strong>All Versions</strong></span></div></div>
Live version option HTML: <li class="cds-152 cds-329 cds-325 cds-selectOption-root css-1afi62n cds-326 cds-336 cds-337 cds-selectOption-button" tabindex="-1" role="option" aria-disabled="false" aria-selected="false" data-value="authoringBranch~bzb0auq0Ee-XrBJwYvUhHw" aria-labelledby="cds-react-aria8017601969-:r21:-label" id="cds-react-aria8017601969-:r21:"><div class="cds-selectOption-container"><div id="cds-react-aria8017601969-:r21:-label"><div class="_1izmd02f"><span class="cds-tag-status cds-tag-primary cds-tag-success css-1n9kyo" data-testid="tag-root" style="margin-right: 10px;"><div data-testid="visually-hidden" class="css-1whdyhf">Success: Live</div><span class="css-1ast7yb" aria-hidden="true">Live</span></span><span class="rc-BranchStatus"><strong>Version 2</strong>: May 7 - present</span></div></div></div></li>
Branch merger dropdown HTML: <div class="cds-258 cds-259 cds-select-select cds-262 cds-295 cds-279 cds-input-input" tabindex="0" role="button" aria-expanded="true" aria-haspopup="listbox" aria-labelledby="cds-react-aria1741967317-:r8:-label cds-react-aria1741967317-:r8:-value" id="cds-react-aria1741967317-:r8:-value"><div class="_1izmd02f"><span class="rc-BranchStatus"><strong>All Versions</strong></span></div></div>
Live version option HTML: <li class="cds-152 cds-344 cds-340 cds-selectOption-root css-1afi62n cds-341 cds-351 cds-352 cds-selectOption-button" tabindex="-1" role="option" aria-disabled="false" aria-selected="false" data-value="authoringBranch~mczbtY-pEfCj8wr_-Cru9Q" aria-labelledby="cds-react-aria1741967317-:r2i:-label" id="cds-react-aria1741967317-:r2i:"><div class="cds-selectOption-container"><div id="cds-react-aria1741967317-:r2i:-label"><div class="_1izmd02f"><span class="cds-tag-status cds-tag-primary cds-tag-success css-1n9kyo" data-testid="tag-root" style="margin-right: 10px;"><div data-testid="visually-hidden" class="css-1whdyhf">Success: Live</div><span class="css-1ast7yb" aria-hidden="true">Live</span></span><span class="rc-BranchStatus"><strong>Version 2</strong>: Jan 5 - present</span></div></div></div></li>
Branch merger dropdown HTML: <div class="cds-243 cds-244 cds-select-select cds-247 cds-280 cds-264 cds-input-input" tabindex="0" role="button" aria-expanded="true" aria-haspopup="listbox" aria-labelledby="cds-react-aria2452532619-:r8:-label cds-react-aria2452532619-:r8:-value" id="cds-react-aria2452532619-:r8:-value"><div class="_1izmd02f"><span class="rc-BranchStatus"><strong>All Versions</strong></span></div></div>
Live version option HTML: <li class="cds-152 cds-329 cds-325 cds-selectOption-root css-1afi62n cds-326 cds-336 cds-337 cds-selectOption-button" tabindex="-1" role="option" aria-disabled="false" aria-selected="false" data-value="RntcnH5aEe6hyw4UDDa2MQ" aria-labelledby="cds-react-aria2452532619-:r1c:-label" id="cds-react-aria2452532619-:r1c:"><div class="cds-selectOption-container"><div id="cds-react-aria2452532619-:r1c:-label"><div class="_1izmd02f"><span class="cds-tag-status cds-tag-primary cds-tag-success css-1n9kyo" data-testid="tag-root" style="margin-right: 10px;"><div data-testid="visually-hidden" class="css-1whdyhf">Success: Live</div><span class="css-1ast7yb" aria-hidden="true">Live</span></span><span class="rc-BranchStatus"><strong>Version 1</strong>: Dec 14 - present</span></div></div></div></li>
Branch merger dropdown HTML: <div class="cds-243 cds-244 cds-select-select cds-247 cds-280 cds-264 cds-input-input" tabindex="0" role="button" aria-expanded="true" aria-haspopup="listbox" aria-labelledby="cds-react-aria5641551479-:r8:-label cds-react-aria5641551479-:r8:-value" id="cds-react-aria5641551479-:r8:-value"><div class="_1izmd02f"><span class="rc-BranchStatus"><strong>All Versions</strong></span></div></div>
Live version option HTML: <li class="cds-152 cds-329 cds-325 cds-selectOption-root css-1afi62n cds-326 cds-336 cds-337 cds-selectOption-button" tabindex="-1" role="option" aria-disabled="false" aria-selected="false" data-value="Xk-ZeFivEe6T4g5G6GUacQ" aria-labelledby="cds-react-aria5641551479-:r35:-label" id="cds-react-aria5641551479-:r35:"><div class="cds-selectOption-container"><div id="cds-react-aria5641551479-:r35:-label"><div class="_1izmd02f"><span class="cds-tag-status cds-tag-primary cds-tag-success css-1n9kyo" data-testid="tag-root" style="margin-right: 10px;"><div data-testid="visually-hidden" class="css-1whdyhf">Success: Live</div><span class="css-1ast7yb" aria-hidden="true">Live</span></span><span class="rc-BranchStatus"><strong>Version 1</strong>: Sep 25 - present</span></div></div></div></li>
Branch merger dropdown HTML: <div class="cds-258 cds-259 cds-select-select cds-262 cds-295 cds-279 cds-input-input" tabindex="0" role="button" aria-expanded="true" aria-haspopup="listbox" aria-labelledby="cds-react-aria7026883651-:r8:-label cds-react-aria7026883651-:r8:-value" id="cds-react-aria7026883651-:r8:-value"><div class="_1izmd02f"><span class="rc-BranchStatus"><strong>All Versions</strong></span></div></div>
Live version option HTML: <li class="cds-152 cds-344 cds-340 cds-selectOption-root css-1afi62n cds-341 cds-351 cds-352 cds-selectOption-button" tabindex="-1" role="option" aria-disabled="false" aria-selected="false" data-value="authoringBranch~d84U_PzlEfCh2BL9WZfHIw" aria-labelledby="cds-react-aria7026883651-:r1r:-label" id="cds-react-aria7026883651-:r1r:"><div class="cds-selectOption-container"><div id="cds-react-aria7026883651-:r1r:-label"><div class="_1izmd02f"><span class="cds-tag-status cds-tag-primary cds-tag-success css-1n9kyo" data-testid="tag-root" style="margin-right: 10px;"><div data-testid="visually-hidden" class="css-1whdyhf">Success: Live</div><span class="css-1ast7yb" aria-hidden="true">Live</span></span><span class="rc-BranchStatus"><strong>Version 3</strong>: Mar 2 - present</span></div></div></div></li>
Branch merger dropdown HTML: <div class="cds-243 cds-244 cds-select-select cds-247 cds-280 cds-264 cds-input-input" tabindex="0" role="button" aria-expanded="true" aria-haspopup="listbox" aria-labelledby="cds-react-aria7256938449-:r26:-label cds-react-aria7256938449-:r26:-value" id="cds-react-aria7256938449-:r26:-value"><div class="_1izmd02f"><span class="rc-BranchStatus"><strong>All Versions</strong></span></div></div>
Live version option HTML: <li class="cds-152 cds-329 cds-325 cds-selectOption-root css-1afi62n cds-326 cds-336 cds-337 cds-selectOption-button" tabindex="-1" role="option" aria-disabled="false" aria-selected="false" data-value="authoringBranch~Uesqb-UtEe-mrRK-FPQYAw" aria-labelledby="cds-react-aria7256938449-:r53:-label" id="cds-react-aria7256938449-:r53:"><div class="cds-selectOption-container"><div id="cds-react-aria7256938449-:r53:-label"><div class="_1izmd02f"><span class="cds-tag-status cds-tag-primary cds-tag-success css-1n9kyo" data-testid="tag-root" style="margin-right: 10px;"><div data-testid="visually-hidden" class="css-1whdyhf">Success: Live</div><span class="css-1ast7yb" aria-hidden="true">Live</span></span><span class="rc-BranchStatus"><strong>Version 2</strong>: Apr 21 - present</span></div></div></div></li>
Branch merger dropdown HTML: <div class="cds-243 cds-244 cds-select-select cds-247 cds-280 cds-264 cds-input-input" tabindex="0" role="button" aria-expanded="true" aria-haspopup="listbox" aria-labelledby="cds-react-aria5754425950-:r8:-label cds-react-aria5754425950-:r8:-value" id="cds-react-aria5754425950-:r8:-value"><div class="_1izmd02f"><span class="rc-BranchStatus"><strong>All Versions</strong></span></div></div>
Live version option HTML: <li class="cds-152 cds-329 cds-325 cds-selectOption-root css-1afi62n cds-326 cds-336 cds-337 cds-selectOption-button" tabindex="-1" role="option" aria-disabled="false" aria-selected="false" data-value="authoringBranch~alA_PPXyEfCpCA6z_XZ3iw" aria-labelledby="cds-react-aria5754425950-:r21:-label" id="cds-react-aria5754425950-:r21:"><div class="cds-selectOption-container"><div id="cds-react-aria5754425950-:r21:-label"><div class="_1izmd02f"><span class="cds-tag-status cds-tag-primary cds-tag-success css-1n9kyo" data-testid="tag-root" style="margin-right: 10px;"><div data-testid="visually-hidden" class="css-1whdyhf">Success: Live</div><span class="css-1ast7yb" aria-hidden="true">Live</span></span><span class="rc-BranchStatus"><strong>Version 2</strong>: Mar 16 - present</span></div></div></div></li>
Branch merger dropdown HTML: <div class="cds-258 cds-259 cds-select-select cds-262 cds-295 cds-279 cds-input-input" tabindex="0" role="button" aria-expanded="true" aria-haspopup="listbox" aria-labelledby="cds-react-aria4429105900-:r8:-label cds-react-aria4429105900-:r8:-value" id="cds-react-aria4429105900-:r8:-value"><div class="_1izmd02f"><span class="rc-BranchStatus"><strong>All Versions</strong></span></div></div>
Live version option HTML: <li class="cds-152 cds-344 cds-340 cds-selectOption-root css-1afi62n cds-341 cds-351 cds-352 cds-selectOption-button" tabindex="-1" role="option" aria-disabled="false" aria-selected="false" data-value="authoringBranch~x0m1WI-ZEfCFBhK69Xyhpw" aria-labelledby="cds-react-aria4429105900-:r21:-label" id="cds-react-aria4429105900-:r21:"><div class="cds-selectOption-container"><div id="cds-react-aria4429105900-:r21:-label"><div class="_1izmd02f"><span class="cds-tag-status cds-tag-primary cds-tag-success css-1n9kyo" data-testid="tag-root" style="margin-right: 10px;"><div data-testid="visually-hidden" class="css-1whdyhf">Success: Live</div><span class="css-1ast7yb" aria-hidden="true">Live</span></span><span class="rc-BranchStatus"><strong>Version 3</strong>: Dec 15 - present</span></div></div></div></li>
Branch merger dropdown HTML: <div class="cds-243 cds-244 cds-select-select cds-247 cds-280 cds-264 cds-input-input" tabindex="0" role="button" aria-expanded="true" aria-haspopup="listbox" aria-labelledby="cds-react-aria4692305116-:r8:-label cds-react-aria4692305116-:r8:-value" id="cds-react-aria4692305116-:r8:-value"><div class="_1izmd02f"><span class="rc-BranchStatus"><strong>All Versions</strong></span></div></div>
Live version option HTML: <li class="cds-152 cds-329 cds-325 cds-selectOption-root css-1afi62n cds-326 cds-336 cds-337 cds-selectOption-button" tabindex="-1" role="option" aria-disabled="false" aria-selected="false" data-value="authoringBranch~Z9FxOe6dEe-z8w7Zu4K0Ow" aria-labelledby="cds-react-aria4692305116-:r2b:-label" id="cds-react-aria4692305116-:r2b:"><div class="cds-selectOption-container"><div id="cds-react-aria4692305116-:r2b:-label"><div class="_1izmd02f"><span class="cds-tag-status cds-tag-primary cds-tag-success css-1n9kyo" data-testid="tag-root" style="margin-right: 10px;"><div data-testid="visually-hidden" class="css-1whdyhf">Success: Live</div><span class="css-1ast7yb" aria-hidden="true">Live</span></span><span class="rc-BranchStatus"><strong>Version 2</strong>: Jun 23 - present</span></div></div></div></li>
Branch merger dropdown HTML: <div class="cds-243 cds-244 cds-select-select cds-247 cds-280 cds-264 cds-input-input" tabindex="0" role="button" aria-expanded="true" aria-haspopup="listbox" aria-labelledby="cds-react-aria9873217120-:r8:-label cds-react-aria9873217120-:r8:-value" id="cds-react-aria9873217120-:r8:-value"><div class="_1izmd02f"><span class="rc-BranchStatus"><strong>All Versions</strong></span></div></div>
Live version option HTML: <li class="cds-152 cds-329 cds-325 cds-selectOption-root css-1afi62n cds-326 cds-336 cds-337 cds-selectOption-button" tabindex="-1" role="option" aria-disabled="false" aria-selected="false" data-value="authoringBranch~W5qYYLm2EfCUQAr_3NSezw" aria-labelledby="cds-react-aria9873217120-:r39:-label" id="cds-react-aria9873217120-:r39:"><div class="cds-selectOption-container"><div id="cds-react-aria9873217120-:r39:-label"><div class="_1izmd02f"><span class="cds-tag-status cds-tag-primary cds-tag-success css-1n9kyo" data-testid="tag-root" style="margin-right: 10px;"><div data-testid="visually-hidden" class="css-1whdyhf">Success: Live</div><span class="css-1ast7yb" aria-hidden="true">Live</span></span><span class="rc-BranchStatus"><strong>Version 2</strong>: Jan 30 - present</span></div></div></div></li>
Branch merger dropdown HTML: <div class="cds-243 cds-244 cds-select-select cds-247 cds-280 cds-264 cds-input-input" tabindex="0" role="button" aria-expanded="true" aria-haspopup="listbox" aria-labelledby="cds-react-aria9128961877-:r8:-label cds-react-aria9128961877-:r8:-value" id="cds-react-aria9128961877-:r8:-value"><div class="_1izmd02f"><span class="rc-BranchStatus"><strong>All Versions</strong></span></div></div>
Live version option HTML: <li class="cds-152 cds-329 cds-325 cds-selectOption-root css-1afi62n cds-326 cds-336 cds-337 cds-selectOption-button" tabindex="-1" role="option" aria-disabled="false" aria-selected="false" data-value="K4c1kGBoEe22Lwq9TgDcrQ" aria-labelledby="cds-react-aria9128961877-:r31:-label" id="cds-react-aria9128961877-:r31:"><div class="cds-selectOption-container"><div id="cds-react-aria9128961877-:r31:-label"><div class="_1izmd02f"><span class="cds-tag-status cds-tag-primary cds-tag-success css-1n9kyo" data-testid="tag-root" style="margin-right: 10px;"><div data-testid="visually-hidden" class="css-1whdyhf">Success: Live</div><span class="css-1ast7yb" aria-hidden="true">Live</span></span><span class="rc-BranchStatus"><strong>Version 1</strong>: Jan 3 - present</span></div></div></div></li>
Branch merger dropdown HTML: <div class="cds-243 cds-244 cds-select-select cds-247 cds-280 cds-264 cds-input-input" tabindex="0" role="button" aria-expanded="true" aria-haspopup="listbox" aria-labelledby="cds-react-aria597378773-:r12:-label cds-react-aria597378773-:r12:-value" id="cds-react-aria597378773-:r12:-value"><div class="_1izmd02f"><span class="rc-BranchStatus"><strong>All Versions</strong></span></div></div>
Live version option HTML: <li class="cds-152 cds-329 cds-325 cds-selectOption-root css-1afi62n cds-326 cds-336 cds-337 cds-selectOption-button" tabindex="-1" role="option" aria-disabled="false" aria-selected="false" data-value="R56tWWBoEe2TzA7_9n9MNw" aria-labelledby="cds-react-aria597378773-:r31:-label" id="cds-react-aria597378773-:r31:"><div class="cds-selectOption-container"><div id="cds-react-aria597378773-:r31:-label"><div class="_1izmd02f"><span class="cds-tag-status cds-tag-primary cds-tag-success css-1n9kyo" data-testid="tag-root" style="margin-right: 10px;"><div data-testid="visually-hidden" class="css-1whdyhf">Success: Live</div><span class="css-1ast7yb" aria-hidden="true">Live</span></span><span class="rc-BranchStatus"><strong>Version 1</strong>: Jan 3 - present</span></div></div></div></li>
Branch merger dropdown HTML: <div class="cds-243 cds-244 cds-select-select cds-247 cds-280 cds-264 cds-input-input" tabindex="0" role="button" aria-expanded="true" aria-haspopup="listbox" aria-labelledby="cds-react-aria7786376330-:r24:-label cds-react-aria7786376330-:r24:-value" id="cds-react-aria7786376330-:r24:-value"><div class="_1izmd02f"><span class="rc-BranchStatus"><strong>All Versions</strong></span></div></div>
Live version option HTML: <li class="cds-152 cds-329 cds-325 cds-selectOption-root css-1afi62n cds-326 cds-336 cds-337 cds-selectOption-button" tabindex="-1" role="option" aria-disabled="false" aria-selected="false" data-value="authoringBranch~bzb0auq0Ee-XrBJwYvUhHw" aria-labelledby="cds-react-aria7786376330-:r51:-label" id="cds-react-aria7786376330-:r51:"><div class="cds-selectOption-container"><div id="cds-react-aria7786376330-:r51:-label"><div class="_1izmd02f"><span class="cds-tag-status cds-tag-primary cds-tag-success css-1n9kyo" data-testid="tag-root" style="margin-right: 10px;"><div data-testid="visually-hidden" class="css-1whdyhf">Success: Live</div><span class="css-1ast7yb" aria-hidden="true">Live</span></span><span class="rc-BranchStatus"><strong>Version 2</strong>: May 7 - present</span></div></div></div></li>
Branch merger dropdown HTML: <div class="cds-243 cds-244 cds-select-select cds-247 cds-280 cds-264 cds-input-input" tabindex="0" role="button" aria-expanded="true" aria-haspopup="listbox" aria-labelledby="cds-react-aria4672081255-:r8:-label cds-react-aria4672081255-:r8:-value" id="cds-react-aria4672081255-:r8:-value"><div class="_1izmd02f"><span class="rc-BranchStatus"><strong>All Versions</strong></span></div></div>
Live version option HTML: <li class="cds-152 cds-329 cds-325 cds-selectOption-root css-1afi62n cds-326 cds-336 cds-337 cds-selectOption-button" tabindex="-1" role="option" aria-disabled="false" aria-selected="false" data-value="authoringBranch~sjN7yqTLEfCEKhKhZIfmkw" aria-labelledby="cds-react-aria4672081255-:r26:-label" id="cds-react-aria4672081255-:r26:"><div class="cds-selectOption-container"><div id="cds-react-aria4672081255-:r26:-label"><div class="_1izmd02f"><span class="cds-tag-status cds-tag-primary cds-tag-success css-1n9kyo" data-testid="tag-root" style="margin-right: 10px;"><div data-testid="visually-hidden" class="css-1whdyhf">Success: Live</div><span class="css-1ast7yb" aria-hidden="true">Live</span></span><span class="rc-BranchStatus"><strong>Version 3</strong>: Feb 2 - present</span></div></div></div></li>
Branch merger dropdown HTML: <div class="cds-243 cds-244 cds-select-select cds-247 cds-280 cds-264 cds-input-input" tabindex="0" role="button" aria-expanded="true" aria-haspopup="listbox" aria-labelledby="cds-react-aria6416304131-:r8:-label cds-react-aria6416304131-:r8:-value" id="cds-react-aria6416304131-:r8:-value"><div class="_1izmd02f"><span class="rc-BranchStatus"><strong>All Versions</strong></span></div></div>
Live version option HTML: <li class="cds-152 cds-329 cds-325 cds-selectOption-root css-1afi62n cds-326 cds-336 cds-337 cds-selectOption-button" tabindex="-1" role="option" aria-disabled="false" aria-selected="false" data-value="authoringBranch~88pHbx38EfGq-xI3Z3ivDQ" aria-labelledby="cds-react-aria6416304131-:r22:-label" id="cds-react-aria6416304131-:r22:"><div class="cds-selectOption-container"><div id="cds-react-aria6416304131-:r22:-label"><div class="_1izmd02f"><span class="cds-tag-status cds-tag-primary cds-tag-success css-1n9kyo" data-testid="tag-root" style="margin-right: 10px;"><div data-testid="visually-hidden" class="css-1whdyhf">Success: Live</div><span class="css-1ast7yb" aria-hidden="true">Live</span></span><span class="rc-BranchStatus"><strong>Version 3</strong>: Mar 23 - present</span></div></div></div></li>
Branch merger dropdown HTML: <div class="cds-258 cds-259 cds-select-select cds-262 cds-295 cds-279 cds-input-input" tabindex="0" role="button" aria-expanded="true" aria-haspopup="listbox" aria-labelledby="cds-react-aria9736205536-:r8:-label cds-react-aria9736205536-:r8:-value" id="cds-react-aria9736205536-:r8:-value"><div class="_1izmd02f"><span class="rc-BranchStatus"><strong>All Versions</strong></span></div></div>
Live version option HTML: <li class="cds-152 cds-344 cds-340 cds-selectOption-root css-1afi62n cds-341 cds-351 cds-352 cds-selectOption-button" tabindex="-1" role="option" aria-disabled="false" aria-selected="false" data-value="authoringBranch~UCAk5vXyEfCTBBKWDW_Pjw" aria-labelledby="cds-react-aria9736205536-:r2v:-label" id="cds-react-aria9736205536-:r2v:"><div class="cds-selectOption-container"><div id="cds-react-aria9736205536-:r2v:-label"><div class="_1izmd02f"><span class="cds-tag-status cds-tag-primary cds-tag-success css-1n9kyo" data-testid="tag-root" style="margin-right: 10px;"><div data-testid="visually-hidden" class="css-1whdyhf">Success: Live</div><span class="css-1ast7yb" aria-hidden="true">Live</span></span><span class="rc-BranchStatus"><strong>Version 2</strong>: Mar 23 - present</span></div></div></div></li>
Branch merger dropdown HTML: <div class="cds-258 cds-259 cds-select-select cds-262 cds-295 cds-279 cds-input-input" tabindex="0" role="button" aria-expanded="true" aria-haspopup="listbox" aria-labelledby="cds-react-aria6182436689-:r8:-label cds-react-aria6182436689-:r8:-value" id="cds-react-aria6182436689-:r8:-value"><div class="_1izmd02f"><span class="rc-BranchStatus"><strong>All Versions</strong></span></div></div>
Live version option HTML: <li class="cds-152 cds-344 cds-340 cds-selectOption-root css-1afi62n cds-341 cds-351 cds-352 cds-selectOption-button" tabindex="-1" role="option" aria-disabled="false" aria-selected="false" data-value="authoringBranch~L6UyjQJfEfG28A6LLakGFQ" aria-labelledby="cds-react-aria6182436689-:r2v:-label" id="cds-react-aria6182436689-:r2v:"><div class="cds-selectOption-container"><div id="cds-react-aria6182436689-:r2v:-label"><div class="_1izmd02f"><span class="cds-tag-status cds-tag-primary cds-tag-success css-1n9kyo" data-testid="tag-root" style="margin-right: 10px;"><div data-testid="visually-hidden" class="css-1whdyhf">Success: Live</div><span class="css-1ast7yb" aria-hidden="true">Live</span></span><span class="rc-BranchStatus"><strong>Version 2</strong>: Mar 30 - present</span></div></div></div></li>
Branch merger dropdown HTML: <div class="cds-243 cds-244 cds-select-select cds-247 cds-280 cds-264 cds-input-input" tabindex="0" role="button" aria-expanded="true" aria-haspopup="listbox" aria-labelledby="cds-react-aria4337091280-:r8:-label cds-react-aria4337091280-:r8:-value" id="cds-react-aria4337091280-:r8:-value"><div class="_1izmd02f"><span class="rc-BranchStatus"><strong>All Versions</strong></span></div></div>
Live version option HTML: <li class="cds-152 cds-329 cds-325 cds-selectOption-root css-1afi62n cds-326 cds-336 cds-337 cds-selectOption-button" tabindex="-1" role="option" aria-disabled="false" aria-selected="false" data-value="authoringBranch~RW1smO6dEe-z8w7Zu4K0Ow" aria-labelledby="cds-react-aria4337091280-:r37:-label" id="cds-react-aria4337091280-:r37:"><div class="cds-selectOption-container"><div id="cds-react-aria4337091280-:r37:-label"><div class="_1izmd02f"><span class="cds-tag-status cds-tag-primary cds-tag-success css-1n9kyo" data-testid="tag-root" style="margin-right: 10px;"><div data-testid="visually-hidden" class="css-1whdyhf">Success: Live</div><span class="css-1ast7yb" aria-hidden="true">Live</span></span><span class="rc-BranchStatus"><strong>Version 2 </strong>: Jul 31 - present</span></div></div></div></li>
Branch merger dropdown HTML: <div class="cds-243 cds-244 cds-select-select cds-247 cds-280 cds-264 cds-input-input" tabindex="0" role="button" aria-expanded="true" aria-haspopup="listbox" aria-labelledby="cds-react-aria9525964010-:r12:-label cds-react-aria9525964010-:r12:-value" id="cds-react-aria9525964010-:r12:-value"><div class="_1izmd02f"><span class="rc-BranchStatus"><strong>All Versions</strong></span></div></div>
Live version option HTML: <li class="cds-152 cds-329 cds-325 cds-selectOption-root css-1afi62n cds-326 cds-336 cds-337 cds-selectOption-button" tabindex="-1" role="option" aria-disabled="false" aria-selected="false" data-value="_JiBa78aEeuxGwpcZwh55w" aria-labelledby="cds-react-aria9525964010-:r3h:-label" id="cds-react-aria9525964010-:r3h:"><div class="cds-selectOption-container"><div id="cds-react-aria9525964010-:r3h:-label"><div class="_1izmd02f"><span class="cds-tag-status cds-tag-primary cds-tag-success css-1n9kyo" data-testid="tag-root" style="margin-right: 10px;"><div data-testid="visually-hidden" class="css-1whdyhf">Success: Live</div><span class="css-1ast7yb" aria-hidden="true">Live</span></span><span class="rc-BranchStatus"><strong>Version 1</strong>: Aug 17 - present</span></div></div></div></li>
Branch merger dropdown HTML: <div class="cds-243 cds-244 cds-select-select cds-247 cds-280 cds-264 cds-input-input" tabindex="0" role="button" aria-expanded="true" aria-haspopup="listbox" aria-labelledby="cds-react-aria6083232678-:r8:-label cds-react-aria6083232678-:r8:-value" id="cds-react-aria6083232678-:r8:-value"><div class="_1izmd02f"><span class="rc-BranchStatus"><strong>All Versions</strong></span></div></div>
Live version option HTML: <li class="cds-152 cds-329 cds-325 cds-selectOption-root css-1afi62n cds-326 cds-336 cds-337 cds-selectOption-button" tabindex="-1" role="option" aria-disabled="false" aria-selected="false" data-value="SbWAnz-lEe-4ZAr_znWoOw" aria-labelledby="cds-react-aria6083232678-:r31:-label" id="cds-react-aria6083232678-:r31:"><div class="cds-selectOption-container"><div id="cds-react-aria6083232678-:r31:-label"><div class="_1izmd02f"><span class="cds-tag-status cds-tag-primary cds-tag-success css-1n9kyo" data-testid="tag-root" style="margin-right: 10px;"><div data-testid="visually-hidden" class="css-1whdyhf">Success: Live</div><span class="css-1ast7yb" aria-hidden="true">Live</span></span><span class="rc-BranchStatus"><strong>Version 1</strong>: Aug 1 - present</span></div></div></div></li>
Branch merger dropdown HTML: <div class="cds-243 cds-244 cds-select-select cds-247 cds-280 cds-264 cds-input-input" tabindex="0" role="button" aria-expanded="true" aria-haspopup="listbox" aria-labelledby="cds-react-aria7047390925-:r8:-label cds-react-aria7047390925-:r8:-value" id="cds-react-aria7047390925-:r8:-value"><div class="_1izmd02f"><span class="rc-BranchStatus"><strong>All Versions</strong></span></div></div>
Live version option HTML: <li class="cds-152 cds-329 cds-325 cds-selectOption-root css-1afi62n cds-326 cds-336 cds-337 cds-selectOption-button" tabindex="-1" role="option" aria-disabled="false" aria-selected="false" data-value="r3WQxR4CEe-V5BLFv6VgIQ" aria-labelledby="cds-react-aria7047390925-:r1i:-label" id="cds-react-aria7047390925-:r1i:"><div class="cds-selectOption-container"><div id="cds-react-aria7047390925-:r1i:-label"><div class="_1izmd02f"><span class="cds-tag-status cds-tag-primary cds-tag-success css-1n9kyo" data-testid="tag-root" style="margin-right: 10px;"><div data-testid="visually-hidden" class="css-1whdyhf">Success: Live</div><span class="css-1ast7yb" aria-hidden="true">Live</span></span><span class="rc-BranchStatus"><strong>Version 1</strong>: May 30 - present</span></div></div></div></li>
Branch merger dropdown HTML: <div class="cds-243 cds-244 cds-select-select cds-247 cds-280 cds-264 cds-input-input" tabindex="0" role="button" aria-expanded="true" aria-haspopup="listbox" aria-labelledby="cds-react-aria6052661131-:r1s:-label cds-react-aria6052661131-:r1s:-value" id="cds-react-aria6052661131-:r1s:-value"><div class="_1izmd02f"><span class="rc-BranchStatus"><strong>All Versions</strong></span></div></div>
Live version option HTML: <li class="cds-152 cds-329 cds-325 cds-selectOption-root css-1afi62n cds-326 cds-336 cds-337 cds-selectOption-button" tabindex="-1" role="option" aria-disabled="false" aria-selected="false" data-value="05KvWJnaEe6ZVg6lscp7ZQ" aria-labelledby="cds-react-aria6052661131-:r4h:-label" id="cds-react-aria6052661131-:r4h:"><div class="cds-selectOption-container"><div id="cds-react-aria6052661131-:r4h:-label"><div class="_1izmd02f"><span class="cds-tag-status cds-tag-primary cds-tag-success css-1n9kyo" data-testid="tag-root" style="margin-right: 10px;"><div data-testid="visually-hidden" class="css-1whdyhf">Success: Live</div><span class="css-1ast7yb" aria-hidden="true">Live</span></span><span class="rc-BranchStatus"><strong>Version 1</strong>: Feb 26 - present</span></div></div></div></li>
Branch merger dropdown HTML: <div class="cds-243 cds-244 cds-select-select cds-247 cds-280 cds-264 cds-input-input" tabindex="0" role="button" aria-expanded="true" aria-haspopup="listbox" aria-labelledby="cds-react-aria5088321670-:r1i:-label cds-react-aria5088321670-:r1i:-value" id="cds-react-aria5088321670-:r1i:-value"><div class="_1izmd02f"><span class="rc-BranchStatus"><strong>All Versions</strong></span></div></div>
Live version option HTML: <li class="cds-152 cds-329 cds-325 cds-selectOption-root css-1afi62n cds-326 cds-336 cds-337 cds-selectOption-button" tabindex="-1" role="option" aria-disabled="false" aria-selected="false" data-value="authoringBranch~aCcKn8OjEfCR6wr_yMSqQw" aria-labelledby="cds-react-aria5088321670-:r47:-label" id="cds-react-aria5088321670-:r47:"><div class="cds-selectOption-container"><div id="cds-react-aria5088321670-:r47:-label"><div class="_1izmd02f"><span class="cds-tag-status cds-tag-primary cds-tag-success css-1n9kyo" data-testid="tag-root" style="margin-right: 10px;"><div data-testid="visually-hidden" class="css-1whdyhf">Success: Live</div><span class="css-1ast7yb" aria-hidden="true">Live</span></span><span class="rc-BranchStatus"><strong>Version 2</strong>: Dec 8 - present</span></div></div></div></li>
Branch merger dropdown HTML: <div class="cds-243 cds-244 cds-select-select cds-247 cds-280 cds-264 cds-input-input" tabindex="0" role="button" aria-expanded="true" aria-haspopup="listbox" aria-labelledby="cds-react-aria2252211600-:r8:-label cds-react-aria2252211600-:r8:-value" id="cds-react-aria2252211600-:r8:-value"><div class="_1izmd02f"><span class="rc-BranchStatus"><strong>All Versions</strong></span></div></div>
Live version option HTML: <li class="cds-152 cds-329 cds-325 cds-selectOption-root css-1afi62n cds-326 cds-336 cds-337 cds-selectOption-button" tabindex="-1" role="option" aria-disabled="false" aria-selected="false" data-value="l8mAeqoLEeywagovoAKHOQ" aria-labelledby="cds-react-aria2252211600-:r2v:-label" id="cds-react-aria2252211600-:r2v:"><div class="cds-selectOption-container"><div id="cds-react-aria2252211600-:r2v:-label"><div class="_1izmd02f"><span class="cds-tag-status cds-tag-primary cds-tag-success css-1n9kyo" data-testid="tag-root" style="margin-right: 10px;"><div data-testid="visually-hidden" class="css-1whdyhf">Success: Live</div><span class="css-1ast7yb" aria-hidden="true">Live</span></span><span class="rc-BranchStatus"><strong>Version 1</strong>: Apr 13 - present</span></div></div></div></li>
Branch merger dropdown HTML: <div class="cds-243 cds-244 cds-select-select cds-247 cds-280 cds-264 cds-input-input" tabindex="0" role="button" aria-expanded="true" aria-haspopup="listbox" aria-labelledby="cds-react-aria5611991671-:r8:-label cds-react-aria5611991671-:r8:-value" id="cds-react-aria5611991671-:r8:-value"><div class="_1izmd02f"><span class="rc-BranchStatus"><strong>All Versions</strong></span></div></div>
Live version option HTML: <li class="cds-152 cds-329 cds-325 cds-selectOption-root css-1afi62n cds-326 cds-336 cds-337 cds-selectOption-button" tabindex="-1" role="option" aria-disabled="false" aria-selected="false" data-value="authoringBranch~1FMClwKCEfG28A6LLakGFQ" aria-labelledby="cds-react-aria5611991671-:r35:-label" id="cds-react-aria5611991671-:r35:"><div class="cds-selectOption-container"><div id="cds-react-aria5611991671-:r35:-label"><div class="_1izmd02f"><span class="cds-tag-status cds-tag-primary cds-tag-success css-1n9kyo" data-testid="tag-root" style="margin-right: 10px;"><div data-testid="visually-hidden" class="css-1whdyhf">Success: Live</div><span class="css-1ast7yb" aria-hidden="true">Live</span></span><span class="rc-BranchStatus"><strong>Version 2</strong>: Mar 2 - present</span></div></div></div></li>
Branch merger dropdown HTML: <div class="cds-258 cds-259 cds-select-select cds-262 cds-295 cds-279 cds-input-input" tabindex="0" role="button" aria-expanded="true" aria-haspopup="listbox" aria-labelledby="cds-react-aria7141836675-:r8:-label cds-react-aria7141836675-:r8:-value" id="cds-react-aria7141836675-:r8:-value"><div class="_1izmd02f"><span class="rc-BranchStatus"><strong>All Versions</strong></span></div></div>
Live version option HTML: <li class="cds-152 cds-344 cds-340 cds-selectOption-root css-1afi62n cds-341 cds-351 cds-352 cds-selectOption-button" tabindex="-1" role="option" aria-disabled="false" aria-selected="false" data-value="authoringBranch~rRfkJvHUEfCkURJ26JwNHQ" aria-labelledby="cds-react-aria7141836675-:r1l:-label" id="cds-react-aria7141836675-:r1l:"><div class="cds-selectOption-container"><div id="cds-react-aria7141836675-:r1l:-label"><div class="_1izmd02f"><span class="cds-tag-status cds-tag-primary cds-tag-success css-1n9kyo" data-testid="tag-root" style="margin-right: 10px;"><div data-testid="visually-hidden" class="css-1whdyhf">Success: Live</div><span class="css-1ast7yb" aria-hidden="true">Live</span></span><span class="rc-BranchStatus"><strong>Version 2</strong>: Mar 23 - present</span></div></div></div></li>
Branch merger dropdown HTML: <div class="cds-231 cds-232 cds-select-select cds-235 cds-268 cds-252 cds-input-input" tabindex="0" role="button" aria-expanded="true" aria-haspopup="listbox" aria-labelledby="cds-react-aria6892191450-:r2u:-label cds-react-aria6892191450-:r2u:-value" id="cds-react-aria6892191450-:r2u:-value"><div class="_1izmd02f"><span class="rc-BranchStatus"><strong>All Versions</strong></span></div></div>
Live version option HTML: <li class="cds-152 cds-329 cds-325 cds-selectOption-root css-1afi62n cds-326 cds-336 cds-337 cds-selectOption-button" tabindex="-1" role="option" aria-disabled="false" aria-selected="false" data-value="CqVMONjlEe-bwhITEGGo8Q" aria-labelledby="cds-react-aria6892191450-:r4o:-label" id="cds-react-aria6892191450-:r4o:"><div class="cds-selectOption-container"><div id="cds-react-aria6892191450-:r4o:-label"><div class="_1izmd02f"><span class="cds-tag-status cds-tag-primary cds-tag-success css-1n9kyo" data-testid="tag-root" style="margin-right: 10px;"><div data-testid="visually-hidden" class="css-1whdyhf">Success: Live</div><span class="css-1ast7yb" aria-hidden="true">Live</span></span><span class="rc-BranchStatus"><strong>Version 1</strong>: Feb 17 - present</span></div></div></div></li>
Branch merger dropdown HTML: <div class="cds-258 cds-259 cds-select-select cds-262 cds-295 cds-279 cds-input-input" tabindex="0" role="button" aria-expanded="true" aria-haspopup="listbox" aria-labelledby="cds-react-aria7096212144-:r8:-label cds-react-aria7096212144-:r8:-value" id="cds-react-aria7096212144-:r8:-value"><div class="_1izmd02f"><span class="rc-BranchStatus"><strong>All Versions</strong></span></div></div>
Live version option HTML: <li class="cds-152 cds-344 cds-340 cds-selectOption-root css-1afi62n cds-341 cds-351 cds-352 cds-selectOption-button" tabindex="-1" role="option" aria-disabled="false" aria-selected="false" data-value="authoringBranch~Gb1e3yHJEfG1twr_3EHELQ" aria-labelledby="cds-react-aria7096212144-:r2p:-label" id="cds-react-aria7096212144-:r2p:"><div class="cds-selectOption-container"><div id="cds-react-aria7096212144-:r2p:-label"><div class="_1izmd02f"><span class="cds-tag-status cds-tag-primary cds-tag-success css-1n9kyo" data-testid="tag-root" style="margin-right: 10px;"><div data-testid="visually-hidden" class="css-1whdyhf">Success: Live</div><span class="css-1ast7yb" aria-hidden="true">Live</span></span><span class="rc-BranchStatus"><strong>Version 2</strong>: Mar 30 - present</span></div></div></div></li>
Branch merger dropdown HTML: <div class="cds-243 cds-244 cds-select-select cds-247 cds-280 cds-264 cds-input-input" tabindex="0" role="button" aria-expanded="true" aria-haspopup="listbox" aria-labelledby="cds-react-aria9448462031-:r10:-label cds-react-aria9448462031-:r10:-value" id="cds-react-aria9448462031-:r10:-value"><div class="_1izmd02f"><span class="rc-BranchStatus"><strong>All Versions</strong></span></div></div>
Live version option HTML: <li class="cds-152 cds-329 cds-325 cds-selectOption-root css-1afi62n cds-326 cds-336 cds-337 cds-selectOption-button" tabindex="-1" role="option" aria-disabled="false" aria-selected="false" data-value="T6G7p4vcEe--oAr_y6Q6Xw" aria-labelledby="cds-react-aria9448462031-:r3h:-label" id="cds-react-aria9448462031-:r3h:"><div class="cds-selectOption-container"><div id="cds-react-aria9448462031-:r3h:-label"><div class="_1izmd02f"><span class="cds-tag-status cds-tag-primary cds-tag-success css-1n9kyo" data-testid="tag-root" style="margin-right: 10px;"><div data-testid="visually-hidden" class="css-1whdyhf">Success: Live</div><span class="css-1ast7yb" aria-hidden="true">Live</span></span><span class="rc-BranchStatus"><strong>Session 1</strong>: Mar 20 - present</span></div></div></div></li>
Branch merger dropdown HTML: <div class="cds-243 cds-244 cds-select-select cds-247 cds-280 cds-264 cds-input-input" tabindex="0" role="button" aria-expanded="true" aria-haspopup="listbox" aria-labelledby="cds-react-aria1240621238-:r8:-label cds-react-aria1240621238-:r8:-value" id="cds-react-aria1240621238-:r8:-value"><div class="_1izmd02f"><span class="rc-BranchStatus"><strong>All Versions</strong></span></div></div>
Live version option HTML: <li class="cds-152 cds-329 cds-325 cds-selectOption-root css-1afi62n cds-326 cds-336 cds-337 cds-selectOption-button" tabindex="-1" role="option" aria-disabled="false" aria-selected="false" data-value="1Ek76wAuEfCm2BKpUCEabw" aria-labelledby="cds-react-aria1240621238-:r21:-label" id="cds-react-aria1240621238-:r21:"><div class="cds-selectOption-container"><div id="cds-react-aria1240621238-:r21:-label"><div class="_1izmd02f"><span class="cds-tag-status cds-tag-primary cds-tag-success css-1n9kyo" data-testid="tag-root" style="margin-right: 10px;"><div data-testid="visually-hidden" class="css-1whdyhf">Success: Live</div><span class="css-1ast7yb" aria-hidden="true">Live</span></span><span class="rc-BranchStatus"><strong>Version 1</strong>: Apr 13 - May 3, 2026</span></div></div></div></li>
Branch merger dropdown HTML: <div class="cds-243 cds-244 cds-select-select cds-247 cds-280 cds-264 cds-input-input" tabindex="0" role="button" aria-expanded="true" aria-haspopup="listbox" aria-labelledby="cds-react-aria8619718768-:r8:-label cds-react-aria8619718768-:r8:-value" id="cds-react-aria8619718768-:r8:-value"><div class="_1izmd02f"><span class="rc-BranchStatus"><strong>All Versions</strong></span></div></div>
Live version option HTML: <li class="cds-152 cds-329 cds-325 cds-selectOption-root css-1afi62n cds-326 cds-336 cds-337 cds-selectOption-button" tabindex="-1" role="option" aria-disabled="false" aria-selected="false" data-value="LruIS9_4Ee-ccQr_xjRSew" aria-labelledby="cds-react-aria8619718768-:r1c:-label" id="cds-react-aria8619718768-:r1c:"><div class="cds-selectOption-container"><div id="cds-react-aria8619718768-:r1c:-label"><div class="_1izmd02f"><span class="cds-tag-status cds-tag-primary cds-tag-success css-1n9kyo" data-testid="tag-root" style="margin-right: 10px;"><div data-testid="visually-hidden" class="css-1whdyhf">Success: Live</div><span class="css-1ast7yb" aria-hidden="true">Live</span></span><span class="rc-BranchStatus"><strong>Version 1</strong>: Feb 5 - present</span></div></div></div></li>
Branch merger dropdown HTML: <div class="cds-243 cds-244 cds-select-select cds-247 cds-280 cds-264 cds-input-input" tabindex="0" role="button" aria-expanded="true" aria-haspopup="listbox" aria-labelledby="cds-react-aria6053106969-:rm:-label cds-react-aria6053106969-:rm:-value" id="cds-react-aria6053106969-:rm:-value"><div class="_1izmd02f"><span class="rc-BranchStatus"><strong>All Versions</strong></span></div></div>
Live version option HTML: <li class="cds-152 cds-329 cds-325 cds-selectOption-root css-1afi62n cds-326 cds-336 cds-337 cds-selectOption-button" tabindex="-1" role="option" aria-disabled="false" aria-selected="false" data-value="authoringBranch~kV9-Qw1dEfGq5Q6dWROGKw" aria-labelledby="cds-react-aria6053106969-:r23:-label" id="cds-react-aria6053106969-:r23:"><div class="cds-selectOption-container"><div id="cds-react-aria6053106969-:r23:-label"><div class="_1izmd02f"><span class="cds-tag-status cds-tag-primary cds-tag-success css-1n9kyo" data-testid="tag-root" style="margin-right: 10px;"><div data-testid="visually-hidden" class="css-1whdyhf">Success: Live</div><span class="css-1ast7yb" aria-hidden="true">Live</span></span><span class="rc-BranchStatus"><strong>Version 2</strong>: Mar 2 - present</span></div></div></div></li>
Branch merger dropdown HTML: <div class="cds-258 cds-259 cds-select-select cds-262 cds-295 cds-279 cds-input-input" tabindex="0" role="button" aria-expanded="true" aria-haspopup="listbox" aria-labelledby="cds-react-aria1539069885-:r18:-label cds-react-aria1539069885-:r18:-value" id="cds-react-aria1539069885-:r18:-value"><div class="_1izmd02f"><span class="rc-BranchStatus"><strong>All Versions</strong></span></div></div>
Live version option HTML: <li class="cds-152 cds-344 cds-340 cds-selectOption-root css-1afi62n cds-341 cds-351 cds-352 cds-selectOption-button" tabindex="-1" role="option" aria-disabled="false" aria-selected="false" data-value="SB0UoMtYEe6SjxKHxThXWw" aria-labelledby="cds-react-aria1539069885-:r30:-label" id="cds-react-aria1539069885-:r30:"><div class="cds-selectOption-container"><div id="cds-react-aria1539069885-:r30:-label"><div class="_1izmd02f"><span class="cds-tag-status cds-tag-primary cds-tag-success css-1n9kyo" data-testid="tag-root" style="margin-right: 10px;"><div data-testid="visually-hidden" class="css-1whdyhf">Success: Live</div><span class="css-1ast7yb" aria-hidden="true">Live</span></span><span class="rc-BranchStatus"><strong>Version 1</strong>: Oct 23 - present</span></div></div></div></li>
Branch merger dropdown HTML: <div class="cds-243 cds-244 cds-select-select cds-247 cds-280 cds-264 cds-input-input" tabindex="0" role="button" aria-expanded="true" aria-haspopup="listbox" aria-labelledby="cds-react-aria328904379-:r8:-label cds-react-aria328904379-:r8:-value" id="cds-react-aria328904379-:r8:-value"><div class="_1izmd02f"><span class="rc-BranchStatus"><strong>All Versions</strong></span></div></div>
Live version option HTML: <li class="cds-152 cds-329 cds-325 cds-selectOption-root css-1afi62n cds-326 cds-336 cds-337 cds-selectOption-button" tabindex="-1" role="option" aria-disabled="false" aria-selected="false" data-value="-mWRmvBoEe-JQhJp-zb3DQ" aria-labelledby="cds-react-aria328904379-:r1m:-label" id="cds-react-aria328904379-:r1m:"><div class="cds-selectOption-container"><div id="cds-react-aria328904379-:r1m:-label"><div class="_1izmd02f"><span class="cds-tag-status cds-tag-primary cds-tag-success css-1n9kyo" data-testid="tag-root" style="margin-right: 10px;"><div data-testid="visually-hidden" class="css-1whdyhf">Success: Live</div><span class="css-1ast7yb" aria-hidden="true">Live</span></span><span class="rc-BranchStatus"><strong>Version 1</strong>: Mar 21 - present</span></div></div></div></li>
Branch merger dropdown HTML: <div class="cds-243 cds-244 cds-select-select cds-247 cds-280 cds-264 cds-input-input" tabindex="0" role="button" aria-expanded="true" aria-haspopup="listbox" aria-labelledby="cds-react-aria2271897722-:r8:-label cds-react-aria2271897722-:r8:-value" id="cds-react-aria2271897722-:r8:-value"><div class="_1izmd02f"><span class="rc-BranchStatus"><strong>All Versions</strong></span></div></div>
Live version option HTML: <li class="cds-152 cds-329 cds-325 cds-selectOption-root css-1afi62n cds-326 cds-336 cds-337 cds-selectOption-button" tabindex="-1" role="option" aria-disabled="false" aria-selected="false" data-value="authoringBranch~y9AXzsOzEfC0GBK-41okdw" aria-labelledby="cds-react-aria2271897722-:r10:-label" id="cds-react-aria2271897722-:r10:"><div class="cds-selectOption-container"><div id="cds-react-aria2271897722-:r10:-label"><div class="_1izmd02f"><span class="cds-tag-status cds-tag-primary cds-tag-success css-1n9kyo" data-testid="tag-root" style="margin-right: 10px;"><div data-testid="visually-hidden" class="css-1whdyhf">Success: Live</div><span class="css-1ast7yb" aria-hidden="true">Live</span></span><span class="rc-BranchStatus"><strong>Version 2</strong>: Dec 1 - present</span></div></div></div></li>
Branch merger dropdown HTML: <div class="cds-243 cds-244 cds-select-select cds-247 cds-280 cds-264 cds-input-input" tabindex="0" role="button" aria-expanded="true" aria-haspopup="listbox" aria-labelledby="cds-react-aria8559017822-:r8:-label cds-react-aria8559017822-:r8:-value" id="cds-react-aria8559017822-:r8:-value"><div class="_1izmd02f"><span class="rc-BranchStatus"><strong>All Versions</strong></span></div></div>
Live version option HTML: <li class="cds-152 cds-329 cds-325 cds-selectOption-root css-1afi62n cds-326 cds-336 cds-337 cds-selectOption-button" tabindex="-1" role="option" aria-disabled="false" aria-selected="false" data-value="SHLqKwjHEfC3TQ5GC5VyRw" aria-labelledby="cds-react-aria8559017822-:r28:-label" id="cds-react-aria8559017822-:r28:"><div class="cds-selectOption-container"><div id="cds-react-aria8559017822-:r28:-label"><div class="_1izmd02f"><span class="cds-tag-status cds-tag-primary cds-tag-success css-1n9kyo" data-testid="tag-root" style="margin-right: 10px;"><div data-testid="visually-hidden" class="css-1whdyhf">Success: Live</div><span class="css-1ast7yb" aria-hidden="true">Live</span></span><span class="rc-BranchStatus"><strong>Version 1</strong>: Mar 25 - present</span></div></div></div></li>
Branch merger dropdown HTML: <div class="cds-243 cds-244 cds-select-select cds-247 cds-280 cds-264 cds-input-input" tabindex="0" role="button" aria-expanded="true" aria-haspopup="listbox" aria-labelledby="cds-react-aria2532014469-:r8:-label cds-react-aria2532014469-:r8:-value" id="cds-react-aria2532014469-:r8:-value"><div class="_1izmd02f"><span class="rc-BranchStatus"><strong>All Versions</strong></span></div></div>
Live version option HTML: <li class="cds-152 cds-329 cds-325 cds-selectOption-root css-1afi62n cds-326 cds-336 cds-337 cds-selectOption-button" tabindex="-1" role="option" aria-disabled="false" aria-selected="false" data-value="authoringBranch~Hj_3-h1KEfGxphJpUnlgNw" aria-labelledby="cds-react-aria2532014469-:r2h:-label" id="cds-react-aria2532014469-:r2h:"><div class="cds-selectOption-container"><div id="cds-react-aria2532014469-:r2h:-label"><div class="_1izmd02f"><span class="cds-tag-status cds-tag-primary cds-tag-success css-1n9kyo" data-testid="tag-root" style="margin-right: 10px;"><div data-testid="visually-hidden" class="css-1whdyhf">Success: Live</div><span class="css-1ast7yb" aria-hidden="true">Live</span></span><span class="rc-BranchStatus"><strong>CMO Optimization FR</strong>: Mar 30 - present</span></div></div></div></li>
Branch merger dropdown HTML: <div class="cds-243 cds-244 cds-select-select cds-247 cds-280 cds-264 cds-input-input" tabindex="0" role="button" aria-expanded="true" aria-haspopup="listbox" aria-labelledby="cds-react-aria7438647893-:r8:-label cds-react-aria7438647893-:r8:-value" id="cds-react-aria7438647893-:r8:-value"><div class="_1izmd02f"><span class="rc-BranchStatus"><strong>All Versions</strong></span></div></div>
Live version option HTML: <li class="cds-152 cds-329 cds-325 cds-selectOption-root css-1afi62n cds-326 cds-336 cds-337 cds-selectOption-button" tabindex="-1" role="option" aria-disabled="false" aria-selected="false" data-value="pqEG8v9nEe-m2BKpUCEabw" aria-labelledby="cds-react-aria7438647893-:r1c:-label" id="cds-react-aria7438647893-:r1c:"><div class="cds-selectOption-container"><div id="cds-react-aria7438647893-:r1c:-label"><div class="_1izmd02f"><span class="cds-tag-status cds-tag-primary cds-tag-success css-1n9kyo" data-testid="tag-root" style="margin-right: 10px;"><div data-testid="visually-hidden" class="css-1whdyhf">Success: Live</div><span class="css-1ast7yb" aria-hidden="true">Live</span></span><span class="rc-BranchStatus"><strong>Version 1</strong>: Apr 14 - present</span></div></div></div></li>
Branch merger dropdown HTML: <div class="cds-243 cds-244 cds-select-select cds-247 cds-280 cds-264 cds-input-input" tabindex="0" role="button" aria-expanded="true" aria-haspopup="listbox" aria-labelledby="cds-react-aria6363407113-:r16:-label cds-react-aria6363407113-:r16:-value" id="cds-react-aria6363407113-:r16:-value"><div class="_1izmd02f"><span class="rc-BranchStatus"><strong>All Versions</strong></span></div></div>
Live version option HTML: <li class="cds-152 cds-329 cds-325 cds-selectOption-root css-1afi62n cds-326 cds-336 cds-337 cds-selectOption-button" tabindex="-1" role="option" aria-disabled="false" aria-selected="false" data-value="authoringBranch~mS5Vt4osEfCzXg645FlT5Q" aria-labelledby="cds-react-aria6363407113-:r2p:-label" id="cds-react-aria6363407113-:r2p:"><div class="cds-selectOption-container"><div id="cds-react-aria6363407113-:r2p:-label"><div class="_1izmd02f"><span class="cds-tag-status cds-tag-primary cds-tag-success css-1n9kyo" data-testid="tag-root" style="margin-right: 10px;"><div data-testid="visually-hidden" class="css-1whdyhf">Success: Live</div><span class="css-1ast7yb" aria-hidden="true">Live</span></span><span class="rc-BranchStatus"><strong>Version 2</strong>: Nov 3 - present</span></div></div></div></li>
Branch merger dropdown HTML: <div class="cds-243 cds-244 cds-select-select cds-247 cds-280 cds-264 cds-input-input" tabindex="0" role="button" aria-expanded="true" aria-haspopup="listbox" aria-labelledby="cds-react-aria6759810769-:r8:-label cds-react-aria6759810769-:r8:-value" id="cds-react-aria6759810769-:r8:-value"><div class="_1izmd02f"><span class="rc-BranchStatus"><strong>All Versions</strong></span></div></div>
Live version option HTML: <li class="cds-152 cds-329 cds-325 cds-selectOption-root css-1afi62n cds-326 cds-336 cds-337 cds-selectOption-button" tabindex="-1" role="option" aria-disabled="false" aria-selected="false" data-value="zdKmx_LtEe--nhIUP1DqPQ" aria-labelledby="cds-react-aria6759810769-:r1c:-label" id="cds-react-aria6759810769-:r1c:"><div class="cds-selectOption-container"><div id="cds-react-aria6759810769-:r1c:-label"><div class="_1izmd02f"><span class="cds-tag-status cds-tag-primary cds-tag-success css-1n9kyo" data-testid="tag-root" style="margin-right: 10px;"><div data-testid="visually-hidden" class="css-1whdyhf">Success: Live</div><span class="css-1ast7yb" aria-hidden="true">Live</span></span><span class="rc-BranchStatus"><strong>Version 1</strong>: May 22 - present</span></div></div></div></li>
Branch merger dropdown HTML: <div class="cds-243 cds-244 cds-select-select cds-247 cds-280 cds-264 cds-input-input" tabindex="0" role="button" aria-expanded="true" aria-haspopup="listbox" aria-labelledby="cds-react-aria1339465277-:r8:-label cds-react-aria1339465277-:r8:-value" id="cds-react-aria1339465277-:r8:-value"><div class="_1izmd02f"><span class="rc-BranchStatus"><strong>All Versions</strong></span></div></div>
Live version option HTML: <li class="cds-152 cds-329 cds-325 cds-selectOption-root css-1afi62n cds-326 cds-336 cds-337 cds-selectOption-button" tabindex="-1" role="option" aria-disabled="false" aria-selected="false" data-value="authoringBranch~eQnUV412EfCSGwr_01uioQ" aria-labelledby="cds-react-aria1339465277-:r2r:-label" id="cds-react-aria1339465277-:r2r:"><div class="cds-selectOption-container"><div id="cds-react-aria1339465277-:r2r:-label"><div class="_1izmd02f"><span class="cds-tag-status cds-tag-primary cds-tag-success css-1n9kyo" data-testid="tag-root" style="margin-right: 10px;"><div data-testid="visually-hidden" class="css-1whdyhf">Success: Live</div><span class="css-1ast7yb" aria-hidden="true">Live</span></span><span class="rc-BranchStatus"><strong>Version 2</strong>: Nov 17 - present</span></div></div></div></li>
Branch merger dropdown HTML: <div class="cds-243 cds-244 cds-select-select cds-247 cds-280 cds-264 cds-input-input" tabindex="0" role="button" aria-expanded="true" aria-haspopup="listbox" aria-labelledby="cds-react-aria3347828638-:r8:-label cds-react-aria3347828638-:r8:-value" id="cds-react-aria3347828638-:r8:-value"><div class="_1izmd02f"><span class="rc-BranchStatus"><strong>All Versions</strong></span></div></div>
Live version option HTML: <li class="cds-152 cds-329 cds-325 cds-selectOption-root css-1afi62n cds-326 cds-336 cds-337 cds-selectOption-button" tabindex="-1" role="option" aria-disabled="false" aria-selected="false" data-value="OOCrjQssEfC_-w572D3gsw" aria-labelledby="cds-react-aria3347828638-:r2h:-label" id="cds-react-aria3347828638-:r2h:"><div class="cds-selectOption-container"><div id="cds-react-aria3347828638-:r2h:-label"><div class="_1izmd02f"><span class="cds-tag-status cds-tag-primary cds-tag-success css-1n9kyo" data-testid="tag-root" style="margin-right: 10px;"><div data-testid="visually-hidden" class="css-1whdyhf">Success: Live</div><span class="css-1ast7yb" aria-hidden="true">Live</span></span><span class="rc-BranchStatus"><strong>Version 1</strong>: May 4 - present</span></div></div></div></li>
Branch merger dropdown HTML: <div class="cds-243 cds-244 cds-select-select cds-247 cds-280 cds-264 cds-input-input" tabindex="0" role="button" aria-expanded="true" aria-haspopup="listbox" aria-labelledby="cds-react-aria6194804583-:ra:-label cds-react-aria6194804583-:ra:-value" id="cds-react-aria6194804583-:ra:-value"><div class="_1izmd02f"><span class="rc-BranchStatus"><strong>All Versions</strong></span></div></div>
Live version option HTML: <li class="cds-152 cds-329 cds-325 cds-selectOption-root css-1afi62n cds-326 cds-336 cds-337 cds-selectOption-button" tabindex="-1" role="option" aria-disabled="false" aria-selected="false" data-value="1vB4q4QnEfCp-hKD3w1ByQ" aria-labelledby="cds-react-aria6194804583-:r2f:-label" id="cds-react-aria6194804583-:r2f:"><div class="cds-selectOption-container"><div id="cds-react-aria6194804583-:r2f:-label"><div class="_1izmd02f"><span class="cds-tag-status cds-tag-primary cds-tag-success css-1n9kyo" data-testid="tag-root" style="margin-right: 10px;"><div data-testid="visually-hidden" class="css-1whdyhf">Success: Live</div><span class="css-1ast7yb" aria-hidden="true">Live</span></span><span class="rc-BranchStatus"><strong>Version 1</strong>: Oct 2 - present</span></div></div></div></li>
Branch merger dropdown HTML: <div class="cds-243 cds-244 cds-select-select cds-247 cds-280 cds-264 cds-input-input" tabindex="0" role="button" aria-expanded="true" aria-haspopup="listbox" aria-labelledby="cds-react-aria6847300707-:r8:-label cds-react-aria6847300707-:r8:-value" id="cds-react-aria6847300707-:r8:-value"><div class="_1izmd02f"><span class="rc-BranchStatus"><strong>All Versions</strong></span></div></div>
Live version option HTML: <li class="cds-152 cds-329 cds-325 cds-selectOption-root css-1afi62n cds-326 cds-336 cds-337 cds-selectOption-button" tabindex="-1" role="option" aria-disabled="false" aria-selected="false" data-value="KPibW--oEe-sAw4IUmNkyw" aria-labelledby="cds-react-aria6847300707-:r39:-label" id="cds-react-aria6847300707-:r39:"><div class="cds-selectOption-container"><div id="cds-react-aria6847300707-:r39:-label"><div class="_1izmd02f"><span class="cds-tag-status cds-tag-primary cds-tag-success css-1n9kyo" data-testid="tag-root" style="margin-right: 10px;"><div data-testid="visually-hidden" class="css-1whdyhf">Success: Live</div><span class="css-1ast7yb" aria-hidden="true">Live</span></span><span class="rc-BranchStatus"><strong>Version 1</strong>: Mar 14 - present</span></div></div></div></li>
Branch merger dropdown HTML: <div class="cds-243 cds-244 cds-select-select cds-247 cds-280 cds-264 cds-input-input" tabindex="0" role="button" aria-expanded="true" aria-haspopup="listbox" aria-labelledby="cds-react-aria8977946384-:r1c:-label cds-react-aria8977946384-:r1c:-value" id="cds-react-aria8977946384-:r1c:-value"><div class="_1izmd02f"><span class="rc-BranchStatus"><strong>All Versions</strong></span></div></div>
Live version option HTML: <li class="cds-152 cds-329 cds-325 cds-selectOption-root css-1afi62n cds-326 cds-336 cds-337 cds-selectOption-button" tabindex="-1" role="option" aria-disabled="false" aria-selected="false" data-value="f7mwmBE1EfC_-w572D3gsw" aria-labelledby="cds-react-aria8977946384-:r3b:-label" id="cds-react-aria8977946384-:r3b:"><div class="cds-selectOption-container"><div id="cds-react-aria8977946384-:r3b:-label"><div class="_1izmd02f"><span class="cds-tag-status cds-tag-primary cds-tag-success css-1n9kyo" data-testid="tag-root" style="margin-right: 10px;"><div data-testid="visually-hidden" class="css-1whdyhf">Success: Live</div><span class="css-1ast7yb" aria-hidden="true">Live</span></span><span class="rc-BranchStatus"><strong>Version 1</strong>: Jun 1 - present</span></div></div></div></li>
Branch merger dropdown HTML: <div class="cds-243 cds-244 cds-select-select cds-247 cds-280 cds-264 cds-input-input" tabindex="0" role="button" aria-expanded="true" aria-haspopup="listbox" aria-labelledby="cds-react-aria3408064780-:r8:-label cds-react-aria3408064780-:r8:-value" id="cds-react-aria3408064780-:r8:-value"><div class="_1izmd02f"><span class="rc-BranchStatus"><strong>All Versions</strong></span></div></div>
Live version option HTML: <li class="cds-152 cds-329 cds-325 cds-selectOption-root css-1afi62n cds-326 cds-336 cds-337 cds-selectOption-button" tabindex="-1" role="option" aria-disabled="false" aria-selected="false" data-value="1vPJxy2WEe-MmBK4EgZ1qQ" aria-labelledby="cds-react-aria3408064780-:r21:-label" id="cds-react-aria3408064780-:r21:"><div class="cds-selectOption-container"><div id="cds-react-aria3408064780-:r21:-label"><div class="_1izmd02f"><span class="cds-tag-status cds-tag-primary cds-tag-success css-1n9kyo" data-testid="tag-root" style="margin-right: 10px;"><div data-testid="visually-hidden" class="css-1whdyhf">Success: Live</div><span class="css-1ast7yb" aria-hidden="true">Live</span></span><span class="rc-BranchStatus"><strong>Version 1</strong>: Mar 9 - present</span></div></div></div></li>
Branch merger dropdown HTML: <div class="cds-258 cds-259 cds-select-select cds-262 cds-295 cds-279 cds-input-input" tabindex="0" role="button" aria-expanded="true" aria-haspopup="listbox" aria-labelledby="cds-react-aria7270490083-:r8:-label cds-react-aria7270490083-:r8:-value" id="cds-react-aria7270490083-:r8:-value"><div class="_1izmd02f"><span class="rc-BranchStatus"><strong>All Versions</strong></span></div></div>
Live version option HTML: <li class="cds-152 cds-344 cds-340 cds-selectOption-root css-1afi62n cds-341 cds-351 cds-352 cds-selectOption-button" tabindex="-1" role="option" aria-disabled="false" aria-selected="false" data-value="authoringBranch~UEKHkRh6EfGQ2w5GCXwtVw" aria-labelledby="cds-react-aria7270490083-:r2j:-label" id="cds-react-aria7270490083-:r2j:"><div class="cds-selectOption-container"><div id="cds-react-aria7270490083-:r2j:-label"><div class="_1izmd02f"><span class="cds-tag-status cds-tag-primary cds-tag-success css-1n9kyo" data-testid="tag-root" style="margin-right: 10px;"><div data-testid="visually-hidden" class="css-1whdyhf">Success: Live</div><span class="css-1ast7yb" aria-hidden="true">Live</span></span><span class="rc-BranchStatus"><strong>Version 3</strong>: Mar 23 - present</span></div></div></div></li>
Branch merger dropdown HTML: <div class="cds-243 cds-244 cds-select-select cds-247 cds-280 cds-264 cds-input-input" tabindex="0" role="button" aria-expanded="true" aria-haspopup="listbox" aria-labelledby="cds-react-aria2258851360-:r8:-label cds-react-aria2258851360-:r8:-value" id="cds-react-aria2258851360-:r8:-value"><div class="_1izmd02f"><span class="rc-BranchStatus"><strong>All Versions</strong></span></div></div>
Live version option HTML: <li class="cds-152 cds-329 cds-325 cds-selectOption-root css-1afi62n cds-326 cds-336 cds-337 cds-selectOption-button" tabindex="-1" role="option" aria-disabled="false" aria-selected="false" data-value="V2tYXNFWEe-3_Q7tYtYdfw" aria-labelledby="cds-react-aria2258851360-:r1o:-label" id="cds-react-aria2258851360-:r1o:"><div class="cds-selectOption-container"><div id="cds-react-aria2258851360-:r1o:-label"><div class="_1izmd02f"><span class="cds-tag-status cds-tag-primary cds-tag-success css-1n9kyo" data-testid="tag-root" style="margin-right: 10px;"><div data-testid="visually-hidden" class="css-1whdyhf">Success: Live</div><span class="css-1ast7yb" aria-hidden="true">Live</span></span><span class="rc-BranchStatus"><strong>Session 1</strong>: Mar 13 - present</span></div></div></div></li>
Branch merger dropdown HTML: <div class="cds-243 cds-244 cds-select-select cds-247 cds-280 cds-264 cds-input-input" tabindex="0" role="button" aria-expanded="true" aria-haspopup="listbox" aria-labelledby="cds-react-aria7678759274-:r1c:-label cds-react-aria7678759274-:r1c:-value" id="cds-react-aria7678759274-:r1c:-value"><div class="_1izmd02f"><span class="rc-BranchStatus"><strong>All Versions</strong></span></div></div>
Live version option HTML: <li class="cds-152 cds-329 cds-325 cds-selectOption-root css-1afi62n cds-326 cds-336 cds-337 cds-selectOption-button" tabindex="-1" role="option" aria-disabled="false" aria-selected="false" data-value="jRGszxY8EfCc8Q4nSGC5tQ" aria-labelledby="cds-react-aria7678759274-:r3i:-label" id="cds-react-aria7678759274-:r3i:"><div class="cds-selectOption-container"><div id="cds-react-aria7678759274-:r3i:-label"><div class="_1izmd02f"><span class="cds-tag-status cds-tag-primary cds-tag-success css-1n9kyo" data-testid="tag-root" style="margin-right: 10px;"><div data-testid="visually-hidden" class="css-1whdyhf">Success: Live</div><span class="css-1ast7yb" aria-hidden="true">Live</span></span><span class="rc-BranchStatus"><strong>Version 1</strong>: Jun 29 - present</span></div></div></div></li>
Branch merger dropdown HTML: <div class="cds-243 cds-244 cds-select-select cds-247 cds-280 cds-264 cds-input-input" tabindex="0" role="button" aria-expanded="true" aria-haspopup="listbox" aria-labelledby="cds-react-aria9444867184-:r8:-label cds-react-aria9444867184-:r8:-value" id="cds-react-aria9444867184-:r8:-value"><div class="_1izmd02f"><span class="rc-BranchStatus"><strong>All Versions</strong></span></div></div>
Live version option HTML: <li class="cds-152 cds-329 cds-325 cds-selectOption-root css-1afi62n cds-326 cds-336 cds-337 cds-selectOption-button" tabindex="-1" role="option" aria-disabled="false" aria-selected="false" data-value="Vzn-kRP8EfCk7gr_3iO-uQ" aria-labelledby="cds-react-aria9444867184-:r2c:-label" id="cds-react-aria9444867184-:r2c:"><div class="cds-selectOption-container"><div id="cds-react-aria9444867184-:r2c:-label"><div class="_1izmd02f"><span class="cds-tag-status cds-tag-primary cds-tag-success css-1n9kyo" data-testid="tag-root" style="margin-right: 10px;"><div data-testid="visually-hidden" class="css-1whdyhf">Success: Live</div><span class="css-1ast7yb" aria-hidden="true">Live</span></span><span class="rc-BranchStatus"><strong>Version 1</strong>: Jun 16 - present</span></div></div></div></li>
Branch merger dropdown HTML: <div class="cds-243 cds-244 cds-select-select cds-247 cds-280 cds-264 cds-input-input" tabindex="0" role="button" aria-expanded="true" aria-haspopup="listbox" aria-labelledby="cds-react-aria6436376157-:r1e:-label cds-react-aria6436376157-:r1e:-value" id="cds-react-aria6436376157-:r1e:-value"><div class="_1izmd02f"><span class="rc-BranchStatus"><strong>All Versions</strong></span></div></div>
Live version option HTML: <li class="cds-152 cds-329 cds-325 cds-selectOption-root css-1afi62n cds-326 cds-336 cds-337 cds-selectOption-button" tabindex="-1" role="option" aria-disabled="false" aria-selected="false" data-value="rSo2nByIEfC5wQ7Ux-t3bw" aria-labelledby="cds-react-aria6436376157-:r2s:-label" id="cds-react-aria6436376157-:r2s:"><div class="cds-selectOption-container"><div id="cds-react-aria6436376157-:r2s:-label"><div class="_1izmd02f"><span class="cds-tag-status cds-tag-primary cds-tag-success css-1n9kyo" data-testid="tag-root" style="margin-right: 10px;"><div data-testid="visually-hidden" class="css-1whdyhf">Success: Live</div><span class="css-1ast7yb" aria-hidden="true">Live</span></span><span class="rc-BranchStatus"><strong>Version 1</strong>: Jun 9 - present</span></div></div></div></li>
Branch merger dropdown HTML: <div class="cds-243 cds-244 cds-select-select cds-247 cds-280 cds-264 cds-input-input" tabindex="0" role="button" aria-expanded="true" aria-haspopup="listbox" aria-labelledby="cds-react-aria188436776-:ra:-label cds-react-aria188436776-:ra:-value" id="cds-react-aria188436776-:ra:-value"><div class="_1izmd02f"><span class="rc-BranchStatus"><strong>All Versions</strong></span></div></div>
Live version option HTML: <li class="cds-152 cds-329 cds-325 cds-selectOption-root css-1afi62n cds-326 cds-336 cds-337 cds-selectOption-button" tabindex="-1" role="option" aria-disabled="false" aria-selected="false" data-value="oFaHfRrFEfCwdwr_1g1Hsw" aria-labelledby="cds-react-aria188436776-:r2l:-label" id="cds-react-aria188436776-:r2l:"><div class="cds-selectOption-container"><div id="cds-react-aria188436776-:r2l:-label"><div class="_1izmd02f"><span class="cds-tag-status cds-tag-primary cds-tag-success css-1n9kyo" data-testid="tag-root" style="margin-right: 10px;"><div data-testid="visually-hidden" class="css-1whdyhf">Success: Live</div><span class="css-1ast7yb" aria-hidden="true">Live</span></span><span class="rc-BranchStatus"><strong>Version 1</strong>: Jul 7 - present</span></div></div></div></li>
Branch merger dropdown HTML: <div class="cds-243 cds-244 cds-select-select cds-247 cds-280 cds-264 cds-input-input" tabindex="0" role="button" aria-expanded="true" aria-haspopup="listbox" aria-labelledby="cds-react-aria886368857-:r10:-label cds-react-aria886368857-:r10:-value" id="cds-react-aria886368857-:r10:-value"><div class="_1izmd02f"><span class="rc-BranchStatus"><strong>All Versions</strong></span></div></div>
Live version option HTML: <li class="cds-152 cds-329 cds-325 cds-selectOption-root css-1afi62n cds-326 cds-336 cds-337 cds-selectOption-button" tabindex="-1" role="option" aria-disabled="false" aria-selected="false" data-value="T6G7p4vcEe--oAr_y6Q6Xw" aria-labelledby="cds-react-aria886368857-:r1u:-label" id="cds-react-aria886368857-:r1u:"><div class="cds-selectOption-container"><div id="cds-react-aria886368857-:r1u:-label"><div class="_1izmd02f"><span class="cds-tag-status cds-tag-primary cds-tag-success css-1n9kyo" data-testid="tag-root" style="margin-right: 10px;"><div data-testid="visually-hidden" class="css-1whdyhf">Success: Live</div><span class="css-1ast7yb" aria-hidden="true">Live</span></span><span class="rc-BranchStatus"><strong>Session 1</strong>: Mar 20 - present</span></div></div></div></li>
Branch merger dropdown HTML: <div class="cds-243 cds-244 cds-select-select cds-247 cds-280 cds-264 cds-input-input" tabindex="0" role="button" aria-expanded="true" aria-haspopup="listbox" aria-labelledby="cds-react-aria5756957464-:r8:-label cds-react-aria5756957464-:r8:-value" id="cds-react-aria5756957464-:r8:-value"><div class="_1izmd02f"><span class="rc-BranchStatus"><strong>All Versions</strong></span></div></div>
Live version option HTML: <li class="cds-152 cds-329 cds-325 cds-selectOption-root css-1afi62n cds-326 cds-336 cds-337 cds-selectOption-button" tabindex="-1" role="option" aria-disabled="false" aria-selected="false" data-value="9iXahRY8EfCwdwr_1g1Hsw" aria-labelledby="cds-react-aria5756957464-:r39:-label" id="cds-react-aria5756957464-:r39:"><div class="cds-selectOption-container"><div id="cds-react-aria5756957464-:r39:-label"><div class="_1izmd02f"><span class="cds-tag-status cds-tag-primary cds-tag-success css-1n9kyo" data-testid="tag-root" style="margin-right: 10px;"><div data-testid="visually-hidden" class="css-1whdyhf">Success: Live</div><span class="css-1ast7yb" aria-hidden="true">Live</span></span><span class="rc-BranchStatus"><strong>Version 1</strong>: Aug 11 - present</span></div></div></div></li>
Branch merger dropdown HTML: <div class="cds-258 cds-259 cds-select-select cds-262 cds-295 cds-279 cds-input-input" tabindex="0" role="button" aria-expanded="true" aria-haspopup="listbox" aria-labelledby="cds-react-aria9948797557-:r8:-label cds-react-aria9948797557-:r8:-value" id="cds-react-aria9948797557-:r8:-value"><div class="_1izmd02f"><span class="rc-BranchStatus"><strong>All Versions</strong></span></div></div>
Live version option HTML: <li class="cds-152 cds-344 cds-340 cds-selectOption-root css-1afi62n cds-341 cds-351 cds-352 cds-selectOption-button" tabindex="-1" role="option" aria-disabled="false" aria-selected="false" data-value="lNGoFBrGEfC5wQ7Ux-t3bw" aria-labelledby="cds-react-aria9948797557-:r2b:-label" id="cds-react-aria9948797557-:r2b:"><div class="cds-selectOption-container"><div id="cds-react-aria9948797557-:r2b:-label"><div class="_1izmd02f"><span class="cds-tag-status cds-tag-primary cds-tag-success css-1n9kyo" data-testid="tag-root" style="margin-right: 10px;"><div data-testid="visually-hidden" class="css-1whdyhf">Success: Live</div><span class="css-1ast7yb" aria-hidden="true">Live</span></span><span class="rc-BranchStatus"><strong>Version 1</strong>: Aug 20 - present</span></div></div></div></li>
Branch merger dropdown HTML: <div class="cds-258 cds-259 cds-select-select cds-262 cds-295 cds-279 cds-input-input" tabindex="0" role="button" aria-expanded="true" aria-haspopup="listbox" aria-labelledby="cds-react-aria5929603643-:r8:-label cds-react-aria5929603643-:r8:-value" id="cds-react-aria5929603643-:r8:-value"><div class="_1izmd02f"><span class="rc-BranchStatus"><strong>All Versions</strong></span></div></div>
Live version option HTML: <li class="cds-152 cds-344 cds-340 cds-selectOption-root css-1afi62n cds-341 cds-351 cds-352 cds-selectOption-button" tabindex="-1" role="option" aria-disabled="false" aria-selected="false" data-value="authoringBranch~t9ubHDrLEfC3HAr_0KfBDw" aria-labelledby="cds-react-aria5929603643-:r31:-label" id="cds-react-aria5929603643-:r31:"><div class="cds-selectOption-container"><div id="cds-react-aria5929603643-:r31:-label"><div class="_1izmd02f"><span class="cds-tag-status cds-tag-primary cds-tag-success css-1n9kyo" data-testid="tag-root" style="margin-right: 10px;"><div data-testid="visually-hidden" class="css-1whdyhf">Success: Live</div><span class="css-1ast7yb" aria-hidden="true">Live</span></span><span class="rc-BranchStatus"><strong>New Version 2</strong>: Jun 30 - present</span></div></div></div></li>
Branch merger dropdown HTML: <div class="cds-258 cds-259 cds-select-select cds-262 cds-295 cds-279 cds-input-input" tabindex="0" role="button" aria-expanded="true" aria-haspopup="listbox" aria-labelledby="cds-react-aria7488840585-:r8:-label cds-react-aria7488840585-:r8:-value" id="cds-react-aria7488840585-:r8:-value"><div class="_1izmd02f"><span class="rc-BranchStatus"><strong>All Versions</strong></span></div></div>
Live version option HTML: <li class="cds-152 cds-344 cds-340 cds-selectOption-root css-1afi62n cds-341 cds-351 cds-352 cds-selectOption-button" tabindex="-1" role="option" aria-disabled="false" aria-selected="false" data-value="Gh1NmRrGEfCtChLmIEQv9w" aria-labelledby="cds-react-aria7488840585-:r1i:-label" id="cds-react-aria7488840585-:r1i:"><div class="cds-selectOption-container"><div id="cds-react-aria7488840585-:r1i:-label"><div class="_1izmd02f"><span class="cds-tag-status cds-tag-primary cds-tag-success css-1n9kyo" data-testid="tag-root" style="margin-right: 10px;"><div data-testid="visually-hidden" class="css-1whdyhf">Success: Live</div><span class="css-1ast7yb" aria-hidden="true">Live</span></span><span class="rc-BranchStatus"><strong>Session 1</strong>: Sep 8 - present</span></div></div></div></li>
Branch merger dropdown HTML: <div class="cds-243 cds-244 cds-select-select cds-247 cds-280 cds-264 cds-input-input" tabindex="0" role="button" aria-expanded="true" aria-haspopup="listbox" aria-labelledby="cds-react-aria7875572867-:r8:-label cds-react-aria7875572867-:r8:-value" id="cds-react-aria7875572867-:r8:-value"><div class="_1izmd02f"><span class="rc-BranchStatus"><strong>All Versions</strong></span></div></div>
[...]
[main] INFO pages.AdminCoursesPage - Checking page 1 for course: GenAI for SEO: A Hands-On Playbook
[main] INFO pages.AdminCoursesPage - Number of course links found on page 1: 9
[main] INFO pages.AdminCoursesPage - Found course link: Title='Version 1', Href='https://www.coursera.org/teach/genai-for-seo-a-hands-on-playbook/A__ZF7WnEfCPwBLJB59jpw/content/edit'
[main] INFO pages.AdminCoursesPage - Simplified Course Name: 'genaiforseoahandsonplaybook', Simplified Href: 'httpswwwcourseraorgteachgenaiforseoahandsonplaybookazf7wnefcpwbljb59jpwcontentedit'
[main] INFO pages.AdminCoursesPage - Attempting to click course link using Actions...
[main] INFO pages.AdminCoursesPage - Successfully navigated to teach page: https://www.coursera.org/teach/genai-for-seo-a-hands-on-playbook/A__ZF7WnEfCPwBLJB59jpw/content/edit
[main] INFO pages.AdminCoursesPage - Navigating to Analytics page...
[main] INFO pages.AdminCoursesPage - Clicked Analytics tab
[main] INFO pages.AdminCoursesPage - Navigating to Ratings section...
[main] INFO pages.AdminCoursesPage - Clicked Ratings section using standard click
[main] INFO pages.AdminCoursesPage - Changing branch merger to Live Version...
[main] INFO pages.AdminCoursesPage - Clicked branch merger dropdown.
[main] INFO pages.AdminCoursesPage - Dropdown options are visible.
[main] INFO pages.AdminCoursesPage - Extracted version number: Version 1
[main] INFO pages.AdminCoursesPage - Clicked Live version option using standard click.
[main] INFO pages.AdminCoursesPage - Successfully changed branch merger to Live Version.
[main] INFO pages.AdminCoursesPage - Scraped rating: 4.8
[main] INFO pages.AdminCoursesPage - No 'Next' button found. Assuming this is the last page.
[main] INFO testcases.IdentifyCoursesTest - Scraped ratings data for course: GenAI for SEO: A Hands-On Playbook
[main] INFO testcases.IdentifyCoursesTest - Course Name: GenAI for SEO: A Hands-On Playbook, Version: Live Version 1, Link: https://www.coursera.org/teach/genai-for-seo-a-hands-on-playbook/A__ZF7WnEfCPwBLJB59jpw/analytics/ratings?versionId=A__ZF7WnEfCPwBLJB59jpw, Rating: 4.8
[main] INFO testcases.IdentifyCoursesTest - Processing course: Systems and Solutions Architect Capstone Project
[main] INFO pages.AdminCoursesPage - Navigating to Admin Courses page: https://www.coursera.org/admin/ibm-skills-network/home/courses
[main] INFO pages.AdminCoursesPage - Current URL after navigation: https://www.coursera.org/admin/ibm-skills-network/home/courses
[main] INFO pages.AdminCoursesPage - Searched for course: Systems and Solutions Architect Capstone Project
[main] INFO pages.AdminCoursesPage - Checking page 1 for course: Systems and Solutions Architect Capstone Project
[main] INFO pages.AdminCoursesPage - Number of course links found on page 1: 9
[main] INFO pages.AdminCoursesPage - Found course link: Title='Version 1', Href='https://www.coursera.org/teach/systems-and-solutions-architect-capstone-project/BK_rILlSEfC5ng6d0oG1mw/content/edit'
[main] INFO pages.AdminCoursesPage - Simplified Course Name: 'systemsandsolutionsarchitectcapstoneproject', Simplified Href: 'httpswwwcourseraorgteachsystemsandsolutionsarchitectcapstoneprojectbkrillsefc5ng6d0og1mwcontentedit'
[main] INFO pages.AdminCoursesPage - Attempting to click course link using Actions...
[main] INFO pages.AdminCoursesPage - Successfully navigated to teach page: https://www.coursera.org/teach/systems-and-solutions-architect-capstone-project/BK_rILlSEfC5ng6d0oG1mw/content/edit
[main] INFO pages.AdminCoursesPage - Navigating to Analytics page...
[main] INFO pages.AdminCoursesPage - Clicked Analytics tab
[main] INFO pages.AdminCoursesPage - Navigating to Ratings section...
[main] INFO pages.AdminCoursesPage - Clicked Ratings section using standard click
[main] INFO pages.AdminCoursesPage - Changing branch merger to Live Version...
[main] INFO pages.AdminCoursesPage - Clicked branch merger dropdown.
[main] INFO pages.AdminCoursesPage - Dropdown options are visible.
[main] INFO pages.AdminCoursesPage - Extracted version number: Version 1
[main] INFO pages.AdminCoursesPage - Clicked Live version option using standard click.
[main] INFO pages.AdminCoursesPage - Successfully changed branch merger to Live Version.
[main] INFO pages.AdminCoursesPage - Scraped rating: 4.6
[main] INFO pages.AdminCoursesPage - No 'Next' button found. Assuming this is the last page.
[main] INFO testcases.IdentifyCoursesTest - Scraped ratings data for course: Systems and Solutions Architect Capstone Project
[main] INFO testcases.IdentifyCoursesTest - Course Name: Systems and Solutions Architect Capstone Project, Version: Live Version 1, Link: https://www.coursera.org/teach/systems-and-solutions-architect-capstone-project/BK_rILlSEfC5ng6d0oG1mw/analytics/ratings?versionId=BK_rILlSEfC5ng6d0oG1mw, Rating: 4.6
[main] INFO testcases.IdentifyCoursesTest - Processing course: Hybrid Cloud: Networking, Storage and Data Management
[main] INFO pages.AdminCoursesPage - Navigating to Admin Courses page: https://www.coursera.org/admin/ibm-skills-network/home/courses
[main] INFO pages.AdminCoursesPage - Current URL after navigation: https://www.coursera.org/admin/ibm-skills-network/home/courses
[main] INFO pages.AdminCoursesPage - Searched for course: Hybrid Cloud: Networking, Storage and Data Management
[main] INFO pages.AdminCoursesPage - Checking page 1 for course: Hybrid Cloud: Networking, Storage and Data Management
[main] INFO pages.AdminCoursesPage - Number of course links found on page 1: 6
[main] INFO pages.AdminCoursesPage - Found course link: Title='Version 1', Href='https://www.coursera.org/teach/hybrid-cloud-networking-storage-systems-and-data-management/mW9rC6huEfC7FAr_15dkeQ/content/edit'
[main] INFO pages.AdminCoursesPage - Simplified Course Name: 'hybridcloudnetworkingstorageanddatamanagement', Simplified Href: 'httpswwwcourseraorgteachhybridcloudnetworkingstoragesystemsanddatamanagementmw9rc6huefc7far15dkeqcontentedit'
[main] INFO pages.AdminCoursesPage - Matched course using lenient word matching: 6 words matched out of 6
[main] INFO pages.AdminCoursesPage - Attempting to click course link using Actions...
[main] INFO pages.AdminCoursesPage - Successfully navigated to teach page: https://www.coursera.org/teach/hybrid-cloud-networking-storage-systems-and-data-management/mW9rC6huEfC7FAr_15dkeQ/content/edit
[main] INFO pages.AdminCoursesPage - Navigating to Analytics page...
[main] INFO pages.AdminCoursesPage - Clicked Analytics tab
[main] INFO pages.AdminCoursesPage - Navigating to Ratings section...
[main] INFO pages.AdminCoursesPage - Clicked Ratings section using standard click
[main] INFO pages.AdminCoursesPage - Changing branch merger to Live Version...
[main] INFO pages.AdminCoursesPage - Clicked branch merger dropdown.
[main] INFO pages.AdminCoursesPage - Dropdown options are visible.
[main] INFO pages.AdminCoursesPage - Extracted version number: Version 1
[main] INFO pages.AdminCoursesPage - Clicked Live version option using standard click.
[main] INFO pages.AdminCoursesPage - Successfully changed branch merger to Live Version.
[main] INFO pages.AdminCoursesPage - Scraped rating: 5
[main] INFO pages.AdminCoursesPage - No 'Next' button found. Assuming this is the last page.
[main] INFO testcases.IdentifyCoursesTest - Scraped ratings data for course: Hybrid Cloud: Networking, Storage and Data Management
[main] INFO testcases.IdentifyCoursesTest - Course Name: Hybrid Cloud: Networking, Storage and Data Management, Version: Live Version 1, Link: https://www.coursera.org/teach/hybrid-cloud-networking-storage-systems-and-data-management/mW9rC6huEfC7FAr_15dkeQ/analytics/ratings?versionId=mW9rC6huEfC7FAr_15dkeQ, Rating: 5
[main] INFO testcases.IdentifyCoursesTest - Processing course: Build AI Agents using MCP
[main] INFO pages.AdminCoursesPage - Navigating to Admin Courses page: https://www.coursera.org/admin/ibm-skills-network/home/courses
[main] INFO pages.AdminCoursesPage - Current URL after navigation: https://www.coursera.org/admin/ibm-skills-network/home/courses
[main] INFO pages.AdminCoursesPage - Searched for course: Build AI Agents using MCP
[main] INFO pages.AdminCoursesPage - Checking page 1 for course: Build AI Agents using MCP
[main] INFO pages.AdminCoursesPage - Number of course links found on page 1: 9
[main] INFO pages.AdminCoursesPage - Found course link: Title='Version 1', Href='https://www.coursera.org/teach/build-ai-agents-using-mcp/lOzgDpibEfCMGg5tbt5J0w/content/edit'
[main] INFO pages.AdminCoursesPage - Simplified Course Name: 'buildaiagentsusingmcp', Simplified Href: 'httpswwwcourseraorgteachbuildaiagentsusingmcplozgdpibefcmgg5tbt5j0wcontentedit'
[main] INFO pages.AdminCoursesPage - Attempting to click course link using Actions...
[main] INFO pages.AdminCoursesPage - Successfully navigated to teach page: https://www.coursera.org/teach/build-ai-agents-using-mcp/lOzgDpibEfCMGg5tbt5J0w/content/edit
[main] INFO pages.AdminCoursesPage - Navigating to Analytics page...
[main] INFO pages.AdminCoursesPage - Clicked Analytics tab
[main] INFO pages.AdminCoursesPage - Navigating to Ratings section...
[main] INFO pages.AdminCoursesPage - Clicked Ratings section using standard click
[main] INFO pages.AdminCoursesPage - Changing branch merger to Live Version...
[main] INFO pages.AdminCoursesPage - Clicked branch merger dropdown.
[main] INFO pages.AdminCoursesPage - Dropdown options are visible.
[main] INFO pages.AdminCoursesPage - Extracted version number: Version 1
[main] INFO pages.AdminCoursesPage - Clicked Live version option using standard click.
[main] INFO pages.AdminCoursesPage - Successfully changed branch merger to Live Version.
[main] INFO pages.AdminCoursesPage - Scraped rating: 4.7
[main] INFO pages.AdminCoursesPage - No 'Next' button found. Assuming this is the last page.
[main] INFO testcases.IdentifyCoursesTest - Scraped ratings data for course: Build AI Agents using MCP
[main] INFO testcases.IdentifyCoursesTest - Course Name: Build AI Agents using MCP, Version: Live Version 1, Link: https://www.coursera.org/teach/build-ai-agents-using-mcp/lOzgDpibEfCMGg5tbt5J0w/analytics/ratings?versionId=lOzgDpibEfCMGg5tbt5J0w, Rating: 4.7
[main] INFO testcases.IdentifyCoursesTest - Processing course: Cloud Operations, Monitoring, Security, and Compliance
[main] INFO pages.AdminCoursesPage - Navigating to Admin Courses page: https://www.coursera.org/admin/ibm-skills-network/home/courses
[main] INFO pages.AdminCoursesPage - Current URL after navigation: https://www.coursera.org/admin/ibm-skills-network/home/courses
[main] INFO pages.AdminCoursesPage - Searched for course: Cloud Operations, Monitoring, Security, and Compliance
[main] INFO pages.AdminCoursesPage - Checking page 1 for course: Cloud Operations, Monitoring, Security, and Compliance
[main] INFO pages.AdminCoursesPage - Number of course links found on page 1: 8
[main] INFO pages.AdminCoursesPage - Found course link: Title='Version 1', Href='https://www.coursera.org/teach/cloud-operations-monitoring-security-and-compliance/Fg2JDa3KEfCE5Qr_xdEn7Q/content/edit'
[main] INFO pages.AdminCoursesPage - Simplified Course Name: 'cloudoperationsmonitoringsecurityandcompliance', Simplified Href: 'httpswwwcourseraorgteachcloudoperationsmonitoringsecurityandcompliancefg2jda3kefce5qrxden7qcontentedit'
[main] INFO pages.AdminCoursesPage - Attempting to click course link using Actions...
[main] INFO pages.AdminCoursesPage - Successfully navigated to teach page: https://www.coursera.org/teach/cloud-operations-monitoring-security-and-compliance/Fg2JDa3KEfCE5Qr_xdEn7Q/content/edit
[main] INFO pages.AdminCoursesPage - Navigating to Analytics page...
[main] INFO pages.AdminCoursesPage - Clicked Analytics tab
[main] INFO pages.AdminCoursesPage - Navigating to Ratings section...
[main] INFO pages.AdminCoursesPage - Clicked Ratings section using standard click
[main] INFO pages.AdminCoursesPage - Changing branch merger to Live Version...
[main] INFO pages.AdminCoursesPage - Clicked branch merger dropdown.
[main] INFO pages.AdminCoursesPage - Dropdown options are visible.
[main] INFO pages.AdminCoursesPage - Extracted version number: Version 1
[main] INFO pages.AdminCoursesPage - Clicked Live version option using standard click.
[main] INFO pages.AdminCoursesPage - Successfully changed branch merger to Live Version.
[main] INFO pages.AdminCoursesPage - Scraped rating: 5
[main] INFO pages.AdminCoursesPage - No 'Next' button found. Assuming this is the last page.
[main] INFO testcases.IdentifyCoursesTest - Scraped ratings data for course: Cloud Operations, Monitoring, Security, and Compliance
[main] INFO testcases.IdentifyCoursesTest - Course Name: Cloud Operations, Monitoring, Security, and Compliance, Version: Live Version 1, Link: https://www.coursera.org/teach/cloud-operations-monitoring-security-and-compliance/Fg2JDa3KEfCE5Qr_xdEn7Q/analytics/ratings?versionId=Fg2JDa3KEfCE5Qr_xdEn7Q, Rating: 5
[main] INFO testcases.IdentifyCoursesTest - Processing course: Designing Hybrid and Multicloud Architectures
[main] INFO pages.AdminCoursesPage - Navigating to Admin Courses page: https://www.coursera.org/admin/ibm-skills-network/home/courses
[main] INFO pages.AdminCoursesPage - Current URL after navigation: https://www.coursera.org/admin/ibm-skills-network/home/courses
[main] INFO pages.AdminCoursesPage - Searched for course: Designing Hybrid and Multicloud Architectures
[main] INFO pages.AdminCoursesPage - Checking page 1 for course: Designing Hybrid and Multicloud Architectures
[main] INFO pages.AdminCoursesPage - Number of course links found on page 1: 1
[main] INFO pages.AdminCoursesPage - Found course link: Title='CMO Optimization FR', Href='https://www.coursera.org/teach/ux-research-and-information-architecture/authoringBranch~lCnCZh0GEfGtGQr_xacGaQ/content/edit'
[main] INFO pages.AdminCoursesPage - Simplified Course Name: 'designinghybridandmulticloudarchitectures', Simplified Href: 'httpswwwcourseraorgteachuxresearchandinformationarchitectureauthoringbranchlcnczh0gefgtgqrxacgaqcontentedit'
[main] INFO pages.AdminCoursesPage - No 'Next' button found. Assuming this is the last page.
[main] WARN pages.AdminCoursesPage - No versions matched for 'Designing Hybrid and Multicloud Architectures' after checking all pages.
[main] INFO pages.AdminCoursesPage - Screenshot saved as final-no-versions-screenshot.png
[main] WARN testcases.IdentifyCoursesTest - No versions found for course: Designing Hybrid and Multicloud Architectures. Check the course name, logs, and screenshots for details.
[main] INFO testcases.IdentifyCoursesTest - Processing course: RAG and Agentic AI Capstone Project
[main] INFO pages.AdminCoursesPage - Navigating to Admin Courses page: https://www.coursera.org/admin/ibm-skills-network/home/courses
[main] INFO pages.AdminCoursesPage - Current URL after navigation: https://www.coursera.org/admin/ibm-skills-network/home/courses
[main] INFO pages.AdminCoursesPage - Searched for course: RAG and Agentic AI Capstone Project
[main] INFO pages.AdminCoursesPage - Checking page 1 for course: RAG and Agentic AI Capstone Project
[main] INFO pages.AdminCoursesPage - Number of course links found on page 1: 6
[main] INFO pages.AdminCoursesPage - Found course link: Title='Version 1', Href='https://www.coursera.org/teach/rag-and-agentic-ai-capstone-project/RWVW8gNnEfGgHhL0Iuu-6Q/content/edit'
[main] INFO pages.AdminCoursesPage - Simplified Course Name: 'ragandagenticaicapstoneproject', Simplified Href: 'httpswwwcourseraorgteachragandagenticaicapstoneprojectrwvw8gnnefgghhl0iuu6qcontentedit'
[main] INFO pages.AdminCoursesPage - Attempting to click course link using Actions...
[main] INFO pages.AdminCoursesPage - Successfully navigated to teach page: https://www.coursera.org/teach/rag-and-agentic-ai-capstone-project/RWVW8gNnEfGgHhL0Iuu-6Q/content/edit
[main] INFO pages.AdminCoursesPage - Navigating to Analytics page...
[main] INFO pages.AdminCoursesPage - Clicked Analytics tab
[main] INFO pages.AdminCoursesPage - Navigating to Ratings section...
[main] INFO pages.AdminCoursesPage - Clicked Ratings section using standard click
[main] INFO pages.AdminCoursesPage - Changing branch merger to Live Version...
[main] INFO pages.AdminCoursesPage - Clicked branch merger dropdown.
[main] INFO pages.AdminCoursesPage - Dropdown options are visible.
[main] INFO pages.AdminCoursesPage - Extracted version number: Version 1
[main] INFO pages.AdminCoursesPage - Clicked Live version option using standard click.
[main] INFO pages.AdminCoursesPage - Successfully changed branch merger to Live Version.
[main] INFO pages.AdminCoursesPage - Scraped rating: 3.7
[main] INFO pages.AdminCoursesPage - No 'Next' button found. Assuming this is the last page.
[main] INFO testcases.IdentifyCoursesTest - Scraped ratings data for course: RAG and Agentic AI Capstone Project
[main] INFO testcases.IdentifyCoursesTest - Course Name: RAG and Agentic AI Capstone Project, Version: Live Version 1, Link: https://www.coursera.org/teach/rag-and-agentic-ai-capstone-project/RWVW8gNnEfGgHhL0Iuu-6Q/analytics/ratings?versionId=RWVW8gNnEfGgHhL0Iuu-6Q, Rating: 3.7
[main] INFO testcases.IdentifyCoursesTest - Processing course: Hybrid Cloud Capstone Project
[main] INFO pages.AdminCoursesPage - Navigating to Admin Courses page: https://www.coursera.org/admin/ibm-skills-network/home/courses
[main] INFO pages.AdminCoursesPage - Current URL after navigation: https://www.coursera.org/admin/ibm-skills-network/home/courses
[main] INFO pages.AdminCoursesPage - Searched for course: Hybrid Cloud Capstone Project
[main] INFO pages.AdminCoursesPage - Checking page 1 for course: Hybrid Cloud Capstone Project
[main] INFO pages.AdminCoursesPage - Number of course links found on page 1: 9
[main] INFO pages.AdminCoursesPage - Found course link: Title='Version 1', Href='https://www.coursera.org/teach/hybrid-cloud-capstone-project/dauG_Nz8EfCNCQr_98rv0Q/content/edit'
[main] INFO pages.AdminCoursesPage - Simplified Course Name: 'hybridcloudcapstoneproject', Simplified Href: 'httpswwwcourseraorgteachhybridcloudcapstoneprojectdaugnz8efcncqr98rv0qcontentedit'
[main] INFO pages.AdminCoursesPage - Attempting to click course link using Actions...
[main] INFO pages.AdminCoursesPage - Successfully navigated to teach page: https://www.coursera.org/teach/hybrid-cloud-capstone-project/dauG_Nz8EfCNCQr_98rv0Q/content/edit
[main] INFO pages.AdminCoursesPage - Navigating to Analytics page...
[main] INFO pages.AdminCoursesPage - Clicked Analytics tab
[main] INFO pages.AdminCoursesPage - Navigating to Ratings section...
[main] INFO pages.AdminCoursesPage - Clicked Ratings section using standard click
[main] INFO pages.AdminCoursesPage - Changing branch merger to Live Version...
[main] INFO pages.AdminCoursesPage - Clicked branch merger dropdown.
[main] INFO pages.AdminCoursesPage - Dropdown options are visible.
[main] INFO pages.AdminCoursesPage - Extracted version number: Version 1
[main] INFO pages.AdminCoursesPage - Clicked Live version option using standard click.
[main] INFO pages.AdminCoursesPage - Successfully changed branch merger to Live Version.
[main] INFO pages.AdminCoursesPage - Scraped rating: 5
[main] INFO pages.AdminCoursesPage - No 'Next' button found. Assuming this is the last page.
[main] INFO testcases.IdentifyCoursesTest - Scraped ratings data for course: Hybrid Cloud Capstone Project
[main] INFO testcases.IdentifyCoursesTest - Course Name: Hybrid Cloud Capstone Project, Version: Live Version 1, Link: https://www.coursera.org/teach/hybrid-cloud-capstone-project/dauG_Nz8EfCNCQr_98rv0Q/analytics/ratings?versionId=dauG_Nz8EfCNCQr_98rv0Q, Rating: 5
[main] INFO pages.AdminCoursesPage - Excel file written successfully to: coursera_course_ratings_sublist_5.xlsx
[main] INFO testcases.IdentifyCoursesTest - Exported sublist 5 to coursera_course_ratings_sublist_5.xlsx
[main] INFO testcases.IdentifyCoursesTest - Test completed successfully.
]]></system-err>
  </testcase>
</testsuite>