<?xml version="1.0" encoding="UTF-8"?>
<testng-results ignored="0" total="1" passed="1" failed="0" skipped="0">
  <reporter-output>
  </reporter-output>
  <suite started-at="2026-04-15T12:34:21 IST" name="Surefire suite" finished-at="2026-04-15T13:23:12 IST" duration-ms="2930995">
    <groups>
    </groups>
    <test started-at="2026-04-15T12:34:21 IST" name="Surefire test" finished-at="2026-04-15T13:23:12 IST" duration-ms="2930995">
      <class name="testcases.IdentifyCoursesTest">
        <test-method is-config="true" signature="setUp()[pri:0, instance:testcases.IdentifyCoursesTest@161b062a]" started-at="2026-04-15T12:34:21 IST" name="setUp" finished-at="2026-04-15T12:34:39 IST" duration-ms="17865" status="PASS">
          <reporter-output>
          </reporter-output>
        </test-method> <!-- setUp -->
        <test-method signature="testScrapeCourseRatings()[pri:0, instance:testcases.IdentifyCoursesTest@161b062a]" started-at="2026-04-15T12:34:39 IST" name="testScrapeCourseRatings" finished-at="2026-04-15T13:23:10 IST" duration-ms="2911120" status="PASS">
          <reporter-output>
          </reporter-output>
        </test-method> <!-- testScrapeCourseRatings -->
        <test-method is-config="true" signature="tearDown()[pri:0, instance:testcases.IdentifyCoursesTest@161b062a]" started-at="2026-04-15T13:23:10 IST" name="tearDown" finished-at="2026-04-15T13:23:12 IST" duration-ms="1993" status="PASS">
          <reporter-output>
          </reporter-output>
        </test-method> <!-- tearDown -->
      </class> <!-- testcases.IdentifyCoursesTest -->
    </test> <!-- Surefire test -->
  </suite> <!-- Surefire suite -->
</testng-results>
